[2026-06-29T10:26:32.336+0000] {processor.py:161} INFO - Started process (PID=172) to work on /opt/airflow/dags/clickstream_etl_dag.py
[2026-06-29T10:26:32.355+0000] {processor.py:830} INFO - Processing file /opt/airflow/dags/clickstream_etl_dag.py for tasks to queue
[2026-06-29T10:26:32.401+0000] {logging_mixin.py:188} INFO - [2026-06-29T10:26:32.391+0000] {dagbag.py:545} INFO - Filling up the DagBag from /opt/airflow/dags/clickstream_etl_dag.py
[2026-06-29T10:26:32.787+0000] {processor.py:840} INFO - DAG(s) 'clickstream_etl_pipeline' retrieved from /opt/airflow/dags/clickstream_etl_dag.py
[2026-06-29T10:26:34.613+0000] {logging_mixin.py:188} INFO - [2026-06-29T10:26:34.610+0000] {override.py:1829} INFO - Created Permission View: can edit on DAG:clickstream_etl_pipeline
[2026-06-29T10:26:34.639+0000] {logging_mixin.py:188} INFO - [2026-06-29T10:26:34.638+0000] {override.py:1829} INFO - Created Permission View: can read on DAG:clickstream_etl_pipeline
[2026-06-29T10:26:34.664+0000] {logging_mixin.py:188} INFO - [2026-06-29T10:26:34.664+0000] {override.py:1829} INFO - Created Permission View: can delete on DAG:clickstream_etl_pipeline
[2026-06-29T10:26:34.667+0000] {logging_mixin.py:188} INFO - [2026-06-29T10:26:34.666+0000] {dag.py:3096} INFO - Sync 1 DAGs
[2026-06-29T10:26:34.799+0000] {logging_mixin.py:188} INFO - [2026-06-29T10:26:34.798+0000] {dag.py:3118} INFO - Creating ORM DAG for clickstream_etl_pipeline
[2026-06-29T10:26:34.891+0000] {logging_mixin.py:188} INFO - [2026-06-29T10:26:34.890+0000] {dag.py:3954} INFO - Setting next_dagrun for clickstream_etl_pipeline to 2026-06-29 10:10:00+00:00, run_after=2026-06-29 10:20:00+00:00
[2026-06-29T10:26:35.057+0000] {processor.py:183} INFO - Processing /opt/airflow/dags/clickstream_etl_dag.py took 2.826 seconds
[2026-06-29T10:27:05.737+0000] {processor.py:161} INFO - Started process (PID=200) to work on /opt/airflow/dags/clickstream_etl_dag.py
[2026-06-29T10:27:05.741+0000] {processor.py:830} INFO - Processing file /opt/airflow/dags/clickstream_etl_dag.py for tasks to queue
[2026-06-29T10:27:05.760+0000] {logging_mixin.py:188} INFO - [2026-06-29T10:27:05.757+0000] {dagbag.py:545} INFO - Filling up the DagBag from /opt/airflow/dags/clickstream_etl_dag.py
[2026-06-29T10:27:05.872+0000] {processor.py:840} INFO - DAG(s) 'clickstream_etl_pipeline' retrieved from /opt/airflow/dags/clickstream_etl_dag.py
[2026-06-29T10:27:06.025+0000] {logging_mixin.py:188} INFO - [2026-06-29T10:27:06.025+0000] {dag.py:3096} INFO - Sync 1 DAGs
[2026-06-29T10:27:06.103+0000] {logging_mixin.py:188} INFO - [2026-06-29T10:27:06.102+0000] {dag.py:3954} INFO - Setting next_dagrun for clickstream_etl_pipeline to 2026-06-29 10:20:00+00:00, run_after=2026-06-29 10:30:00+00:00
[2026-06-29T10:27:06.162+0000] {processor.py:183} INFO - Processing /opt/airflow/dags/clickstream_etl_dag.py took 0.487 seconds
[2026-06-29T10:27:36.864+0000] {processor.py:161} INFO - Started process (PID=205) to work on /opt/airflow/dags/clickstream_etl_dag.py
[2026-06-29T10:27:36.866+0000] {processor.py:830} INFO - Processing file /opt/airflow/dags/clickstream_etl_dag.py for tasks to queue
[2026-06-29T10:27:36.869+0000] {logging_mixin.py:188} INFO - [2026-06-29T10:27:36.868+0000] {dagbag.py:545} INFO - Filling up the DagBag from /opt/airflow/dags/clickstream_etl_dag.py
[2026-06-29T10:27:36.905+0000] {processor.py:840} INFO - DAG(s) 'clickstream_etl_pipeline' retrieved from /opt/airflow/dags/clickstream_etl_dag.py
[2026-06-29T10:27:36.964+0000] {logging_mixin.py:188} INFO - [2026-06-29T10:27:36.963+0000] {dag.py:3096} INFO - Sync 1 DAGs
[2026-06-29T10:27:37.076+0000] {logging_mixin.py:188} INFO - [2026-06-29T10:27:37.075+0000] {dag.py:3954} INFO - Setting next_dagrun for clickstream_etl_pipeline to 2026-06-29 10:20:00+00:00, run_after=2026-06-29 10:30:00+00:00
[2026-06-29T10:27:37.116+0000] {processor.py:183} INFO - Processing /opt/airflow/dags/clickstream_etl_dag.py took 0.260 seconds
[2026-06-29T10:28:08.179+0000] {processor.py:161} INFO - Started process (PID=210) to work on /opt/airflow/dags/clickstream_etl_dag.py
[2026-06-29T10:28:08.182+0000] {processor.py:830} INFO - Processing file /opt/airflow/dags/clickstream_etl_dag.py for tasks to queue
[2026-06-29T10:28:08.186+0000] {logging_mixin.py:188} INFO - [2026-06-29T10:28:08.185+0000] {dagbag.py:545} INFO - Filling up the DagBag from /opt/airflow/dags/clickstream_etl_dag.py
[2026-06-29T10:28:08.233+0000] {processor.py:840} INFO - DAG(s) 'clickstream_etl_pipeline' retrieved from /opt/airflow/dags/clickstream_etl_dag.py
[2026-06-29T10:28:08.281+0000] {logging_mixin.py:188} INFO - [2026-06-29T10:28:08.280+0000] {dag.py:3096} INFO - Sync 1 DAGs
[2026-06-29T10:28:08.326+0000] {logging_mixin.py:188} INFO - [2026-06-29T10:28:08.326+0000] {dag.py:3954} INFO - Setting next_dagrun for clickstream_etl_pipeline to 2026-06-29 10:20:00+00:00, run_after=2026-06-29 10:30:00+00:00
[2026-06-29T10:28:08.356+0000] {processor.py:183} INFO - Processing /opt/airflow/dags/clickstream_etl_dag.py took 0.191 seconds
[2026-06-29T10:28:38.932+0000] {processor.py:161} INFO - Started process (PID=215) to work on /opt/airflow/dags/clickstream_etl_dag.py
[2026-06-29T10:28:38.934+0000] {processor.py:830} INFO - Processing file /opt/airflow/dags/clickstream_etl_dag.py for tasks to queue
[2026-06-29T10:28:38.937+0000] {logging_mixin.py:188} INFO - [2026-06-29T10:28:38.937+0000] {dagbag.py:545} INFO - Filling up the DagBag from /opt/airflow/dags/clickstream_etl_dag.py
[2026-06-29T10:28:38.979+0000] {processor.py:840} INFO - DAG(s) 'clickstream_etl_pipeline' retrieved from /opt/airflow/dags/clickstream_etl_dag.py
[2026-06-29T10:28:39.026+0000] {logging_mixin.py:188} INFO - [2026-06-29T10:28:39.025+0000] {dag.py:3096} INFO - Sync 1 DAGs
[2026-06-29T10:28:39.066+0000] {logging_mixin.py:188} INFO - [2026-06-29T10:28:39.065+0000] {dag.py:3954} INFO - Setting next_dagrun for clickstream_etl_pipeline to 2026-06-29 10:20:00+00:00, run_after=2026-06-29 10:30:00+00:00
[2026-06-29T10:28:39.098+0000] {processor.py:183} INFO - Processing /opt/airflow/dags/clickstream_etl_dag.py took 0.177 seconds
[2026-06-29T10:29:09.884+0000] {processor.py:161} INFO - Started process (PID=222) to work on /opt/airflow/dags/clickstream_etl_dag.py
[2026-06-29T10:29:09.887+0000] {processor.py:830} INFO - Processing file /opt/airflow/dags/clickstream_etl_dag.py for tasks to queue
[2026-06-29T10:29:09.892+0000] {logging_mixin.py:188} INFO - [2026-06-29T10:29:09.891+0000] {dagbag.py:545} INFO - Filling up the DagBag from /opt/airflow/dags/clickstream_etl_dag.py
[2026-06-29T10:29:09.940+0000] {processor.py:840} INFO - DAG(s) 'clickstream_etl_pipeline' retrieved from /opt/airflow/dags/clickstream_etl_dag.py
[2026-06-29T10:29:10.079+0000] {logging_mixin.py:188} INFO - [2026-06-29T10:29:10.079+0000] {dag.py:3096} INFO - Sync 1 DAGs
[2026-06-29T10:29:10.222+0000] {logging_mixin.py:188} INFO - [2026-06-29T10:29:10.220+0000] {dag.py:3954} INFO - Setting next_dagrun for clickstream_etl_pipeline to 2026-06-29 10:20:00+00:00, run_after=2026-06-29 10:30:00+00:00
[2026-06-29T10:29:10.279+0000] {processor.py:183} INFO - Processing /opt/airflow/dags/clickstream_etl_dag.py took 0.409 seconds
[2026-06-29T10:29:40.914+0000] {processor.py:161} INFO - Started process (PID=227) to work on /opt/airflow/dags/clickstream_etl_dag.py
[2026-06-29T10:29:40.919+0000] {processor.py:830} INFO - Processing file /opt/airflow/dags/clickstream_etl_dag.py for tasks to queue
[2026-06-29T10:29:40.929+0000] {logging_mixin.py:188} INFO - [2026-06-29T10:29:40.928+0000] {dagbag.py:545} INFO - Filling up the DagBag from /opt/airflow/dags/clickstream_etl_dag.py
[2026-06-29T10:29:41.065+0000] {processor.py:840} INFO - DAG(s) 'clickstream_etl_pipeline' retrieved from /opt/airflow/dags/clickstream_etl_dag.py
[2026-06-29T10:29:41.194+0000] {logging_mixin.py:188} INFO - [2026-06-29T10:29:41.194+0000] {dag.py:3096} INFO - Sync 1 DAGs
[2026-06-29T10:29:41.308+0000] {logging_mixin.py:188} INFO - [2026-06-29T10:29:41.308+0000] {dag.py:3954} INFO - Setting next_dagrun for clickstream_etl_pipeline to 2026-06-29 10:20:00+00:00, run_after=2026-06-29 10:30:00+00:00
[2026-06-29T10:29:41.366+0000] {processor.py:183} INFO - Processing /opt/airflow/dags/clickstream_etl_dag.py took 0.476 seconds
[2026-06-29T10:30:12.130+0000] {processor.py:161} INFO - Started process (PID=252) to work on /opt/airflow/dags/clickstream_etl_dag.py
[2026-06-29T10:30:12.136+0000] {processor.py:830} INFO - Processing file /opt/airflow/dags/clickstream_etl_dag.py for tasks to queue
[2026-06-29T10:30:12.158+0000] {logging_mixin.py:188} INFO - [2026-06-29T10:30:12.152+0000] {dagbag.py:545} INFO - Filling up the DagBag from /opt/airflow/dags/clickstream_etl_dag.py
[2026-06-29T10:30:12.328+0000] {processor.py:840} INFO - DAG(s) 'clickstream_etl_pipeline' retrieved from /opt/airflow/dags/clickstream_etl_dag.py
[2026-06-29T10:30:12.492+0000] {logging_mixin.py:188} INFO - [2026-06-29T10:30:12.491+0000] {dag.py:3096} INFO - Sync 1 DAGs
[2026-06-29T10:30:12.590+0000] {logging_mixin.py:188} INFO - [2026-06-29T10:30:12.590+0000] {dag.py:3954} INFO - Setting next_dagrun for clickstream_etl_pipeline to 2026-06-29 10:30:00+00:00, run_after=2026-06-29 10:40:00+00:00
[2026-06-29T10:30:12.673+0000] {processor.py:183} INFO - Processing /opt/airflow/dags/clickstream_etl_dag.py took 0.586 seconds
[2026-06-29T10:30:42.924+0000] {processor.py:161} INFO - Started process (PID=257) to work on /opt/airflow/dags/clickstream_etl_dag.py
[2026-06-29T10:30:42.926+0000] {processor.py:830} INFO - Processing file /opt/airflow/dags/clickstream_etl_dag.py for tasks to queue
[2026-06-29T10:30:42.929+0000] {logging_mixin.py:188} INFO - [2026-06-29T10:30:42.928+0000] {dagbag.py:545} INFO - Filling up the DagBag from /opt/airflow/dags/clickstream_etl_dag.py
[2026-06-29T10:30:43.036+0000] {processor.py:840} INFO - DAG(s) 'clickstream_etl_pipeline' retrieved from /opt/airflow/dags/clickstream_etl_dag.py
[2026-06-29T10:30:43.268+0000] {logging_mixin.py:188} INFO - [2026-06-29T10:30:43.268+0000] {dag.py:3096} INFO - Sync 1 DAGs
[2026-06-29T10:30:43.397+0000] {logging_mixin.py:188} INFO - [2026-06-29T10:30:43.396+0000] {dag.py:3954} INFO - Setting next_dagrun for clickstream_etl_pipeline to 2026-06-29 10:30:00+00:00, run_after=2026-06-29 10:40:00+00:00
[2026-06-29T10:30:43.471+0000] {processor.py:183} INFO - Processing /opt/airflow/dags/clickstream_etl_dag.py took 0.559 seconds
[2026-06-29T10:31:14.133+0000] {processor.py:161} INFO - Started process (PID=264) to work on /opt/airflow/dags/clickstream_etl_dag.py
[2026-06-29T10:31:14.134+0000] {processor.py:830} INFO - Processing file /opt/airflow/dags/clickstream_etl_dag.py for tasks to queue
[2026-06-29T10:31:14.137+0000] {logging_mixin.py:188} INFO - [2026-06-29T10:31:14.137+0000] {dagbag.py:545} INFO - Filling up the DagBag from /opt/airflow/dags/clickstream_etl_dag.py
[2026-06-29T10:31:14.182+0000] {processor.py:840} INFO - DAG(s) 'clickstream_etl_pipeline' retrieved from /opt/airflow/dags/clickstream_etl_dag.py
[2026-06-29T10:31:14.248+0000] {logging_mixin.py:188} INFO - [2026-06-29T10:31:14.248+0000] {dag.py:3096} INFO - Sync 1 DAGs
[2026-06-29T10:31:14.282+0000] {logging_mixin.py:188} INFO - [2026-06-29T10:31:14.281+0000] {dag.py:3954} INFO - Setting next_dagrun for clickstream_etl_pipeline to 2026-06-29 10:30:00+00:00, run_after=2026-06-29 10:40:00+00:00
[2026-06-29T10:31:14.345+0000] {processor.py:183} INFO - Processing /opt/airflow/dags/clickstream_etl_dag.py took 0.226 seconds
[2026-06-29T10:31:44.941+0000] {processor.py:161} INFO - Started process (PID=269) to work on /opt/airflow/dags/clickstream_etl_dag.py
[2026-06-29T10:31:44.942+0000] {processor.py:830} INFO - Processing file /opt/airflow/dags/clickstream_etl_dag.py for tasks to queue
[2026-06-29T10:31:44.945+0000] {logging_mixin.py:188} INFO - [2026-06-29T10:31:44.944+0000] {dagbag.py:545} INFO - Filling up the DagBag from /opt/airflow/dags/clickstream_etl_dag.py
[2026-06-29T10:31:45.015+0000] {processor.py:840} INFO - DAG(s) 'clickstream_etl_pipeline' retrieved from /opt/airflow/dags/clickstream_etl_dag.py
[2026-06-29T10:31:45.087+0000] {logging_mixin.py:188} INFO - [2026-06-29T10:31:45.087+0000] {dag.py:3096} INFO - Sync 1 DAGs
[2026-06-29T10:31:45.161+0000] {logging_mixin.py:188} INFO - [2026-06-29T10:31:45.160+0000] {dag.py:3954} INFO - Setting next_dagrun for clickstream_etl_pipeline to 2026-06-29 10:30:00+00:00, run_after=2026-06-29 10:40:00+00:00
[2026-06-29T10:31:45.225+0000] {processor.py:183} INFO - Processing /opt/airflow/dags/clickstream_etl_dag.py took 0.294 seconds
[2026-06-29T10:32:15.526+0000] {processor.py:161} INFO - Started process (PID=274) to work on /opt/airflow/dags/clickstream_etl_dag.py
[2026-06-29T10:32:15.532+0000] {processor.py:830} INFO - Processing file /opt/airflow/dags/clickstream_etl_dag.py for tasks to queue
[2026-06-29T10:32:15.543+0000] {logging_mixin.py:188} INFO - [2026-06-29T10:32:15.542+0000] {dagbag.py:545} INFO - Filling up the DagBag from /opt/airflow/dags/clickstream_etl_dag.py
[2026-06-29T10:32:15.627+0000] {processor.py:840} INFO - DAG(s) 'clickstream_etl_pipeline' retrieved from /opt/airflow/dags/clickstream_etl_dag.py
[2026-06-29T10:32:15.796+0000] {logging_mixin.py:188} INFO - [2026-06-29T10:32:15.795+0000] {dag.py:3096} INFO - Sync 1 DAGs
[2026-06-29T10:32:15.987+0000] {logging_mixin.py:188} INFO - [2026-06-29T10:32:15.982+0000] {dag.py:3954} INFO - Setting next_dagrun for clickstream_etl_pipeline to 2026-06-29 10:30:00+00:00, run_after=2026-06-29 10:40:00+00:00
[2026-06-29T10:32:16.164+0000] {processor.py:183} INFO - Processing /opt/airflow/dags/clickstream_etl_dag.py took 0.669 seconds
[2026-06-29T10:32:47.067+0000] {processor.py:161} INFO - Started process (PID=279) to work on /opt/airflow/dags/clickstream_etl_dag.py
[2026-06-29T10:32:47.070+0000] {processor.py:830} INFO - Processing file /opt/airflow/dags/clickstream_etl_dag.py for tasks to queue
[2026-06-29T10:32:47.076+0000] {logging_mixin.py:188} INFO - [2026-06-29T10:32:47.075+0000] {dagbag.py:545} INFO - Filling up the DagBag from /opt/airflow/dags/clickstream_etl_dag.py
[2026-06-29T10:32:47.141+0000] {processor.py:840} INFO - DAG(s) 'clickstream_etl_pipeline' retrieved from /opt/airflow/dags/clickstream_etl_dag.py
[2026-06-29T10:32:47.177+0000] {logging_mixin.py:188} INFO - [2026-06-29T10:32:47.176+0000] {dag.py:3096} INFO - Sync 1 DAGs
[2026-06-29T10:32:47.256+0000] {logging_mixin.py:188} INFO - [2026-06-29T10:32:47.256+0000] {dag.py:3954} INFO - Setting next_dagrun for clickstream_etl_pipeline to 2026-06-29 10:30:00+00:00, run_after=2026-06-29 10:40:00+00:00
[2026-06-29T10:32:47.328+0000] {processor.py:183} INFO - Processing /opt/airflow/dags/clickstream_etl_dag.py took 0.276 seconds
[2026-06-29T10:33:17.788+0000] {processor.py:161} INFO - Started process (PID=284) to work on /opt/airflow/dags/clickstream_etl_dag.py
[2026-06-29T10:33:17.791+0000] {processor.py:830} INFO - Processing file /opt/airflow/dags/clickstream_etl_dag.py for tasks to queue
[2026-06-29T10:33:17.796+0000] {logging_mixin.py:188} INFO - [2026-06-29T10:33:17.795+0000] {dagbag.py:545} INFO - Filling up the DagBag from /opt/airflow/dags/clickstream_etl_dag.py
[2026-06-29T10:33:17.855+0000] {processor.py:840} INFO - DAG(s) 'clickstream_etl_pipeline' retrieved from /opt/airflow/dags/clickstream_etl_dag.py
[2026-06-29T10:33:18.738+0000] {logging_mixin.py:188} INFO - [2026-06-29T10:33:18.738+0000] {dag.py:3096} INFO - Sync 1 DAGs
[2026-06-29T10:33:18.803+0000] {logging_mixin.py:188} INFO - [2026-06-29T10:33:18.802+0000] {dag.py:3954} INFO - Setting next_dagrun for clickstream_etl_pipeline to 2026-06-29 10:30:00+00:00, run_after=2026-06-29 10:40:00+00:00
[2026-06-29T10:33:18.864+0000] {processor.py:183} INFO - Processing /opt/airflow/dags/clickstream_etl_dag.py took 1.086 seconds
[2026-06-29T10:33:49.486+0000] {processor.py:161} INFO - Started process (PID=289) to work on /opt/airflow/dags/clickstream_etl_dag.py
[2026-06-29T10:33:49.488+0000] {processor.py:830} INFO - Processing file /opt/airflow/dags/clickstream_etl_dag.py for tasks to queue
[2026-06-29T10:33:49.505+0000] {logging_mixin.py:188} INFO - [2026-06-29T10:33:49.502+0000] {dagbag.py:545} INFO - Filling up the DagBag from /opt/airflow/dags/clickstream_etl_dag.py
[2026-06-29T10:33:49.576+0000] {processor.py:840} INFO - DAG(s) 'clickstream_etl_pipeline' retrieved from /opt/airflow/dags/clickstream_etl_dag.py
[2026-06-29T10:33:49.716+0000] {logging_mixin.py:188} INFO - [2026-06-29T10:33:49.715+0000] {dag.py:3096} INFO - Sync 1 DAGs
[2026-06-29T10:33:49.881+0000] {logging_mixin.py:188} INFO - [2026-06-29T10:33:49.881+0000] {dag.py:3954} INFO - Setting next_dagrun for clickstream_etl_pipeline to 2026-06-29 10:30:00+00:00, run_after=2026-06-29 10:40:00+00:00
[2026-06-29T10:33:49.932+0000] {processor.py:183} INFO - Processing /opt/airflow/dags/clickstream_etl_dag.py took 0.455 seconds
[2026-06-29T10:34:20.251+0000] {processor.py:161} INFO - Started process (PID=294) to work on /opt/airflow/dags/clickstream_etl_dag.py
[2026-06-29T10:34:20.253+0000] {processor.py:830} INFO - Processing file /opt/airflow/dags/clickstream_etl_dag.py for tasks to queue
[2026-06-29T10:34:20.257+0000] {logging_mixin.py:188} INFO - [2026-06-29T10:34:20.256+0000] {dagbag.py:545} INFO - Filling up the DagBag from /opt/airflow/dags/clickstream_etl_dag.py
[2026-06-29T10:34:20.306+0000] {processor.py:840} INFO - DAG(s) 'clickstream_etl_pipeline' retrieved from /opt/airflow/dags/clickstream_etl_dag.py
[2026-06-29T10:34:20.371+0000] {logging_mixin.py:188} INFO - [2026-06-29T10:34:20.371+0000] {dag.py:3096} INFO - Sync 1 DAGs
[2026-06-29T10:34:20.435+0000] {logging_mixin.py:188} INFO - [2026-06-29T10:34:20.434+0000] {dag.py:3954} INFO - Setting next_dagrun for clickstream_etl_pipeline to 2026-06-29 10:30:00+00:00, run_after=2026-06-29 10:40:00+00:00
[2026-06-29T10:34:20.471+0000] {processor.py:183} INFO - Processing /opt/airflow/dags/clickstream_etl_dag.py took 0.230 seconds
[2026-06-29T10:34:51.346+0000] {processor.py:161} INFO - Started process (PID=299) to work on /opt/airflow/dags/clickstream_etl_dag.py
[2026-06-29T10:34:51.353+0000] {processor.py:830} INFO - Processing file /opt/airflow/dags/clickstream_etl_dag.py for tasks to queue
[2026-06-29T10:34:51.390+0000] {logging_mixin.py:188} INFO - [2026-06-29T10:34:51.383+0000] {dagbag.py:545} INFO - Filling up the DagBag from /opt/airflow/dags/clickstream_etl_dag.py
[2026-06-29T10:34:51.496+0000] {processor.py:840} INFO - DAG(s) 'clickstream_etl_pipeline' retrieved from /opt/airflow/dags/clickstream_etl_dag.py
[2026-06-29T10:34:51.698+0000] {logging_mixin.py:188} INFO - [2026-06-29T10:34:51.697+0000] {dag.py:3096} INFO - Sync 1 DAGs
[2026-06-29T10:34:51.789+0000] {logging_mixin.py:188} INFO - [2026-06-29T10:34:51.789+0000] {dag.py:3954} INFO - Setting next_dagrun for clickstream_etl_pipeline to 2026-06-29 10:30:00+00:00, run_after=2026-06-29 10:40:00+00:00
[2026-06-29T10:34:51.842+0000] {processor.py:183} INFO - Processing /opt/airflow/dags/clickstream_etl_dag.py took 0.579 seconds
[2026-06-29T10:35:22.666+0000] {processor.py:161} INFO - Started process (PID=304) to work on /opt/airflow/dags/clickstream_etl_dag.py
[2026-06-29T10:35:22.674+0000] {processor.py:830} INFO - Processing file /opt/airflow/dags/clickstream_etl_dag.py for tasks to queue
[2026-06-29T10:35:22.685+0000] {logging_mixin.py:188} INFO - [2026-06-29T10:35:22.683+0000] {dagbag.py:545} INFO - Filling up the DagBag from /opt/airflow/dags/clickstream_etl_dag.py
[2026-06-29T10:35:22.748+0000] {processor.py:840} INFO - DAG(s) 'clickstream_etl_pipeline' retrieved from /opt/airflow/dags/clickstream_etl_dag.py
[2026-06-29T10:35:22.816+0000] {logging_mixin.py:188} INFO - [2026-06-29T10:35:22.815+0000] {dag.py:3096} INFO - Sync 1 DAGs
[2026-06-29T10:35:22.861+0000] {logging_mixin.py:188} INFO - [2026-06-29T10:35:22.860+0000] {dag.py:3954} INFO - Setting next_dagrun for clickstream_etl_pipeline to 2026-06-29 10:30:00+00:00, run_after=2026-06-29 10:40:00+00:00
[2026-06-29T10:35:22.899+0000] {processor.py:183} INFO - Processing /opt/airflow/dags/clickstream_etl_dag.py took 0.256 seconds
[2026-06-29T10:35:53.395+0000] {processor.py:161} INFO - Started process (PID=309) to work on /opt/airflow/dags/clickstream_etl_dag.py
[2026-06-29T10:35:53.409+0000] {processor.py:830} INFO - Processing file /opt/airflow/dags/clickstream_etl_dag.py for tasks to queue
[2026-06-29T10:35:53.439+0000] {logging_mixin.py:188} INFO - [2026-06-29T10:35:53.434+0000] {dagbag.py:545} INFO - Filling up the DagBag from /opt/airflow/dags/clickstream_etl_dag.py
[2026-06-29T10:35:53.555+0000] {processor.py:840} INFO - DAG(s) 'clickstream_etl_pipeline' retrieved from /opt/airflow/dags/clickstream_etl_dag.py
[2026-06-29T10:35:53.824+0000] {logging_mixin.py:188} INFO - [2026-06-29T10:35:53.823+0000] {dag.py:3096} INFO - Sync 1 DAGs
[2026-06-29T10:35:54.013+0000] {logging_mixin.py:188} INFO - [2026-06-29T10:35:54.012+0000] {dag.py:3954} INFO - Setting next_dagrun for clickstream_etl_pipeline to 2026-06-29 10:30:00+00:00, run_after=2026-06-29 10:40:00+00:00
[2026-06-29T10:35:54.091+0000] {processor.py:183} INFO - Processing /opt/airflow/dags/clickstream_etl_dag.py took 0.819 seconds
[2026-06-29T10:36:25.086+0000] {processor.py:161} INFO - Started process (PID=314) to work on /opt/airflow/dags/clickstream_etl_dag.py
[2026-06-29T10:36:25.090+0000] {processor.py:830} INFO - Processing file /opt/airflow/dags/clickstream_etl_dag.py for tasks to queue
[2026-06-29T10:36:25.141+0000] {logging_mixin.py:188} INFO - [2026-06-29T10:36:25.134+0000] {dagbag.py:545} INFO - Filling up the DagBag from /opt/airflow/dags/clickstream_etl_dag.py
[2026-06-29T10:36:25.257+0000] {processor.py:840} INFO - DAG(s) 'clickstream_etl_pipeline' retrieved from /opt/airflow/dags/clickstream_etl_dag.py
[2026-06-29T10:36:25.384+0000] {logging_mixin.py:188} INFO - [2026-06-29T10:36:25.383+0000] {dag.py:3096} INFO - Sync 1 DAGs
[2026-06-29T10:36:25.456+0000] {logging_mixin.py:188} INFO - [2026-06-29T10:36:25.456+0000] {dag.py:3954} INFO - Setting next_dagrun for clickstream_etl_pipeline to 2026-06-29 10:30:00+00:00, run_after=2026-06-29 10:40:00+00:00
[2026-06-29T10:36:25.495+0000] {processor.py:183} INFO - Processing /opt/airflow/dags/clickstream_etl_dag.py took 0.427 seconds
[2026-06-29T10:36:56.048+0000] {processor.py:161} INFO - Started process (PID=340) to work on /opt/airflow/dags/clickstream_etl_dag.py
[2026-06-29T10:36:56.064+0000] {processor.py:830} INFO - Processing file /opt/airflow/dags/clickstream_etl_dag.py for tasks to queue
[2026-06-29T10:36:56.083+0000] {logging_mixin.py:188} INFO - [2026-06-29T10:36:56.080+0000] {dagbag.py:545} INFO - Filling up the DagBag from /opt/airflow/dags/clickstream_etl_dag.py
[2026-06-29T10:36:56.248+0000] {processor.py:840} INFO - DAG(s) 'clickstream_etl_pipeline' retrieved from /opt/airflow/dags/clickstream_etl_dag.py
[2026-06-29T10:36:56.472+0000] {logging_mixin.py:188} INFO - [2026-06-29T10:36:56.470+0000] {dag.py:3096} INFO - Sync 1 DAGs
[2026-06-29T10:36:56.633+0000] {logging_mixin.py:188} INFO - [2026-06-29T10:36:56.633+0000] {dag.py:3954} INFO - Setting next_dagrun for clickstream_etl_pipeline to 2026-06-29 10:30:00+00:00, run_after=2026-06-29 10:40:00+00:00
[2026-06-29T10:36:56.707+0000] {processor.py:183} INFO - Processing /opt/airflow/dags/clickstream_etl_dag.py took 0.796 seconds
[2026-06-29T10:37:27.030+0000] {processor.py:161} INFO - Started process (PID=367) to work on /opt/airflow/dags/clickstream_etl_dag.py
[2026-06-29T10:37:27.032+0000] {processor.py:830} INFO - Processing file /opt/airflow/dags/clickstream_etl_dag.py for tasks to queue
[2026-06-29T10:37:27.041+0000] {logging_mixin.py:188} INFO - [2026-06-29T10:37:27.040+0000] {dagbag.py:545} INFO - Filling up the DagBag from /opt/airflow/dags/clickstream_etl_dag.py
[2026-06-29T10:37:27.138+0000] {processor.py:840} INFO - DAG(s) 'clickstream_etl_pipeline' retrieved from /opt/airflow/dags/clickstream_etl_dag.py
[2026-06-29T10:37:27.547+0000] {logging_mixin.py:188} INFO - [2026-06-29T10:37:27.545+0000] {dag.py:3096} INFO - Sync 1 DAGs
[2026-06-29T10:37:27.817+0000] {logging_mixin.py:188} INFO - [2026-06-29T10:37:27.816+0000] {dag.py:3954} INFO - Setting next_dagrun for clickstream_etl_pipeline to 2026-06-29 10:30:00+00:00, run_after=2026-06-29 10:40:00+00:00
[2026-06-29T10:37:27.962+0000] {processor.py:183} INFO - Processing /opt/airflow/dags/clickstream_etl_dag.py took 0.985 seconds
[2026-06-29T10:37:58.669+0000] {processor.py:161} INFO - Started process (PID=372) to work on /opt/airflow/dags/clickstream_etl_dag.py
[2026-06-29T10:37:58.671+0000] {processor.py:830} INFO - Processing file /opt/airflow/dags/clickstream_etl_dag.py for tasks to queue
[2026-06-29T10:37:58.676+0000] {logging_mixin.py:188} INFO - [2026-06-29T10:37:58.675+0000] {dagbag.py:545} INFO - Filling up the DagBag from /opt/airflow/dags/clickstream_etl_dag.py
[2026-06-29T10:37:58.758+0000] {processor.py:840} INFO - DAG(s) 'clickstream_etl_pipeline' retrieved from /opt/airflow/dags/clickstream_etl_dag.py
[2026-06-29T10:37:58.915+0000] {logging_mixin.py:188} INFO - [2026-06-29T10:37:58.914+0000] {dag.py:3096} INFO - Sync 1 DAGs
[2026-06-29T10:37:59.075+0000] {logging_mixin.py:188} INFO - [2026-06-29T10:37:59.074+0000] {dag.py:3954} INFO - Setting next_dagrun for clickstream_etl_pipeline to 2026-06-29 10:30:00+00:00, run_after=2026-06-29 10:40:00+00:00
[2026-06-29T10:37:59.146+0000] {processor.py:183} INFO - Processing /opt/airflow/dags/clickstream_etl_dag.py took 0.487 seconds
[2026-06-29T10:38:29.412+0000] {processor.py:161} INFO - Started process (PID=377) to work on /opt/airflow/dags/clickstream_etl_dag.py
[2026-06-29T10:38:29.413+0000] {processor.py:830} INFO - Processing file /opt/airflow/dags/clickstream_etl_dag.py for tasks to queue
[2026-06-29T10:38:29.416+0000] {logging_mixin.py:188} INFO - [2026-06-29T10:38:29.415+0000] {dagbag.py:545} INFO - Filling up the DagBag from /opt/airflow/dags/clickstream_etl_dag.py
[2026-06-29T10:38:29.478+0000] {processor.py:840} INFO - DAG(s) 'clickstream_etl_pipeline' retrieved from /opt/airflow/dags/clickstream_etl_dag.py
[2026-06-29T10:38:29.884+0000] {logging_mixin.py:188} INFO - [2026-06-29T10:38:29.884+0000] {dag.py:3096} INFO - Sync 1 DAGs
[2026-06-29T10:38:29.977+0000] {logging_mixin.py:188} INFO - [2026-06-29T10:38:29.976+0000] {dag.py:3954} INFO - Setting next_dagrun for clickstream_etl_pipeline to 2026-06-29 10:30:00+00:00, run_after=2026-06-29 10:40:00+00:00
[2026-06-29T10:38:30.054+0000] {processor.py:183} INFO - Processing /opt/airflow/dags/clickstream_etl_dag.py took 0.652 seconds
[2026-06-29T10:39:00.454+0000] {processor.py:161} INFO - Started process (PID=382) to work on /opt/airflow/dags/clickstream_etl_dag.py
[2026-06-29T10:39:00.458+0000] {processor.py:830} INFO - Processing file /opt/airflow/dags/clickstream_etl_dag.py for tasks to queue
[2026-06-29T10:39:00.470+0000] {logging_mixin.py:188} INFO - [2026-06-29T10:39:00.466+0000] {dagbag.py:545} INFO - Filling up the DagBag from /opt/airflow/dags/clickstream_etl_dag.py
[2026-06-29T10:39:00.643+0000] {processor.py:840} INFO - DAG(s) 'clickstream_etl_pipeline' retrieved from /opt/airflow/dags/clickstream_etl_dag.py
[2026-06-29T10:39:00.822+0000] {logging_mixin.py:188} INFO - [2026-06-29T10:39:00.821+0000] {dag.py:3096} INFO - Sync 1 DAGs
[2026-06-29T10:39:00.922+0000] {logging_mixin.py:188} INFO - [2026-06-29T10:39:00.921+0000] {dag.py:3954} INFO - Setting next_dagrun for clickstream_etl_pipeline to 2026-06-29 10:30:00+00:00, run_after=2026-06-29 10:40:00+00:00
[2026-06-29T10:39:01.040+0000] {processor.py:183} INFO - Processing /opt/airflow/dags/clickstream_etl_dag.py took 0.637 seconds
[2026-06-29T10:39:31.411+0000] {processor.py:161} INFO - Started process (PID=387) to work on /opt/airflow/dags/clickstream_etl_dag.py
[2026-06-29T10:39:31.414+0000] {processor.py:830} INFO - Processing file /opt/airflow/dags/clickstream_etl_dag.py for tasks to queue
[2026-06-29T10:39:31.426+0000] {logging_mixin.py:188} INFO - [2026-06-29T10:39:31.424+0000] {dagbag.py:545} INFO - Filling up the DagBag from /opt/airflow/dags/clickstream_etl_dag.py
[2026-06-29T10:39:31.527+0000] {processor.py:840} INFO - DAG(s) 'clickstream_etl_pipeline' retrieved from /opt/airflow/dags/clickstream_etl_dag.py
[2026-06-29T10:39:31.606+0000] {logging_mixin.py:188} INFO - [2026-06-29T10:39:31.606+0000] {dag.py:3096} INFO - Sync 1 DAGs
[2026-06-29T10:39:31.651+0000] {logging_mixin.py:188} INFO - [2026-06-29T10:39:31.651+0000] {dag.py:3954} INFO - Setting next_dagrun for clickstream_etl_pipeline to 2026-06-29 10:30:00+00:00, run_after=2026-06-29 10:40:00+00:00
[2026-06-29T10:39:31.688+0000] {processor.py:183} INFO - Processing /opt/airflow/dags/clickstream_etl_dag.py took 0.291 seconds
[2026-06-29T10:40:02.118+0000] {processor.py:161} INFO - Started process (PID=394) to work on /opt/airflow/dags/clickstream_etl_dag.py
[2026-06-29T10:40:02.134+0000] {processor.py:830} INFO - Processing file /opt/airflow/dags/clickstream_etl_dag.py for tasks to queue
[2026-06-29T10:40:02.167+0000] {logging_mixin.py:188} INFO - [2026-06-29T10:40:02.163+0000] {dagbag.py:545} INFO - Filling up the DagBag from /opt/airflow/dags/clickstream_etl_dag.py
[2026-06-29T10:40:02.269+0000] {processor.py:840} INFO - DAG(s) 'clickstream_etl_pipeline' retrieved from /opt/airflow/dags/clickstream_etl_dag.py
[2026-06-29T10:40:02.432+0000] {logging_mixin.py:188} INFO - [2026-06-29T10:40:02.431+0000] {dag.py:3096} INFO - Sync 1 DAGs
[2026-06-29T10:40:02.580+0000] {logging_mixin.py:188} INFO - [2026-06-29T10:40:02.579+0000] {dag.py:3954} INFO - Setting next_dagrun for clickstream_etl_pipeline to 2026-06-29 10:40:00+00:00, run_after=2026-06-29 10:50:00+00:00
[2026-06-29T10:40:02.636+0000] {processor.py:183} INFO - Processing /opt/airflow/dags/clickstream_etl_dag.py took 0.588 seconds
[2026-06-29T10:40:33.078+0000] {processor.py:161} INFO - Started process (PID=418) to work on /opt/airflow/dags/clickstream_etl_dag.py
[2026-06-29T10:40:33.081+0000] {processor.py:830} INFO - Processing file /opt/airflow/dags/clickstream_etl_dag.py for tasks to queue
[2026-06-29T10:40:33.090+0000] {logging_mixin.py:188} INFO - [2026-06-29T10:40:33.089+0000] {dagbag.py:545} INFO - Filling up the DagBag from /opt/airflow/dags/clickstream_etl_dag.py
[2026-06-29T10:40:33.555+0000] {processor.py:840} INFO - DAG(s) 'clickstream_etl_pipeline' retrieved from /opt/airflow/dags/clickstream_etl_dag.py
[2026-06-29T10:40:33.674+0000] {logging_mixin.py:188} INFO - [2026-06-29T10:40:33.674+0000] {dag.py:3096} INFO - Sync 1 DAGs
[2026-06-29T10:40:33.740+0000] {logging_mixin.py:188} INFO - [2026-06-29T10:40:33.739+0000] {dag.py:3954} INFO - Setting next_dagrun for clickstream_etl_pipeline to 2026-06-29 10:40:00+00:00, run_after=2026-06-29 10:50:00+00:00
[2026-06-29T10:40:33.778+0000] {processor.py:183} INFO - Processing /opt/airflow/dags/clickstream_etl_dag.py took 0.728 seconds
[2026-06-29T10:41:04.016+0000] {processor.py:161} INFO - Started process (PID=423) to work on /opt/airflow/dags/clickstream_etl_dag.py
[2026-06-29T10:41:04.018+0000] {processor.py:830} INFO - Processing file /opt/airflow/dags/clickstream_etl_dag.py for tasks to queue
[2026-06-29T10:41:04.022+0000] {logging_mixin.py:188} INFO - [2026-06-29T10:41:04.021+0000] {dagbag.py:545} INFO - Filling up the DagBag from /opt/airflow/dags/clickstream_etl_dag.py
[2026-06-29T10:41:04.092+0000] {processor.py:840} INFO - DAG(s) 'clickstream_etl_pipeline' retrieved from /opt/airflow/dags/clickstream_etl_dag.py
[2026-06-29T10:41:04.191+0000] {logging_mixin.py:188} INFO - [2026-06-29T10:41:04.191+0000] {dag.py:3096} INFO - Sync 1 DAGs
[2026-06-29T10:41:04.259+0000] {logging_mixin.py:188} INFO - [2026-06-29T10:41:04.258+0000] {dag.py:3954} INFO - Setting next_dagrun for clickstream_etl_pipeline to 2026-06-29 10:40:00+00:00, run_after=2026-06-29 10:50:00+00:00
[2026-06-29T10:41:04.313+0000] {processor.py:183} INFO - Processing /opt/airflow/dags/clickstream_etl_dag.py took 0.307 seconds
[2026-06-29T10:41:34.874+0000] {processor.py:161} INFO - Started process (PID=428) to work on /opt/airflow/dags/clickstream_etl_dag.py
[2026-06-29T10:41:34.877+0000] {processor.py:830} INFO - Processing file /opt/airflow/dags/clickstream_etl_dag.py for tasks to queue
[2026-06-29T10:41:34.903+0000] {logging_mixin.py:188} INFO - [2026-06-29T10:41:34.900+0000] {dagbag.py:545} INFO - Filling up the DagBag from /opt/airflow/dags/clickstream_etl_dag.py
[2026-06-29T10:41:34.975+0000] {processor.py:840} INFO - DAG(s) 'clickstream_etl_pipeline' retrieved from /opt/airflow/dags/clickstream_etl_dag.py
[2026-06-29T10:41:35.093+0000] {logging_mixin.py:188} INFO - [2026-06-29T10:41:35.092+0000] {dag.py:3096} INFO - Sync 1 DAGs
[2026-06-29T10:41:35.252+0000] {logging_mixin.py:188} INFO - [2026-06-29T10:41:35.251+0000] {dag.py:3954} INFO - Setting next_dagrun for clickstream_etl_pipeline to 2026-06-29 10:40:00+00:00, run_after=2026-06-29 10:50:00+00:00
[2026-06-29T10:41:35.349+0000] {processor.py:183} INFO - Processing /opt/airflow/dags/clickstream_etl_dag.py took 0.540 seconds
[2026-06-29T10:42:05.952+0000] {processor.py:161} INFO - Started process (PID=433) to work on /opt/airflow/dags/clickstream_etl_dag.py
[2026-06-29T10:42:05.960+0000] {processor.py:830} INFO - Processing file /opt/airflow/dags/clickstream_etl_dag.py for tasks to queue
[2026-06-29T10:42:05.967+0000] {logging_mixin.py:188} INFO - [2026-06-29T10:42:05.964+0000] {dagbag.py:545} INFO - Filling up the DagBag from /opt/airflow/dags/clickstream_etl_dag.py
[2026-06-29T10:42:06.068+0000] {processor.py:840} INFO - DAG(s) 'clickstream_etl_pipeline' retrieved from /opt/airflow/dags/clickstream_etl_dag.py
[2026-06-29T10:42:06.151+0000] {logging_mixin.py:188} INFO - [2026-06-29T10:42:06.150+0000] {dag.py:3096} INFO - Sync 1 DAGs
[2026-06-29T10:42:06.191+0000] {logging_mixin.py:188} INFO - [2026-06-29T10:42:06.191+0000] {dag.py:3954} INFO - Setting next_dagrun for clickstream_etl_pipeline to 2026-06-29 10:40:00+00:00, run_after=2026-06-29 10:50:00+00:00
[2026-06-29T10:42:06.233+0000] {processor.py:183} INFO - Processing /opt/airflow/dags/clickstream_etl_dag.py took 0.309 seconds
[2026-06-29T10:42:36.852+0000] {processor.py:161} INFO - Started process (PID=438) to work on /opt/airflow/dags/clickstream_etl_dag.py
[2026-06-29T10:42:36.854+0000] {processor.py:830} INFO - Processing file /opt/airflow/dags/clickstream_etl_dag.py for tasks to queue
[2026-06-29T10:42:36.857+0000] {logging_mixin.py:188} INFO - [2026-06-29T10:42:36.856+0000] {dagbag.py:545} INFO - Filling up the DagBag from /opt/airflow/dags/clickstream_etl_dag.py
[2026-06-29T10:42:36.891+0000] {processor.py:840} INFO - DAG(s) 'clickstream_etl_pipeline' retrieved from /opt/airflow/dags/clickstream_etl_dag.py
[2026-06-29T10:42:36.927+0000] {logging_mixin.py:188} INFO - [2026-06-29T10:42:36.927+0000] {dag.py:3096} INFO - Sync 1 DAGs
[2026-06-29T10:42:37.003+0000] {logging_mixin.py:188} INFO - [2026-06-29T10:42:37.002+0000] {dag.py:3954} INFO - Setting next_dagrun for clickstream_etl_pipeline to 2026-06-29 10:40:00+00:00, run_after=2026-06-29 10:50:00+00:00
[2026-06-29T10:42:37.050+0000] {processor.py:183} INFO - Processing /opt/airflow/dags/clickstream_etl_dag.py took 0.205 seconds
[2026-06-29T10:43:07.476+0000] {processor.py:161} INFO - Started process (PID=443) to work on /opt/airflow/dags/clickstream_etl_dag.py
[2026-06-29T10:43:07.477+0000] {processor.py:830} INFO - Processing file /opt/airflow/dags/clickstream_etl_dag.py for tasks to queue
[2026-06-29T10:43:07.480+0000] {logging_mixin.py:188} INFO - [2026-06-29T10:43:07.479+0000] {dagbag.py:545} INFO - Filling up the DagBag from /opt/airflow/dags/clickstream_etl_dag.py
[2026-06-29T10:43:07.531+0000] {processor.py:840} INFO - DAG(s) 'clickstream_etl_pipeline' retrieved from /opt/airflow/dags/clickstream_etl_dag.py
[2026-06-29T10:43:07.590+0000] {logging_mixin.py:188} INFO - [2026-06-29T10:43:07.589+0000] {dag.py:3096} INFO - Sync 1 DAGs
[2026-06-29T10:43:07.635+0000] {logging_mixin.py:188} INFO - [2026-06-29T10:43:07.635+0000] {dag.py:3954} INFO - Setting next_dagrun for clickstream_etl_pipeline to 2026-06-29 10:40:00+00:00, run_after=2026-06-29 10:50:00+00:00
[2026-06-29T10:43:07.678+0000] {processor.py:183} INFO - Processing /opt/airflow/dags/clickstream_etl_dag.py took 0.212 seconds
[2026-06-29T10:43:38.325+0000] {processor.py:161} INFO - Started process (PID=448) to work on /opt/airflow/dags/clickstream_etl_dag.py
[2026-06-29T10:43:38.327+0000] {processor.py:830} INFO - Processing file /opt/airflow/dags/clickstream_etl_dag.py for tasks to queue
[2026-06-29T10:43:38.335+0000] {logging_mixin.py:188} INFO - [2026-06-29T10:43:38.333+0000] {dagbag.py:545} INFO - Filling up the DagBag from /opt/airflow/dags/clickstream_etl_dag.py
[2026-06-29T10:43:38.401+0000] {processor.py:840} INFO - DAG(s) 'clickstream_etl_pipeline' retrieved from /opt/airflow/dags/clickstream_etl_dag.py
[2026-06-29T10:43:38.532+0000] {logging_mixin.py:188} INFO - [2026-06-29T10:43:38.531+0000] {dag.py:3096} INFO - Sync 1 DAGs
[2026-06-29T10:43:38.632+0000] {logging_mixin.py:188} INFO - [2026-06-29T10:43:38.631+0000] {dag.py:3954} INFO - Setting next_dagrun for clickstream_etl_pipeline to 2026-06-29 10:40:00+00:00, run_after=2026-06-29 10:50:00+00:00
[2026-06-29T10:43:38.670+0000] {processor.py:183} INFO - Processing /opt/airflow/dags/clickstream_etl_dag.py took 0.368 seconds
[2026-06-29T10:44:09.558+0000] {processor.py:161} INFO - Started process (PID=453) to work on /opt/airflow/dags/clickstream_etl_dag.py
[2026-06-29T10:44:09.559+0000] {processor.py:830} INFO - Processing file /opt/airflow/dags/clickstream_etl_dag.py for tasks to queue
[2026-06-29T10:44:09.564+0000] {logging_mixin.py:188} INFO - [2026-06-29T10:44:09.563+0000] {dagbag.py:545} INFO - Filling up the DagBag from /opt/airflow/dags/clickstream_etl_dag.py
[2026-06-29T10:44:09.613+0000] {processor.py:840} INFO - DAG(s) 'clickstream_etl_pipeline' retrieved from /opt/airflow/dags/clickstream_etl_dag.py
[2026-06-29T10:44:09.254+0000] {logging_mixin.py:188} INFO - [2026-06-29T10:44:09.254+0000] {dag.py:3096} INFO - Sync 1 DAGs
[2026-06-29T10:44:09.291+0000] {logging_mixin.py:188} INFO - [2026-06-29T10:44:09.291+0000] {dag.py:3954} INFO - Setting next_dagrun for clickstream_etl_pipeline to 2026-06-29 10:40:00+00:00, run_after=2026-06-29 10:50:00+00:00
[2026-06-29T10:44:09.322+0000] {processor.py:183} INFO - Processing /opt/airflow/dags/clickstream_etl_dag.py took 0.232 seconds
[2026-06-29T10:44:39.823+0000] {processor.py:161} INFO - Started process (PID=458) to work on /opt/airflow/dags/clickstream_etl_dag.py
[2026-06-29T10:44:39.831+0000] {processor.py:830} INFO - Processing file /opt/airflow/dags/clickstream_etl_dag.py for tasks to queue
[2026-06-29T10:44:39.845+0000] {logging_mixin.py:188} INFO - [2026-06-29T10:44:39.842+0000] {dagbag.py:545} INFO - Filling up the DagBag from /opt/airflow/dags/clickstream_etl_dag.py
[2026-06-29T10:44:39.963+0000] {processor.py:840} INFO - DAG(s) 'clickstream_etl_pipeline' retrieved from /opt/airflow/dags/clickstream_etl_dag.py
[2026-06-29T10:44:40.097+0000] {logging_mixin.py:188} INFO - [2026-06-29T10:44:40.096+0000] {dag.py:3096} INFO - Sync 1 DAGs
[2026-06-29T10:44:40.225+0000] {logging_mixin.py:188} INFO - [2026-06-29T10:44:40.224+0000] {dag.py:3954} INFO - Setting next_dagrun for clickstream_etl_pipeline to 2026-06-29 10:40:00+00:00, run_after=2026-06-29 10:50:00+00:00
[2026-06-29T10:44:40.313+0000] {processor.py:183} INFO - Processing /opt/airflow/dags/clickstream_etl_dag.py took 0.525 seconds
[2026-06-29T10:45:10.845+0000] {processor.py:161} INFO - Started process (PID=463) to work on /opt/airflow/dags/clickstream_etl_dag.py
[2026-06-29T10:45:10.847+0000] {processor.py:830} INFO - Processing file /opt/airflow/dags/clickstream_etl_dag.py for tasks to queue
[2026-06-29T10:45:10.855+0000] {logging_mixin.py:188} INFO - [2026-06-29T10:45:10.853+0000] {dagbag.py:545} INFO - Filling up the DagBag from /opt/airflow/dags/clickstream_etl_dag.py
[2026-06-29T10:45:10.935+0000] {processor.py:840} INFO - DAG(s) 'clickstream_etl_pipeline' retrieved from /opt/airflow/dags/clickstream_etl_dag.py
[2026-06-29T10:45:11.040+0000] {logging_mixin.py:188} INFO - [2026-06-29T10:45:11.040+0000] {dag.py:3096} INFO - Sync 1 DAGs
[2026-06-29T10:45:11.091+0000] {logging_mixin.py:188} INFO - [2026-06-29T10:45:11.091+0000] {dag.py:3954} INFO - Setting next_dagrun for clickstream_etl_pipeline to 2026-06-29 10:40:00+00:00, run_after=2026-06-29 10:50:00+00:00
[2026-06-29T10:45:11.120+0000] {processor.py:183} INFO - Processing /opt/airflow/dags/clickstream_etl_dag.py took 0.300 seconds
[2026-06-29T10:45:41.772+0000] {processor.py:161} INFO - Started process (PID=468) to work on /opt/airflow/dags/clickstream_etl_dag.py
[2026-06-29T10:45:41.781+0000] {processor.py:830} INFO - Processing file /opt/airflow/dags/clickstream_etl_dag.py for tasks to queue
[2026-06-29T10:45:41.832+0000] {logging_mixin.py:188} INFO - [2026-06-29T10:45:41.829+0000] {dagbag.py:545} INFO - Filling up the DagBag from /opt/airflow/dags/clickstream_etl_dag.py
[2026-06-29T10:45:42.137+0000] {processor.py:840} INFO - DAG(s) 'clickstream_etl_pipeline' retrieved from /opt/airflow/dags/clickstream_etl_dag.py
[2026-06-29T10:45:42.305+0000] {logging_mixin.py:188} INFO - [2026-06-29T10:45:42.304+0000] {dag.py:3096} INFO - Sync 1 DAGs
[2026-06-29T10:45:42.445+0000] {logging_mixin.py:188} INFO - [2026-06-29T10:45:42.444+0000] {dag.py:3954} INFO - Setting next_dagrun for clickstream_etl_pipeline to 2026-06-29 10:40:00+00:00, run_after=2026-06-29 10:50:00+00:00
[2026-06-29T10:45:42.543+0000] {processor.py:183} INFO - Processing /opt/airflow/dags/clickstream_etl_dag.py took 0.950 seconds
[2026-06-29T10:46:13.248+0000] {processor.py:161} INFO - Started process (PID=473) to work on /opt/airflow/dags/clickstream_etl_dag.py
[2026-06-29T10:46:13.252+0000] {processor.py:830} INFO - Processing file /opt/airflow/dags/clickstream_etl_dag.py for tasks to queue
[2026-06-29T10:46:13.265+0000] {logging_mixin.py:188} INFO - [2026-06-29T10:46:13.264+0000] {dagbag.py:545} INFO - Filling up the DagBag from /opt/airflow/dags/clickstream_etl_dag.py
[2026-06-29T10:46:13.408+0000] {processor.py:840} INFO - DAG(s) 'clickstream_etl_pipeline' retrieved from /opt/airflow/dags/clickstream_etl_dag.py
[2026-06-29T10:46:13.554+0000] {logging_mixin.py:188} INFO - [2026-06-29T10:46:13.553+0000] {dag.py:3096} INFO - Sync 1 DAGs
[2026-06-29T10:46:13.738+0000] {logging_mixin.py:188} INFO - [2026-06-29T10:46:13.738+0000] {dag.py:3954} INFO - Setting next_dagrun for clickstream_etl_pipeline to 2026-06-29 10:40:00+00:00, run_after=2026-06-29 10:50:00+00:00
[2026-06-29T10:46:13.815+0000] {processor.py:183} INFO - Processing /opt/airflow/dags/clickstream_etl_dag.py took 0.585 seconds
[2026-06-29T10:46:43.984+0000] {processor.py:161} INFO - Started process (PID=478) to work on /opt/airflow/dags/clickstream_etl_dag.py
[2026-06-29T10:46:43.986+0000] {processor.py:830} INFO - Processing file /opt/airflow/dags/clickstream_etl_dag.py for tasks to queue
[2026-06-29T10:46:43.996+0000] {logging_mixin.py:188} INFO - [2026-06-29T10:46:43.994+0000] {dagbag.py:545} INFO - Filling up the DagBag from /opt/airflow/dags/clickstream_etl_dag.py
[2026-06-29T10:46:44.076+0000] {processor.py:840} INFO - DAG(s) 'clickstream_etl_pipeline' retrieved from /opt/airflow/dags/clickstream_etl_dag.py
[2026-06-29T10:46:44.202+0000] {logging_mixin.py:188} INFO - [2026-06-29T10:46:44.201+0000] {dag.py:3096} INFO - Sync 1 DAGs
[2026-06-29T10:46:44.289+0000] {logging_mixin.py:188} INFO - [2026-06-29T10:46:44.288+0000] {dag.py:3954} INFO - Setting next_dagrun for clickstream_etl_pipeline to 2026-06-29 10:40:00+00:00, run_after=2026-06-29 10:50:00+00:00
[2026-06-29T10:46:44.355+0000] {processor.py:183} INFO - Processing /opt/airflow/dags/clickstream_etl_dag.py took 0.387 seconds
[2026-06-29T10:47:15.334+0000] {processor.py:161} INFO - Started process (PID=494) to work on /opt/airflow/dags/clickstream_etl_dag.py
[2026-06-29T10:47:15.340+0000] {processor.py:830} INFO - Processing file /opt/airflow/dags/clickstream_etl_dag.py for tasks to queue
[2026-06-29T10:47:15.349+0000] {logging_mixin.py:188} INFO - [2026-06-29T10:47:15.345+0000] {dagbag.py:545} INFO - Filling up the DagBag from /opt/airflow/dags/clickstream_etl_dag.py
[2026-06-29T10:47:15.508+0000] {processor.py:840} INFO - DAG(s) 'clickstream_etl_pipeline' retrieved from /opt/airflow/dags/clickstream_etl_dag.py
[2026-06-29T10:47:15.731+0000] {logging_mixin.py:188} INFO - [2026-06-29T10:47:15.730+0000] {dag.py:3096} INFO - Sync 1 DAGs
[2026-06-29T10:47:16.013+0000] {logging_mixin.py:188} INFO - [2026-06-29T10:47:16.011+0000] {dag.py:3954} INFO - Setting next_dagrun for clickstream_etl_pipeline to 2026-06-29 10:40:00+00:00, run_after=2026-06-29 10:50:00+00:00
[2026-06-29T10:47:16.101+0000] {processor.py:183} INFO - Processing /opt/airflow/dags/clickstream_etl_dag.py took 0.814 seconds
[2026-06-29T10:47:46.582+0000] {processor.py:161} INFO - Started process (PID=499) to work on /opt/airflow/dags/clickstream_etl_dag.py
[2026-06-29T10:47:46.600+0000] {processor.py:830} INFO - Processing file /opt/airflow/dags/clickstream_etl_dag.py for tasks to queue
[2026-06-29T10:47:46.621+0000] {logging_mixin.py:188} INFO - [2026-06-29T10:47:46.619+0000] {dagbag.py:545} INFO - Filling up the DagBag from /opt/airflow/dags/clickstream_etl_dag.py
[2026-06-29T10:47:47.151+0000] {processor.py:840} INFO - DAG(s) 'clickstream_etl_pipeline' retrieved from /opt/airflow/dags/clickstream_etl_dag.py
[2026-06-29T10:47:48.065+0000] {logging_mixin.py:188} INFO - [2026-06-29T10:47:48.063+0000] {dag.py:3096} INFO - Sync 1 DAGs
[2026-06-29T10:47:48.363+0000] {logging_mixin.py:188} INFO - [2026-06-29T10:47:48.361+0000] {dag.py:3954} INFO - Setting next_dagrun for clickstream_etl_pipeline to 2026-06-29 10:40:00+00:00, run_after=2026-06-29 10:50:00+00:00
[2026-06-29T10:47:48.552+0000] {processor.py:183} INFO - Processing /opt/airflow/dags/clickstream_etl_dag.py took 2.055 seconds
[2026-06-29T10:48:19.305+0000] {processor.py:161} INFO - Started process (PID=504) to work on /opt/airflow/dags/clickstream_etl_dag.py
[2026-06-29T10:48:19.306+0000] {processor.py:830} INFO - Processing file /opt/airflow/dags/clickstream_etl_dag.py for tasks to queue
[2026-06-29T10:48:19.313+0000] {logging_mixin.py:188} INFO - [2026-06-29T10:48:19.312+0000] {dagbag.py:545} INFO - Filling up the DagBag from /opt/airflow/dags/clickstream_etl_dag.py
[2026-06-29T10:48:19.406+0000] {processor.py:840} INFO - DAG(s) 'clickstream_etl_pipeline' retrieved from /opt/airflow/dags/clickstream_etl_dag.py
[2026-06-29T10:48:19.467+0000] {logging_mixin.py:188} INFO - [2026-06-29T10:48:19.466+0000] {dag.py:3096} INFO - Sync 1 DAGs
[2026-06-29T10:48:19.506+0000] {logging_mixin.py:188} INFO - [2026-06-29T10:48:19.506+0000] {dag.py:3954} INFO - Setting next_dagrun for clickstream_etl_pipeline to 2026-06-29 10:40:00+00:00, run_after=2026-06-29 10:50:00+00:00
[2026-06-29T10:48:19.540+0000] {processor.py:183} INFO - Processing /opt/airflow/dags/clickstream_etl_dag.py took 0.251 seconds
[2026-06-29T10:48:50.104+0000] {processor.py:161} INFO - Started process (PID=509) to work on /opt/airflow/dags/clickstream_etl_dag.py
[2026-06-29T10:48:50.109+0000] {processor.py:830} INFO - Processing file /opt/airflow/dags/clickstream_etl_dag.py for tasks to queue
[2026-06-29T10:48:50.120+0000] {logging_mixin.py:188} INFO - [2026-06-29T10:48:50.116+0000] {dagbag.py:545} INFO - Filling up the DagBag from /opt/airflow/dags/clickstream_etl_dag.py
[2026-06-29T10:48:50.437+0000] {processor.py:840} INFO - DAG(s) 'clickstream_etl_pipeline' retrieved from /opt/airflow/dags/clickstream_etl_dag.py
[2026-06-29T10:48:50.731+0000] {logging_mixin.py:188} INFO - [2026-06-29T10:48:50.730+0000] {dag.py:3096} INFO - Sync 1 DAGs
[2026-06-29T10:48:50.954+0000] {logging_mixin.py:188} INFO - [2026-06-29T10:48:50.954+0000] {dag.py:3954} INFO - Setting next_dagrun for clickstream_etl_pipeline to 2026-06-29 10:40:00+00:00, run_after=2026-06-29 10:50:00+00:00
[2026-06-29T10:48:51.030+0000] {processor.py:183} INFO - Processing /opt/airflow/dags/clickstream_etl_dag.py took 0.977 seconds
[2026-06-29T10:49:21.853+0000] {processor.py:161} INFO - Started process (PID=515) to work on /opt/airflow/dags/clickstream_etl_dag.py
[2026-06-29T10:49:21.857+0000] {processor.py:830} INFO - Processing file /opt/airflow/dags/clickstream_etl_dag.py for tasks to queue
[2026-06-29T10:49:21.873+0000] {logging_mixin.py:188} INFO - [2026-06-29T10:49:21.869+0000] {dagbag.py:545} INFO - Filling up the DagBag from /opt/airflow/dags/clickstream_etl_dag.py
[2026-06-29T10:49:22.077+0000] {processor.py:840} INFO - DAG(s) 'clickstream_etl_pipeline' retrieved from /opt/airflow/dags/clickstream_etl_dag.py
[2026-06-29T10:49:22.194+0000] {logging_mixin.py:188} INFO - [2026-06-29T10:49:22.193+0000] {dag.py:3096} INFO - Sync 1 DAGs
[2026-06-29T10:49:22.294+0000] {logging_mixin.py:188} INFO - [2026-06-29T10:49:22.294+0000] {dag.py:3954} INFO - Setting next_dagrun for clickstream_etl_pipeline to 2026-06-29 10:40:00+00:00, run_after=2026-06-29 10:50:00+00:00
[2026-06-29T10:49:22.353+0000] {processor.py:183} INFO - Processing /opt/airflow/dags/clickstream_etl_dag.py took 0.551 seconds
[2026-06-29T10:49:52.993+0000] {processor.py:161} INFO - Started process (PID=520) to work on /opt/airflow/dags/clickstream_etl_dag.py
[2026-06-29T10:49:52.995+0000] {processor.py:830} INFO - Processing file /opt/airflow/dags/clickstream_etl_dag.py for tasks to queue
[2026-06-29T10:49:53.004+0000] {logging_mixin.py:188} INFO - [2026-06-29T10:49:53.001+0000] {dagbag.py:545} INFO - Filling up the DagBag from /opt/airflow/dags/clickstream_etl_dag.py
[2026-06-29T10:49:53.072+0000] {processor.py:840} INFO - DAG(s) 'clickstream_etl_pipeline' retrieved from /opt/airflow/dags/clickstream_etl_dag.py
[2026-06-29T10:49:53.153+0000] {logging_mixin.py:188} INFO - [2026-06-29T10:49:53.153+0000] {dag.py:3096} INFO - Sync 1 DAGs
[2026-06-29T10:49:53.196+0000] {logging_mixin.py:188} INFO - [2026-06-29T10:49:53.196+0000] {dag.py:3954} INFO - Setting next_dagrun for clickstream_etl_pipeline to 2026-06-29 10:40:00+00:00, run_after=2026-06-29 10:50:00+00:00
[2026-06-29T10:49:53.248+0000] {processor.py:183} INFO - Processing /opt/airflow/dags/clickstream_etl_dag.py took 0.274 seconds
[2026-06-29T10:50:32.986+0000] {processor.py:161} INFO - Started process (PID=545) to work on /opt/airflow/dags/clickstream_etl_dag.py
[2026-06-29T10:50:33.289+0000] {processor.py:830} INFO - Processing file /opt/airflow/dags/clickstream_etl_dag.py for tasks to queue
[2026-06-29T10:50:33.889+0000] {logging_mixin.py:188} INFO - [2026-06-29T10:50:33.619+0000] {dagbag.py:545} INFO - Filling up the DagBag from /opt/airflow/dags/clickstream_etl_dag.py
[2026-06-29T10:50:34.960+0000] {processor.py:840} INFO - DAG(s) 'clickstream_etl_pipeline' retrieved from /opt/airflow/dags/clickstream_etl_dag.py
[2026-06-29T10:50:50.280+0000] {logging_mixin.py:188} INFO - [2026-06-29T10:50:50.214+0000] {dag.py:3096} INFO - Sync 1 DAGs
[2026-06-29T10:50:52.828+0000] {logging_mixin.py:188} INFO - [2026-06-29T10:50:52.773+0000] {dag.py:3954} INFO - Setting next_dagrun for clickstream_etl_pipeline to 2026-06-29 10:50:00+00:00, run_after=2026-06-29 11:00:00+00:00
[2026-06-29T10:50:53.608+0000] {processor.py:183} INFO - Processing /opt/airflow/dags/clickstream_etl_dag.py took 23.860 seconds
[2026-06-29T10:51:25.755+0000] {processor.py:161} INFO - Started process (PID=551) to work on /opt/airflow/dags/clickstream_etl_dag.py
[2026-06-29T10:51:25.784+0000] {processor.py:830} INFO - Processing file /opt/airflow/dags/clickstream_etl_dag.py for tasks to queue
[2026-06-29T10:51:25.843+0000] {logging_mixin.py:188} INFO - [2026-06-29T10:51:25.812+0000] {dagbag.py:545} INFO - Filling up the DagBag from /opt/airflow/dags/clickstream_etl_dag.py
[2026-06-29T10:51:31.941+0000] {processor.py:840} INFO - DAG(s) 'clickstream_etl_pipeline' retrieved from /opt/airflow/dags/clickstream_etl_dag.py
[2026-06-29T10:52:01.846+0000] {logging_mixin.py:188} INFO - [2026-06-29T10:52:01.809+0000] {dag.py:3096} INFO - Sync 1 DAGs
[2026-06-29T10:52:03.425+0000] {logging_mixin.py:188} INFO - [2026-06-29T10:52:03.374+0000] {dag.py:3954} INFO - Setting next_dagrun for clickstream_etl_pipeline to 2026-06-29 10:50:00+00:00, run_after=2026-06-29 11:00:00+00:00
[2026-06-29T10:52:40.944+0000] {processor.py:161} INFO - Started process (PID=555) to work on /opt/airflow/dags/clickstream_etl_dag.py
[2026-06-29T10:52:40.962+0000] {processor.py:830} INFO - Processing file /opt/airflow/dags/clickstream_etl_dag.py for tasks to queue
[2026-06-29T10:52:41.026+0000] {logging_mixin.py:188} INFO - [2026-06-29T10:52:41.011+0000] {dagbag.py:545} INFO - Filling up the DagBag from /opt/airflow/dags/clickstream_etl_dag.py
[2026-06-29T10:52:41.626+0000] {processor.py:840} INFO - DAG(s) 'clickstream_etl_pipeline' retrieved from /opt/airflow/dags/clickstream_etl_dag.py
[2026-06-29T10:52:43.020+0000] {logging_mixin.py:188} INFO - [2026-06-29T10:52:42.979+0000] {taskinstance.py:2907} ERROR - {'DAG Id': 'clickstream_etl_pipeline', 'Task Id': 'submit_spark_etl_job', 'Run Id': 'scheduled__2026-06-29T10:30:00+00:00', 'Hostname': 'fa8ae8f32dcf'}
[2026-06-29T10:52:43.800+0000] {logging_mixin.py:188} INFO - [2026-06-29T10:52:43.791+0000] {taskinstance.py:1206} INFO - Marking task as UP_FOR_RETRY. dag_id=clickstream_etl_pipeline, task_id=submit_spark_etl_job, run_id=scheduled__2026-06-29T10:30:00+00:00, execution_date=20260629T103000, start_date=20260629T104703, end_date=20260629T105243
[2026-06-29T10:52:44.366+0000] {processor.py:791} INFO - Executed failure callback for <TaskInstance: clickstream_etl_pipeline.submit_spark_etl_job scheduled__2026-06-29T10:30:00+00:00 [up_for_retry]> in state up_for_retry
[2026-06-29T10:52:45.824+0000] {logging_mixin.py:188} INFO - [2026-06-29T10:52:45.803+0000] {dag.py:3096} INFO - Sync 1 DAGs
[2026-06-29T10:52:46.974+0000] {logging_mixin.py:188} INFO - [2026-06-29T10:52:46.956+0000] {dag.py:3954} INFO - Setting next_dagrun for clickstream_etl_pipeline to 2026-06-29 10:50:00+00:00, run_after=2026-06-29 11:00:00+00:00
[2026-06-29T10:52:47.578+0000] {processor.py:183} INFO - Processing /opt/airflow/dags/clickstream_etl_dag.py took 6.859 seconds
[2026-06-29T10:53:18.718+0000] {processor.py:161} INFO - Started process (PID=560) to work on /opt/airflow/dags/clickstream_etl_dag.py
[2026-06-29T10:53:18.738+0000] {processor.py:830} INFO - Processing file /opt/airflow/dags/clickstream_etl_dag.py for tasks to queue
[2026-06-29T10:53:18.827+0000] {logging_mixin.py:188} INFO - [2026-06-29T10:53:18.808+0000] {dagbag.py:545} INFO - Filling up the DagBag from /opt/airflow/dags/clickstream_etl_dag.py
[2026-06-29T10:53:19.282+0000] {processor.py:840} INFO - DAG(s) 'clickstream_etl_pipeline' retrieved from /opt/airflow/dags/clickstream_etl_dag.py
[2026-06-29T10:53:50.263+0000] {logging_mixin.py:188} INFO - [2026-06-29T10:53:50.211+0000] {dag.py:3096} INFO - Sync 1 DAGs
[2026-06-29T10:53:51.154+0000] {logging_mixin.py:188} INFO - [2026-06-29T10:53:51.125+0000] {dag.py:3954} INFO - Setting next_dagrun for clickstream_etl_pipeline to 2026-06-29 10:50:00+00:00, run_after=2026-06-29 11:00:00+00:00
[2026-06-29T10:53:51.755+0000] {processor.py:183} INFO - Processing /opt/airflow/dags/clickstream_etl_dag.py took 33.714 seconds
[2026-06-29T10:54:22.381+0000] {processor.py:161} INFO - Started process (PID=565) to work on /opt/airflow/dags/clickstream_etl_dag.py
[2026-06-29T10:54:22.392+0000] {processor.py:830} INFO - Processing file /opt/airflow/dags/clickstream_etl_dag.py for tasks to queue
[2026-06-29T10:54:22.449+0000] {logging_mixin.py:188} INFO - [2026-06-29T10:54:22.437+0000] {dagbag.py:545} INFO - Filling up the DagBag from /opt/airflow/dags/clickstream_etl_dag.py
[2026-06-29T10:54:25.817+0000] {processor.py:840} INFO - DAG(s) 'clickstream_etl_pipeline' retrieved from /opt/airflow/dags/clickstream_etl_dag.py
[2026-06-29T10:55:11.752+0000] {processor.py:186} ERROR - Got an exception! Propagating...
Traceback (most recent call last):
  File "/home/airflow/.local/lib/python3.12/site-packages/sqlalchemy/engine/base.py", line 3371, in _wrap_pool_connect
    return fn()
           ^^^^
  File "/home/airflow/.local/lib/python3.12/site-packages/sqlalchemy/pool/base.py", line 327, in connect
    return _ConnectionFairy._checkout(self)
           ^^^^^^^^^^^^^^^^^^^^^^^^^^^^^^^^
  File "/home/airflow/.local/lib/python3.12/site-packages/sqlalchemy/pool/base.py", line 894, in _checkout
    fairy = _ConnectionRecord.checkout(pool)
            ^^^^^^^^^^^^^^^^^^^^^^^^^^^^^^^^
  File "/home/airflow/.local/lib/python3.12/site-packages/sqlalchemy/pool/base.py", line 493, in checkout
    rec = pool._do_get()
          ^^^^^^^^^^^^^^
  File "/home/airflow/.local/lib/python3.12/site-packages/sqlalchemy/pool/impl.py", line 145, in _do_get
    with util.safe_reraise():
  File "/home/airflow/.local/lib/python3.12/site-packages/sqlalchemy/util/langhelpers.py", line 70, in __exit__
    compat.raise_(
  File "/home/airflow/.local/lib/python3.12/site-packages/sqlalchemy/util/compat.py", line 211, in raise_
    raise exception
  File "/home/airflow/.local/lib/python3.12/site-packages/sqlalchemy/pool/impl.py", line 143, in _do_get
    return self._create_connection()
           ^^^^^^^^^^^^^^^^^^^^^^^^^
  File "/home/airflow/.local/lib/python3.12/site-packages/sqlalchemy/pool/base.py", line 273, in _create_connection
    return _ConnectionRecord(self)
           ^^^^^^^^^^^^^^^^^^^^^^^
  File "/home/airflow/.local/lib/python3.12/site-packages/sqlalchemy/pool/base.py", line 388, in __init__
    self.__connect()
  File "/home/airflow/.local/lib/python3.12/site-packages/sqlalchemy/pool/base.py", line 690, in __connect
    with util.safe_reraise():
  File "/home/airflow/.local/lib/python3.12/site-packages/sqlalchemy/util/langhelpers.py", line 70, in __exit__
    compat.raise_(
  File "/home/airflow/.local/lib/python3.12/site-packages/sqlalchemy/util/compat.py", line 211, in raise_
    raise exception
  File "/home/airflow/.local/lib/python3.12/site-packages/sqlalchemy/pool/base.py", line 686, in __connect
    self.dbapi_connection = connection = pool._invoke_creator(self)
                                         ^^^^^^^^^^^^^^^^^^^^^^^^^^
  File "/home/airflow/.local/lib/python3.12/site-packages/sqlalchemy/engine/create.py", line 574, in connect
    return dialect.connect(*cargs, **cparams)
           ^^^^^^^^^^^^^^^^^^^^^^^^^^^^^^^^^^
  File "/home/airflow/.local/lib/python3.12/site-packages/sqlalchemy/engine/default.py", line 598, in connect
    return self.dbapi.connect(*cargs, **cparams)
           ^^^^^^^^^^^^^^^^^^^^^^^^^^^^^^^^^^^^^
  File "/home/airflow/.local/lib/python3.12/site-packages/psycopg2/__init__.py", line 122, in connect
    conn = _connect(dsn, connection_factory=connection_factory, **kwasync)
           ^^^^^^^^^^^^^^^^^^^^^^^^^^^^^^^^^^^^^^^^^^^^^^^^^^^^^^^^^^^^^^^
psycopg2.OperationalError: could not translate host name "postgres" to address: Temporary failure in name resolution


The above exception was the direct cause of the following exception:

Traceback (most recent call last):
  File "/home/airflow/.local/lib/python3.12/site-packages/airflow/dag_processing/processor.py", line 182, in _run_file_processor
    _handle_dag_file_processing()
  File "/home/airflow/.local/lib/python3.12/site-packages/airflow/dag_processing/processor.py", line 163, in _handle_dag_file_processing
    result: tuple[int, int] = dag_file_processor.process_file(
                              ^^^^^^^^^^^^^^^^^^^^^^^^^^^^^^^^
  File "/home/airflow/.local/lib/python3.12/site-packages/airflow/utils/session.py", line 79, in wrapper
    return func(*args, session=session, **kwargs)
           ^^^^^^^^^^^^^^^^^^^^^^^^^^^^^^^^^^^^^^
  File "/home/airflow/.local/lib/python3.12/site-packages/airflow/dag_processing/processor.py", line 859, in process_file
    serialize_errors = DagFileProcessor.save_dag_to_db(
                       ^^^^^^^^^^^^^^^^^^^^^^^^^^^^^^^^
  File "/home/airflow/.local/lib/python3.12/site-packages/airflow/api_internal/internal_api_call.py", line 115, in wrapper
    return func(*args, **kwargs)
           ^^^^^^^^^^^^^^^^^^^^^
  File "/home/airflow/.local/lib/python3.12/site-packages/airflow/utils/session.py", line 79, in wrapper
    return func(*args, session=session, **kwargs)
           ^^^^^^^^^^^^^^^^^^^^^^^^^^^^^^^^^^^^^^
  File "/home/airflow/.local/lib/python3.12/site-packages/airflow/dag_processing/processor.py", line 895, in save_dag_to_db
    import_errors = DagBag._sync_to_db(dags=dags, processor_subdir=dag_directory, session=session)
                    ^^^^^^^^^^^^^^^^^^^^^^^^^^^^^^^^^^^^^^^^^^^^^^^^^^^^^^^^^^^^^^^^^^^^^^^^^^^^^^
  File "/home/airflow/.local/lib/python3.12/site-packages/airflow/utils/session.py", line 76, in wrapper
    return func(*args, **kwargs)
           ^^^^^^^^^^^^^^^^^^^^^
  File "/home/airflow/.local/lib/python3.12/site-packages/airflow/models/dagbag.py", line 664, in _sync_to_db
    for attempt in run_with_db_retries(logger=log):
  File "/home/airflow/.local/lib/python3.12/site-packages/tenacity/__init__.py", line 347, in __iter__
    do = self.iter(retry_state=retry_state)
         ^^^^^^^^^^^^^^^^^^^^^^^^^^^^^^^^^^
  File "/home/airflow/.local/lib/python3.12/site-packages/tenacity/__init__.py", line 325, in iter
    raise retry_exc.reraise()
          ^^^^^^^^^^^^^^^^^^^
  File "/home/airflow/.local/lib/python3.12/site-packages/tenacity/__init__.py", line 158, in reraise
    raise self.last_attempt.result()
          ^^^^^^^^^^^^^^^^^^^^^^^^^^
  File "/usr/local/lib/python3.12/concurrent/futures/_base.py", line 449, in result
    return self.__get_result()
           ^^^^^^^^^^^^^^^^^^^
  File "/usr/local/lib/python3.12/concurrent/futures/_base.py", line 401, in __get_result
    raise self._exception
  File "/home/airflow/.local/lib/python3.12/site-packages/airflow/models/dagbag.py", line 677, in _sync_to_db
    _serialize_dag_capturing_errors(dag, session, processor_subdir)
  File "/home/airflow/.local/lib/python3.12/site-packages/airflow/models/dagbag.py", line 642, in _serialize_dag_capturing_errors
    dag_was_updated = SerializedDagModel.write_dag(
                      ^^^^^^^^^^^^^^^^^^^^^^^^^^^^^
  File "/home/airflow/.local/lib/python3.12/site-packages/airflow/utils/session.py", line 76, in wrapper
    return func(*args, **kwargs)
           ^^^^^^^^^^^^^^^^^^^^^
  File "/home/airflow/.local/lib/python3.12/site-packages/airflow/models/serialized_dag.py", line 158, in write_dag
    if session.scalar(
       ^^^^^^^^^^^^^^^
  File "/home/airflow/.local/lib/python3.12/site-packages/sqlalchemy/orm/session.py", line 1747, in scalar
    return self.execute(
           ^^^^^^^^^^^^^
  File "/home/airflow/.local/lib/python3.12/site-packages/sqlalchemy/orm/session.py", line 1716, in execute
    conn = self._connection_for_bind(bind)
           ^^^^^^^^^^^^^^^^^^^^^^^^^^^^^^^
  File "/home/airflow/.local/lib/python3.12/site-packages/sqlalchemy/orm/session.py", line 1555, in _connection_for_bind
    return self._transaction._connection_for_bind(
           ^^^^^^^^^^^^^^^^^^^^^^^^^^^^^^^^^^^^^^^
  File "/home/airflow/.local/lib/python3.12/site-packages/sqlalchemy/orm/session.py", line 750, in _connection_for_bind
    conn = bind.connect()
           ^^^^^^^^^^^^^^
  File "/home/airflow/.local/lib/python3.12/site-packages/sqlalchemy/future/engine.py", line 412, in connect
    return super(Engine, self).connect()
           ^^^^^^^^^^^^^^^^^^^^^^^^^^^^^
  File "/home/airflow/.local/lib/python3.12/site-packages/sqlalchemy/engine/base.py", line 3325, in connect
    return self._connection_cls(self, close_with_result=close_with_result)
           ^^^^^^^^^^^^^^^^^^^^^^^^^^^^^^^^^^^^^^^^^^^^^^^^^^^^^^^^^^^^^^^
  File "/home/airflow/.local/lib/python3.12/site-packages/sqlalchemy/engine/base.py", line 96, in __init__
    else engine.raw_connection()
         ^^^^^^^^^^^^^^^^^^^^^^^
  File "/home/airflow/.local/lib/python3.12/site-packages/sqlalchemy/engine/base.py", line 3404, in raw_connection
    return self._wrap_pool_connect(self.pool.connect, _connection)
           ^^^^^^^^^^^^^^^^^^^^^^^^^^^^^^^^^^^^^^^^^^^^^^^^^^^^^^^
  File "/home/airflow/.local/lib/python3.12/site-packages/sqlalchemy/engine/base.py", line 3374, in _wrap_pool_connect
    Connection._handle_dbapi_exception_noconnection(
  File "/home/airflow/.local/lib/python3.12/site-packages/sqlalchemy/engine/base.py", line 2208, in _handle_dbapi_exception_noconnection
    util.raise_(
  File "/home/airflow/.local/lib/python3.12/site-packages/sqlalchemy/util/compat.py", line 211, in raise_
    raise exception
  File "/home/airflow/.local/lib/python3.12/site-packages/sqlalchemy/engine/base.py", line 3371, in _wrap_pool_connect
    return fn()
           ^^^^
  File "/home/airflow/.local/lib/python3.12/site-packages/sqlalchemy/pool/base.py", line 327, in connect
    return _ConnectionFairy._checkout(self)
           ^^^^^^^^^^^^^^^^^^^^^^^^^^^^^^^^
  File "/home/airflow/.local/lib/python3.12/site-packages/sqlalchemy/pool/base.py", line 894, in _checkout
    fairy = _ConnectionRecord.checkout(pool)
            ^^^^^^^^^^^^^^^^^^^^^^^^^^^^^^^^
  File "/home/airflow/.local/lib/python3.12/site-packages/sqlalchemy/pool/base.py", line 493, in checkout
    rec = pool._do_get()
          ^^^^^^^^^^^^^^
  File "/home/airflow/.local/lib/python3.12/site-packages/sqlalchemy/pool/impl.py", line 145, in _do_get
    with util.safe_reraise():
  File "/home/airflow/.local/lib/python3.12/site-packages/sqlalchemy/util/langhelpers.py", line 70, in __exit__
    compat.raise_(
  File "/home/airflow/.local/lib/python3.12/site-packages/sqlalchemy/util/compat.py", line 211, in raise_
    raise exception
  File "/home/airflow/.local/lib/python3.12/site-packages/sqlalchemy/pool/impl.py", line 143, in _do_get
    return self._create_connection()
           ^^^^^^^^^^^^^^^^^^^^^^^^^
  File "/home/airflow/.local/lib/python3.12/site-packages/sqlalchemy/pool/base.py", line 273, in _create_connection
    return _ConnectionRecord(self)
           ^^^^^^^^^^^^^^^^^^^^^^^
  File "/home/airflow/.local/lib/python3.12/site-packages/sqlalchemy/pool/base.py", line 388, in __init__
    self.__connect()
  File "/home/airflow/.local/lib/python3.12/site-packages/sqlalchemy/pool/base.py", line 690, in __connect
    with util.safe_reraise():
  File "/home/airflow/.local/lib/python3.12/site-packages/sqlalchemy/util/langhelpers.py", line 70, in __exit__
    compat.raise_(
  File "/home/airflow/.local/lib/python3.12/site-packages/sqlalchemy/util/compat.py", line 211, in raise_
    raise exception
  File "/home/airflow/.local/lib/python3.12/site-packages/sqlalchemy/pool/base.py", line 686, in __connect
    self.dbapi_connection = connection = pool._invoke_creator(self)
                                         ^^^^^^^^^^^^^^^^^^^^^^^^^^
  File "/home/airflow/.local/lib/python3.12/site-packages/sqlalchemy/engine/create.py", line 574, in connect
    return dialect.connect(*cargs, **cparams)
           ^^^^^^^^^^^^^^^^^^^^^^^^^^^^^^^^^^
  File "/home/airflow/.local/lib/python3.12/site-packages/sqlalchemy/engine/default.py", line 598, in connect
    return self.dbapi.connect(*cargs, **cparams)
           ^^^^^^^^^^^^^^^^^^^^^^^^^^^^^^^^^^^^^
  File "/home/airflow/.local/lib/python3.12/site-packages/psycopg2/__init__.py", line 122, in connect
    conn = _connect(dsn, connection_factory=connection_factory, **kwasync)
           ^^^^^^^^^^^^^^^^^^^^^^^^^^^^^^^^^^^^^^^^^^^^^^^^^^^^^^^^^^^^^^^
sqlalchemy.exc.OperationalError: (psycopg2.OperationalError) could not translate host name "postgres" to address: Temporary failure in name resolution

(Background on this error at: https://sqlalche.me/e/14/e3q8)
