[2026-06-29T10:26:40.907+0000] {local_task_job_runner.py:120} INFO - ::group::Pre task execution logs
[2026-06-29T10:26:41.058+0000] {taskinstance.py:2076} INFO - Dependencies all met for dep_context=non-requeueable deps ti=<TaskInstance: clickstream_etl_pipeline.run_kafka_producer_batch scheduled__2026-06-29T10:10:00+00:00 [queued]>
[2026-06-29T10:26:41.092+0000] {taskinstance.py:2076} INFO - Dependencies all met for dep_context=requeueable deps ti=<TaskInstance: clickstream_etl_pipeline.run_kafka_producer_batch scheduled__2026-06-29T10:10:00+00:00 [queued]>
[2026-06-29T10:26:41.094+0000] {taskinstance.py:2306} INFO - Starting attempt 1 of 3
[2026-06-29T10:26:41.148+0000] {taskinstance.py:2330} INFO - Executing <Task(BashOperator): run_kafka_producer_batch> on 2026-06-29 10:10:00+00:00
[2026-06-29T10:26:41.201+0000] {standard_task_runner.py:90} INFO - Running: ['airflow', 'tasks', 'run', 'clickstream_etl_pipeline', 'run_kafka_producer_batch', 'scheduled__2026-06-29T10:10:00+00:00', '--job-id', '4', '--raw', '--subdir', 'DAGS_FOLDER/clickstream_etl_dag.py', '--cfg-path', '/tmp/tmpc67a1jg5']
[2026-06-29T10:26:41.208+0000] {standard_task_runner.py:91} INFO - Job 4: Subtask run_kafka_producer_batch
[2026-06-29T10:26:41.227+0000] {logging_mixin.py:188} WARNING - /home/airflow/.local/lib/python3.12/site-packages/airflow/task/task_runner/standard_task_runner.py:61 DeprecationWarning: This process (pid=181) is multi-threaded, use of fork() may lead to deadlocks in the child.
[2026-06-29T10:26:41.230+0000] {standard_task_runner.py:63} INFO - Started process 182 to run task
[2026-06-29T10:26:41.452+0000] {task_command.py:426} INFO - Running <TaskInstance: clickstream_etl_pipeline.run_kafka_producer_batch scheduled__2026-06-29T10:10:00+00:00 [running]> on host fa8ae8f32dcf
[2026-06-29T10:26:42.172+0000] {taskinstance.py:2648} INFO - Exporting env vars: AIRFLOW_CTX_DAG_OWNER='nabha' AIRFLOW_CTX_DAG_ID='clickstream_etl_pipeline' AIRFLOW_CTX_TASK_ID='run_kafka_producer_batch' AIRFLOW_CTX_EXECUTION_DATE='2026-06-29T10:10:00+00:00' AIRFLOW_CTX_TRY_NUMBER='1' AIRFLOW_CTX_DAG_RUN_ID='scheduled__2026-06-29T10:10:00+00:00'
[2026-06-29T10:26:42.182+0000] {taskinstance.py:430} INFO - ::endgroup::
[2026-06-29T10:26:42.247+0000] {subprocess.py:63} INFO - Tmp dir root location: /tmp
[2026-06-29T10:26:42.257+0000] {subprocess.py:75} INFO - Running command: ['/usr/bin/bash', '-c', 'timeout 60 python /opt/airflow/scripts/producer.py || true']
[2026-06-29T10:26:42.337+0000] {subprocess.py:86} INFO - Output:
[2026-06-29T10:26:42.707+0000] {subprocess.py:93} INFO - Traceback (most recent call last):
[2026-06-29T10:26:42.709+0000] {subprocess.py:93} INFO -   File "/opt/airflow/scripts/producer.py", line 1, in <module>
[2026-06-29T10:26:42.712+0000] {subprocess.py:93} INFO -     from kafka import KafkaProducer
[2026-06-29T10:26:42.713+0000] {subprocess.py:93} INFO - ModuleNotFoundError: No module named 'kafka'
[2026-06-29T10:26:42.726+0000] {subprocess.py:97} INFO - Command exited with return code 0
[2026-06-29T10:26:42.729+0000] {taskinstance.py:441} INFO - ::group::Post task execution logs
[2026-06-29T10:26:42.824+0000] {taskinstance.py:1206} INFO - Marking task as SUCCESS. dag_id=clickstream_etl_pipeline, task_id=run_kafka_producer_batch, run_id=scheduled__2026-06-29T10:10:00+00:00, execution_date=20260629T101000, start_date=20260629T102641, end_date=20260629T102642
[2026-06-29T10:26:42.921+0000] {local_task_job_runner.py:240} INFO - Task exited with return code 0
[2026-06-29T10:26:42.999+0000] {taskinstance.py:3498} INFO - 1 downstream tasks scheduled from follow-on schedule check
[2026-06-29T10:26:43.003+0000] {local_task_job_runner.py:222} INFO - ::endgroup::
