[2026-06-29T10:30:04.914+0000] {local_task_job_runner.py:120} INFO - ::group::Pre task execution logs
[2026-06-29T10:30:04.997+0000] {taskinstance.py:2076} INFO - Dependencies all met for dep_context=non-requeueable deps ti=<TaskInstance: clickstream_etl_pipeline.submit_spark_etl_job scheduled__2026-06-29T10:20:00+00:00 [queued]>
[2026-06-29T10:30:05.023+0000] {taskinstance.py:2076} INFO - Dependencies all met for dep_context=requeueable deps ti=<TaskInstance: clickstream_etl_pipeline.submit_spark_etl_job scheduled__2026-06-29T10:20:00+00:00 [queued]>
[2026-06-29T10:30:05.025+0000] {taskinstance.py:2306} INFO - Starting attempt 1 of 3
[2026-06-29T10:30:05.050+0000] {taskinstance.py:2330} INFO - Executing <Task(BashOperator): submit_spark_etl_job> on 2026-06-29 10:20:00+00:00
[2026-06-29T10:30:05.066+0000] {standard_task_runner.py:90} INFO - Running: ['airflow', 'tasks', 'run', 'clickstream_etl_pipeline', 'submit_spark_etl_job', 'scheduled__2026-06-29T10:20:00+00:00', '--job-id', '11', '--raw', '--subdir', 'DAGS_FOLDER/clickstream_etl_dag.py', '--cfg-path', '/tmp/tmp1qqiygjd']
[2026-06-29T10:30:05.071+0000] {standard_task_runner.py:91} INFO - Job 11: Subtask submit_spark_etl_job
[2026-06-29T10:30:05.077+0000] {logging_mixin.py:188} WARNING - /home/airflow/.local/lib/python3.12/site-packages/airflow/task/task_runner/standard_task_runner.py:61 DeprecationWarning: This process (pid=241) is multi-threaded, use of fork() may lead to deadlocks in the child.
[2026-06-29T10:30:05.078+0000] {standard_task_runner.py:63} INFO - Started process 242 to run task
[2026-06-29T10:30:05.177+0000] {task_command.py:426} INFO - Running <TaskInstance: clickstream_etl_pipeline.submit_spark_etl_job scheduled__2026-06-29T10:20:00+00:00 [running]> on host fa8ae8f32dcf
[2026-06-29T10:30:05.319+0000] {taskinstance.py:2648} INFO - Exporting env vars: AIRFLOW_CTX_DAG_OWNER='nabha' AIRFLOW_CTX_DAG_ID='clickstream_etl_pipeline' AIRFLOW_CTX_TASK_ID='submit_spark_etl_job' AIRFLOW_CTX_EXECUTION_DATE='2026-06-29T10:20:00+00:00' AIRFLOW_CTX_TRY_NUMBER='1' AIRFLOW_CTX_DAG_RUN_ID='scheduled__2026-06-29T10:20:00+00:00'
[2026-06-29T10:30:05.321+0000] {taskinstance.py:430} INFO - ::endgroup::
[2026-06-29T10:30:05.337+0000] {subprocess.py:63} INFO - Tmp dir root location: /tmp
[2026-06-29T10:30:05.340+0000] {subprocess.py:75} INFO - Running command: ['/usr/bin/bash', '-c', '\n        docker exec spark-submit /opt/spark/bin/spark-submit             --master local[*]             --jars /opt/spark/extra-jars/spark-sql-kafka-0-10_2.12-3.5.1.jar,/opt/spark/extra-jars/kafka-clients-3.4.1.jar,/opt/spark/extra-jars/spark-token-provider-kafka-0-10_2.12-3.5.1.jar,/opt/spark/extra-jars/commons-pool2-2.11.1.jar,/opt/spark/extra-jars/postgresql-42.6.0.jar             --conf spark.driver.host=spark-submit             --conf spark.driver.bindAddress=0.0.0.0             /opt/spark/work-dir/spark_consumer.py || true\n    ']
[2026-06-29T10:30:05.359+0000] {subprocess.py:86} INFO - Output:
[2026-06-29T10:30:10.101+0000] {subprocess.py:93} INFO - 26/06/29 10:30:10 WARN NativeCodeLoader: Unable to load native-hadoop library for your platform... using builtin-java classes where applicable
[2026-06-29T10:30:12.065+0000] {subprocess.py:93} INFO - 26/06/29 10:30:12 INFO SparkContext: Running Spark version 3.5.1
[2026-06-29T10:30:12.067+0000] {subprocess.py:93} INFO - 26/06/29 10:30:12 INFO SparkContext: OS info Linux, 6.6.87.2-microsoft-standard-WSL2, amd64
[2026-06-29T10:30:12.068+0000] {subprocess.py:93} INFO - 26/06/29 10:30:12 INFO SparkContext: Java version 11.0.22
[2026-06-29T10:30:12.216+0000] {subprocess.py:93} INFO - 26/06/29 10:30:12 INFO ResourceUtils: ==============================================================
[2026-06-29T10:30:12.218+0000] {subprocess.py:93} INFO - 26/06/29 10:30:12 INFO ResourceUtils: No custom resources configured for spark.driver.
[2026-06-29T10:30:12.220+0000] {subprocess.py:93} INFO - 26/06/29 10:30:12 INFO ResourceUtils: ==============================================================
[2026-06-29T10:30:12.222+0000] {subprocess.py:93} INFO - 26/06/29 10:30:12 INFO SparkContext: Submitted application: EcommerceClickstream
[2026-06-29T10:30:12.333+0000] {subprocess.py:93} INFO - 26/06/29 10:30:12 INFO ResourceProfile: Default ResourceProfile created, executor resources: Map(cores -> name: cores, amount: 1, script: , vendor: , memory -> name: memory, amount: 1024, script: , vendor: , offHeap -> name: offHeap, amount: 0, script: , vendor: ), task resources: Map(cpus -> name: cpus, amount: 1.0)
[2026-06-29T10:30:12.356+0000] {subprocess.py:93} INFO - 26/06/29 10:30:12 INFO ResourceProfile: Limiting resource is cpu
[2026-06-29T10:30:12.358+0000] {subprocess.py:93} INFO - 26/06/29 10:30:12 INFO ResourceProfileManager: Added ResourceProfile id: 0
[2026-06-29T10:30:12.518+0000] {subprocess.py:93} INFO - 26/06/29 10:30:12 INFO SecurityManager: Changing view acls to: spark
[2026-06-29T10:30:12.519+0000] {subprocess.py:93} INFO - 26/06/29 10:30:12 INFO SecurityManager: Changing modify acls to: spark
[2026-06-29T10:30:12.520+0000] {subprocess.py:93} INFO - 26/06/29 10:30:12 INFO SecurityManager: Changing view acls groups to:
[2026-06-29T10:30:12.521+0000] {subprocess.py:93} INFO - 26/06/29 10:30:12 INFO SecurityManager: Changing modify acls groups to:
[2026-06-29T10:30:12.522+0000] {subprocess.py:93} INFO - 26/06/29 10:30:12 INFO SecurityManager: SecurityManager: authentication disabled; ui acls disabled; users with view permissions: spark; groups with view permissions: EMPTY; users with modify permissions: spark; groups with modify permissions: EMPTY
[2026-06-29T10:30:12.851+0000] {subprocess.py:93} INFO - 26/06/29 10:30:12 INFO Utils: Successfully started service 'sparkDriver' on port 33113.
[2026-06-29T10:30:12.914+0000] {subprocess.py:93} INFO - 26/06/29 10:30:12 INFO SparkEnv: Registering MapOutputTracker
[2026-06-29T10:30:12.981+0000] {subprocess.py:93} INFO - 26/06/29 10:30:12 INFO SparkEnv: Registering BlockManagerMaster
[2026-06-29T10:30:13.014+0000] {subprocess.py:93} INFO - 26/06/29 10:30:13 INFO BlockManagerMasterEndpoint: Using org.apache.spark.storage.DefaultTopologyMapper for getting topology information
[2026-06-29T10:30:13.015+0000] {subprocess.py:93} INFO - 26/06/29 10:30:13 INFO BlockManagerMasterEndpoint: BlockManagerMasterEndpoint up
[2026-06-29T10:30:13.024+0000] {subprocess.py:93} INFO - 26/06/29 10:30:13 INFO SparkEnv: Registering BlockManagerMasterHeartbeat
[2026-06-29T10:30:13.067+0000] {subprocess.py:93} INFO - 26/06/29 10:30:13 INFO DiskBlockManager: Created local directory at /tmp/blockmgr-302aa108-a6d4-48e2-99c2-baa315fc4355
[2026-06-29T10:30:13.108+0000] {subprocess.py:93} INFO - 26/06/29 10:30:13 INFO MemoryStore: MemoryStore started with capacity 434.4 MiB
[2026-06-29T10:30:13.157+0000] {subprocess.py:93} INFO - 26/06/29 10:30:13 INFO SparkEnv: Registering OutputCommitCoordinator
[2026-06-29T10:30:13.598+0000] {subprocess.py:93} INFO - 26/06/29 10:30:13 INFO JettyUtils: Start Jetty 0.0.0.0:4040 for SparkUI
[2026-06-29T10:30:13.805+0000] {subprocess.py:93} INFO - 26/06/29 10:30:13 WARN Utils: Service 'SparkUI' could not bind on port 4040. Attempting port 4041.
[2026-06-29T10:30:13.846+0000] {subprocess.py:93} INFO - 26/06/29 10:30:13 INFO Utils: Successfully started service 'SparkUI' on port 4041.
[2026-06-29T10:30:13.988+0000] {subprocess.py:93} INFO - 26/06/29 10:30:13 INFO SparkContext: Added JAR file:///opt/spark/extra-jars/spark-sql-kafka-0-10_2.12-3.5.1.jar at spark://spark-submit:33113/jars/spark-sql-kafka-0-10_2.12-3.5.1.jar with timestamp 1782729012031
[2026-06-29T10:30:13.994+0000] {subprocess.py:93} INFO - 26/06/29 10:30:13 INFO SparkContext: Added JAR file:///opt/spark/extra-jars/kafka-clients-3.4.1.jar at spark://spark-submit:33113/jars/kafka-clients-3.4.1.jar with timestamp 1782729012031
[2026-06-29T10:30:13.998+0000] {subprocess.py:93} INFO - 26/06/29 10:30:13 INFO SparkContext: Added JAR file:///opt/spark/extra-jars/spark-token-provider-kafka-0-10_2.12-3.5.1.jar at spark://spark-submit:33113/jars/spark-token-provider-kafka-0-10_2.12-3.5.1.jar with timestamp 1782729012031
[2026-06-29T10:30:14.000+0000] {subprocess.py:93} INFO - 26/06/29 10:30:13 INFO SparkContext: Added JAR file:///opt/spark/extra-jars/commons-pool2-2.11.1.jar at spark://spark-submit:33113/jars/commons-pool2-2.11.1.jar with timestamp 1782729012031
[2026-06-29T10:30:14.005+0000] {subprocess.py:93} INFO - 26/06/29 10:30:14 INFO SparkContext: Added JAR file:///opt/spark/extra-jars/postgresql-42.6.0.jar at spark://spark-submit:33113/jars/postgresql-42.6.0.jar with timestamp 1782729012031
[2026-06-29T10:30:14.297+0000] {subprocess.py:93} INFO - 26/06/29 10:30:14 INFO Executor: Starting executor ID driver on host 82f460df2328
[2026-06-29T10:30:14.299+0000] {subprocess.py:93} INFO - 26/06/29 10:30:14 INFO Executor: OS info Linux, 6.6.87.2-microsoft-standard-WSL2, amd64
[2026-06-29T10:30:14.301+0000] {subprocess.py:93} INFO - 26/06/29 10:30:14 INFO Executor: Java version 11.0.22
[2026-06-29T10:30:14.327+0000] {subprocess.py:93} INFO - 26/06/29 10:30:14 INFO Executor: Starting executor with user classpath (userClassPathFirst = false): ''
[2026-06-29T10:30:14.328+0000] {subprocess.py:93} INFO - 26/06/29 10:30:14 INFO Executor: Created or updated repl class loader org.apache.spark.util.MutableURLClassLoader@1a4e966a for default.
[2026-06-29T10:30:14.397+0000] {subprocess.py:93} INFO - 26/06/29 10:30:14 INFO Executor: Fetching spark://spark-submit:33113/jars/spark-token-provider-kafka-0-10_2.12-3.5.1.jar with timestamp 1782729012031
[2026-06-29T10:30:14.622+0000] {subprocess.py:93} INFO - 26/06/29 10:30:14 INFO TransportClientFactory: Successfully created connection to spark-submit/172.18.0.5:33113 after 110 ms (0 ms spent in bootstraps)
[2026-06-29T10:30:14.641+0000] {subprocess.py:93} INFO - 26/06/29 10:30:14 INFO Utils: Fetching spark://spark-submit:33113/jars/spark-token-provider-kafka-0-10_2.12-3.5.1.jar to /tmp/spark-b224968f-2f2a-4a2f-8dd4-683a8fe51c96/userFiles-71d87e99-f963-4b50-a41e-42f46b14ce2d/fetchFileTemp17442311338643126480.tmp
[2026-06-29T10:30:14.854+0000] {subprocess.py:93} INFO - 26/06/29 10:30:14 INFO Executor: Adding file:/tmp/spark-b224968f-2f2a-4a2f-8dd4-683a8fe51c96/userFiles-71d87e99-f963-4b50-a41e-42f46b14ce2d/spark-token-provider-kafka-0-10_2.12-3.5.1.jar to class loader default
[2026-06-29T10:30:14.855+0000] {subprocess.py:93} INFO - 26/06/29 10:30:14 INFO Executor: Fetching spark://spark-submit:33113/jars/kafka-clients-3.4.1.jar with timestamp 1782729012031
[2026-06-29T10:30:14.856+0000] {subprocess.py:93} INFO - 26/06/29 10:30:14 INFO Utils: Fetching spark://spark-submit:33113/jars/kafka-clients-3.4.1.jar to /tmp/spark-b224968f-2f2a-4a2f-8dd4-683a8fe51c96/userFiles-71d87e99-f963-4b50-a41e-42f46b14ce2d/fetchFileTemp3277896793162975747.tmp
[2026-06-29T10:30:15.040+0000] {subprocess.py:93} INFO - 26/06/29 10:30:15 INFO Executor: Adding file:/tmp/spark-b224968f-2f2a-4a2f-8dd4-683a8fe51c96/userFiles-71d87e99-f963-4b50-a41e-42f46b14ce2d/kafka-clients-3.4.1.jar to class loader default
[2026-06-29T10:30:15.041+0000] {subprocess.py:93} INFO - 26/06/29 10:30:15 INFO Executor: Fetching spark://spark-submit:33113/jars/commons-pool2-2.11.1.jar with timestamp 1782729012031
[2026-06-29T10:30:15.042+0000] {subprocess.py:93} INFO - 26/06/29 10:30:15 INFO Utils: Fetching spark://spark-submit:33113/jars/commons-pool2-2.11.1.jar to /tmp/spark-b224968f-2f2a-4a2f-8dd4-683a8fe51c96/userFiles-71d87e99-f963-4b50-a41e-42f46b14ce2d/fetchFileTemp5663435581701869227.tmp
[2026-06-29T10:30:15.059+0000] {subprocess.py:93} INFO - 26/06/29 10:30:15 INFO Executor: Adding file:/tmp/spark-b224968f-2f2a-4a2f-8dd4-683a8fe51c96/userFiles-71d87e99-f963-4b50-a41e-42f46b14ce2d/commons-pool2-2.11.1.jar to class loader default
[2026-06-29T10:30:15.061+0000] {subprocess.py:93} INFO - 26/06/29 10:30:15 INFO Executor: Fetching spark://spark-submit:33113/jars/spark-sql-kafka-0-10_2.12-3.5.1.jar with timestamp 1782729012031
[2026-06-29T10:30:15.061+0000] {subprocess.py:93} INFO - 26/06/29 10:30:15 INFO Utils: Fetching spark://spark-submit:33113/jars/spark-sql-kafka-0-10_2.12-3.5.1.jar to /tmp/spark-b224968f-2f2a-4a2f-8dd4-683a8fe51c96/userFiles-71d87e99-f963-4b50-a41e-42f46b14ce2d/fetchFileTemp380808356394916215.tmp
[2026-06-29T10:30:15.083+0000] {subprocess.py:93} INFO - 26/06/29 10:30:15 INFO Executor: Adding file:/tmp/spark-b224968f-2f2a-4a2f-8dd4-683a8fe51c96/userFiles-71d87e99-f963-4b50-a41e-42f46b14ce2d/spark-sql-kafka-0-10_2.12-3.5.1.jar to class loader default
[2026-06-29T10:30:15.084+0000] {subprocess.py:93} INFO - 26/06/29 10:30:15 INFO Executor: Fetching spark://spark-submit:33113/jars/postgresql-42.6.0.jar with timestamp 1782729012031
[2026-06-29T10:30:15.085+0000] {subprocess.py:93} INFO - 26/06/29 10:30:15 INFO Utils: Fetching spark://spark-submit:33113/jars/postgresql-42.6.0.jar to /tmp/spark-b224968f-2f2a-4a2f-8dd4-683a8fe51c96/userFiles-71d87e99-f963-4b50-a41e-42f46b14ce2d/fetchFileTemp13224267589086922993.tmp
[2026-06-29T10:30:15.126+0000] {subprocess.py:93} INFO - 26/06/29 10:30:15 INFO Executor: Adding file:/tmp/spark-b224968f-2f2a-4a2f-8dd4-683a8fe51c96/userFiles-71d87e99-f963-4b50-a41e-42f46b14ce2d/postgresql-42.6.0.jar to class loader default
[2026-06-29T10:30:15.151+0000] {subprocess.py:93} INFO - 26/06/29 10:30:15 INFO Utils: Successfully started service 'org.apache.spark.network.netty.NettyBlockTransferService' on port 38327.
[2026-06-29T10:30:15.155+0000] {subprocess.py:93} INFO - 26/06/29 10:30:15 INFO NettyBlockTransferService: Server created on spark-submit 0.0.0.0:38327
[2026-06-29T10:30:15.160+0000] {subprocess.py:93} INFO - 26/06/29 10:30:15 INFO BlockManager: Using org.apache.spark.storage.RandomBlockReplicationPolicy for block replication policy
[2026-06-29T10:30:15.234+0000] {subprocess.py:93} INFO - 26/06/29 10:30:15 INFO BlockManagerMaster: Registering BlockManager BlockManagerId(driver, spark-submit, 38327, None)
[2026-06-29T10:30:15.244+0000] {subprocess.py:93} INFO - 26/06/29 10:30:15 INFO BlockManagerMasterEndpoint: Registering block manager spark-submit:38327 with 434.4 MiB RAM, BlockManagerId(driver, spark-submit, 38327, None)
[2026-06-29T10:30:15.252+0000] {subprocess.py:93} INFO - 26/06/29 10:30:15 INFO BlockManagerMaster: Registered BlockManager BlockManagerId(driver, spark-submit, 38327, None)
[2026-06-29T10:30:15.256+0000] {subprocess.py:93} INFO - 26/06/29 10:30:15 INFO BlockManager: Initialized BlockManager: BlockManagerId(driver, spark-submit, 38327, None)
[2026-06-29T10:30:16.612+0000] {subprocess.py:93} INFO - ✅ SparkSession created!
[2026-06-29T10:30:20.886+0000] {subprocess.py:93} INFO - ✅ Streaming started! Writing to PostgreSQL...
[2026-06-29T10:30:29.068+0000] {subprocess.py:93} INFO - 📦 Writing batch 1 with 4 rows to PostgreSQL...
[2026-06-29T10:30:32.280+0000] {subprocess.py:93} INFO - ✅ Batch 1 written successfully!
[2026-06-29T10:30:33.899+0000] {subprocess.py:93} INFO - 📦 Writing batch 2 with 6 rows to PostgreSQL...
[2026-06-29T10:30:34.261+0000] {subprocess.py:93} INFO - ✅ Batch 2 written successfully!
[2026-06-29T10:30:36.377+0000] {subprocess.py:93} INFO - 📦 Writing batch 3 with 2 rows to PostgreSQL...
[2026-06-29T10:30:37.203+0000] {subprocess.py:93} INFO - ✅ Batch 3 written successfully!
[2026-06-29T10:30:41.283+0000] {subprocess.py:93} INFO - 📦 Writing batch 4 with 5 rows to PostgreSQL...
[2026-06-29T10:30:42.102+0000] {subprocess.py:93} INFO - ✅ Batch 4 written successfully!
[2026-06-29T10:30:46.330+0000] {subprocess.py:93} INFO - 📦 Writing batch 5 with 5 rows to PostgreSQL...
[2026-06-29T10:30:46.699+0000] {subprocess.py:93} INFO - ✅ Batch 5 written successfully!
[2026-06-29T10:30:51.376+0000] {subprocess.py:93} INFO - 📦 Writing batch 6 with 5 rows to PostgreSQL...
[2026-06-29T10:30:51.814+0000] {subprocess.py:93} INFO - ✅ Batch 6 written successfully!
[2026-06-29T10:30:55.956+0000] {subprocess.py:93} INFO - 📦 Writing batch 7 with 5 rows to PostgreSQL...
[2026-06-29T10:30:56.849+0000] {subprocess.py:93} INFO - ✅ Batch 7 written successfully!
[2026-06-29T10:31:01.203+0000] {subprocess.py:93} INFO - 📦 Writing batch 8 with 5 rows to PostgreSQL...
[2026-06-29T10:31:01.451+0000] {subprocess.py:93} INFO - ✅ Batch 8 written successfully!
[2026-06-29T10:31:06.244+0000] {subprocess.py:93} INFO - 📦 Writing batch 9 with 5 rows to PostgreSQL...
[2026-06-29T10:31:06.575+0000] {subprocess.py:93} INFO - ✅ Batch 9 written successfully!
[2026-06-29T10:31:11.349+0000] {subprocess.py:93} INFO - 📦 Writing batch 10 with 5 rows to PostgreSQL...
[2026-06-29T10:31:11.728+0000] {subprocess.py:93} INFO - ✅ Batch 10 written successfully!
[2026-06-29T10:31:16.460+0000] {subprocess.py:93} INFO - 📦 Writing batch 11 with 5 rows to PostgreSQL...
[2026-06-29T10:31:16.853+0000] {subprocess.py:93} INFO - ✅ Batch 11 written successfully!
[2026-06-29T10:31:21.522+0000] {subprocess.py:93} INFO - 📦 Writing batch 12 with 5 rows to PostgreSQL...
[2026-06-29T10:31:21.987+0000] {subprocess.py:93} INFO - ✅ Batch 12 written successfully!
[2026-06-29T10:31:26.232+0000] {subprocess.py:93} INFO - 📦 Writing batch 13 with 5 rows to PostgreSQL...
[2026-06-29T10:31:26.549+0000] {subprocess.py:93} INFO - ✅ Batch 13 written successfully!
[2026-06-29T10:31:31.231+0000] {subprocess.py:93} INFO - 📦 Writing batch 14 with 5 rows to PostgreSQL...
[2026-06-29T10:31:31.641+0000] {subprocess.py:93} INFO - ✅ Batch 14 written successfully!
[2026-06-29T10:31:36.386+0000] {subprocess.py:93} INFO - 📦 Writing batch 15 with 5 rows to PostgreSQL...
[2026-06-29T10:31:36.796+0000] {subprocess.py:93} INFO - ✅ Batch 15 written successfully!
[2026-06-29T10:31:40.857+0000] {subprocess.py:93} INFO - 📦 Writing batch 16 with 5 rows to PostgreSQL...
[2026-06-29T10:31:41.532+0000] {subprocess.py:93} INFO - ✅ Batch 16 written successfully!
[2026-06-29T10:31:45.999+0000] {subprocess.py:93} INFO - 📦 Writing batch 17 with 5 rows to PostgreSQL...
[2026-06-29T10:31:46.702+0000] {subprocess.py:93} INFO - ✅ Batch 17 written successfully!
[2026-06-29T10:31:51.116+0000] {subprocess.py:93} INFO - 📦 Writing batch 18 with 4 rows to PostgreSQL...
[2026-06-29T10:31:51.865+0000] {subprocess.py:93} INFO - ✅ Batch 18 written successfully!
[2026-06-29T10:31:56.361+0000] {subprocess.py:93} INFO - 📦 Writing batch 19 with 6 rows to PostgreSQL...
[2026-06-29T10:31:56.823+0000] {subprocess.py:93} INFO - ✅ Batch 19 written successfully!
[2026-06-29T10:32:01.431+0000] {subprocess.py:93} INFO - 📦 Writing batch 20 with 5 rows to PostgreSQL...
[2026-06-29T10:32:01.919+0000] {subprocess.py:93} INFO - ✅ Batch 20 written successfully!
[2026-06-29T10:32:06.764+0000] {subprocess.py:93} INFO - 📦 Writing batch 21 with 5 rows to PostgreSQL...
[2026-06-29T10:32:06.990+0000] {subprocess.py:93} INFO - ✅ Batch 21 written successfully!
[2026-06-29T10:32:12.607+0000] {subprocess.py:93} INFO - 📦 Writing batch 22 with 4 rows to PostgreSQL...
[2026-06-29T10:32:12.961+0000] {subprocess.py:93} INFO - ✅ Batch 22 written successfully!
[2026-06-29T10:32:16.142+0000] {subprocess.py:93} INFO - 📦 Writing batch 23 with 5 rows to PostgreSQL...
[2026-06-29T10:32:17.074+0000] {subprocess.py:93} INFO - ✅ Batch 23 written successfully!
[2026-06-29T10:32:21.162+0000] {subprocess.py:93} INFO - 📦 Writing batch 24 with 4 rows to PostgreSQL...
[2026-06-29T10:32:21.871+0000] {subprocess.py:93} INFO - ✅ Batch 24 written successfully!
[2026-06-29T10:32:26.461+0000] {subprocess.py:93} INFO - 📦 Writing batch 25 with 6 rows to PostgreSQL...
[2026-06-29T10:32:26.889+0000] {subprocess.py:93} INFO - ✅ Batch 25 written successfully!
[2026-06-29T10:32:31.387+0000] {subprocess.py:93} INFO - 📦 Writing batch 26 with 5 rows to PostgreSQL...
[2026-06-29T10:32:31.912+0000] {subprocess.py:93} INFO - ✅ Batch 26 written successfully!
[2026-06-29T10:32:36.028+0000] {subprocess.py:93} INFO - 📦 Writing batch 27 with 5 rows to PostgreSQL...
[2026-06-29T10:32:36.676+0000] {subprocess.py:93} INFO - ✅ Batch 27 written successfully!
[2026-06-29T10:32:41.167+0000] {subprocess.py:93} INFO - 📦 Writing batch 28 with 4 rows to PostgreSQL...
[2026-06-29T10:32:41.847+0000] {subprocess.py:93} INFO - ✅ Batch 28 written successfully!
[2026-06-29T10:32:45.896+0000] {subprocess.py:93} INFO - 📦 Writing batch 29 with 5 rows to PostgreSQL...
[2026-06-29T10:32:46.301+0000] {subprocess.py:93} INFO - ✅ Batch 29 written successfully!
[2026-06-29T10:32:50.970+0000] {subprocess.py:93} INFO - 📦 Writing batch 30 with 5 rows to PostgreSQL...
[2026-06-29T10:32:51.411+0000] {subprocess.py:93} INFO - ✅ Batch 30 written successfully!
[2026-06-29T10:32:55.955+0000] {subprocess.py:93} INFO - 📦 Writing batch 31 with 6 rows to PostgreSQL...
[2026-06-29T10:32:56.614+0000] {subprocess.py:93} INFO - ✅ Batch 31 written successfully!
[2026-06-29T10:33:01.084+0000] {subprocess.py:93} INFO - 📦 Writing batch 32 with 4 rows to PostgreSQL...
[2026-06-29T10:33:01.782+0000] {subprocess.py:93} INFO - ✅ Batch 32 written successfully!
[2026-06-29T10:33:06.179+0000] {subprocess.py:93} INFO - 📦 Writing batch 33 with 5 rows to PostgreSQL...
[2026-06-29T10:33:06.808+0000] {subprocess.py:93} INFO - ✅ Batch 33 written successfully!
[2026-06-29T10:33:10.891+0000] {subprocess.py:93} INFO - 📦 Writing batch 34 with 5 rows to PostgreSQL...
[2026-06-29T10:33:11.323+0000] {subprocess.py:93} INFO - ✅ Batch 34 written successfully!
[2026-06-29T10:33:15.827+0000] {subprocess.py:93} INFO - 📦 Writing batch 35 with 4 rows to PostgreSQL...
[2026-06-29T10:33:16.557+0000] {subprocess.py:93} INFO - ✅ Batch 35 written successfully!
[2026-06-29T10:33:21.026+0000] {subprocess.py:93} INFO - 📦 Writing batch 36 with 5 rows to PostgreSQL...
[2026-06-29T10:33:21.729+0000] {subprocess.py:93} INFO - ✅ Batch 36 written successfully!
[2026-06-29T10:33:26.128+0000] {subprocess.py:93} INFO - 📦 Writing batch 37 with 5 rows to PostgreSQL...
[2026-06-29T10:33:26.571+0000] {subprocess.py:93} INFO - ✅ Batch 37 written successfully!
[2026-06-29T10:33:31.208+0000] {subprocess.py:93} INFO - 📦 Writing batch 38 with 5 rows to PostgreSQL...
[2026-06-29T10:33:31.691+0000] {subprocess.py:93} INFO - ✅ Batch 38 written successfully!
[2026-06-29T10:33:35.801+0000] {subprocess.py:93} INFO - 📦 Writing batch 39 with 5 rows to PostgreSQL...
[2026-06-29T10:33:36.477+0000] {subprocess.py:93} INFO - ✅ Batch 39 written successfully!
[2026-06-29T10:33:40.925+0000] {subprocess.py:93} INFO - 📦 Writing batch 40 with 5 rows to PostgreSQL...
[2026-06-29T10:33:41.632+0000] {subprocess.py:93} INFO - ✅ Batch 40 written successfully!
[2026-06-29T10:33:46.055+0000] {subprocess.py:93} INFO - 📦 Writing batch 41 with 5 rows to PostgreSQL...
[2026-06-29T10:33:46.823+0000] {subprocess.py:93} INFO - ✅ Batch 41 written successfully!
[2026-06-29T10:33:51.146+0000] {subprocess.py:93} INFO - 📦 Writing batch 42 with 4 rows to PostgreSQL...
[2026-06-29T10:33:51.724+0000] {subprocess.py:93} INFO - ✅ Batch 42 written successfully!
[2026-06-29T10:33:56.293+0000] {subprocess.py:93} INFO - 📦 Writing batch 43 with 6 rows to PostgreSQL...
[2026-06-29T10:33:56.716+0000] {subprocess.py:93} INFO - ✅ Batch 43 written successfully!
[2026-06-29T10:34:00.796+0000] {subprocess.py:93} INFO - 📦 Writing batch 44 with 5 rows to PostgreSQL...
[2026-06-29T10:34:01.461+0000] {subprocess.py:93} INFO - ✅ Batch 44 written successfully!
[2026-06-29T10:34:06.102+0000] {subprocess.py:93} INFO - 📦 Writing batch 45 with 4 rows to PostgreSQL...
[2026-06-29T10:34:06.809+0000] {subprocess.py:93} INFO - ✅ Batch 45 written successfully!
[2026-06-29T10:34:11.179+0000] {subprocess.py:93} INFO - 📦 Writing batch 46 with 5 rows to PostgreSQL...
[2026-06-29T10:34:11.813+0000] {subprocess.py:93} INFO - ✅ Batch 46 written successfully!
[2026-06-29T10:34:16.855+0000] {subprocess.py:93} INFO - 📦 Writing batch 47 with 5 rows to PostgreSQL...
[2026-06-29T10:34:17.625+0000] {subprocess.py:93} INFO - ✅ Batch 47 written successfully!
[2026-06-29T10:34:20.951+0000] {subprocess.py:93} INFO - 📦 Writing batch 48 with 5 rows to PostgreSQL...
[2026-06-29T10:34:20.922+0000] {subprocess.py:93} INFO - ✅ Batch 48 written successfully!
[2026-06-29T10:34:25.989+0000] {subprocess.py:93} INFO - 📦 Writing batch 49 with 5 rows to PostgreSQL...
[2026-06-29T10:34:26.435+0000] {subprocess.py:93} INFO - ✅ Batch 49 written successfully!
[2026-06-29T10:34:31.111+0000] {subprocess.py:93} INFO - 📦 Writing batch 50 with 5 rows to PostgreSQL...
[2026-06-29T10:34:31.529+0000] {subprocess.py:93} INFO - ✅ Batch 50 written successfully!
[2026-06-29T10:34:36.236+0000] {subprocess.py:93} INFO - 📦 Writing batch 51 with 5 rows to PostgreSQL...
[2026-06-29T10:34:36.661+0000] {subprocess.py:93} INFO - ✅ Batch 51 written successfully!
[2026-06-29T10:34:41.309+0000] {subprocess.py:93} INFO - 📦 Writing batch 52 with 5 rows to PostgreSQL...
[2026-06-29T10:34:41.773+0000] {subprocess.py:93} INFO - ✅ Batch 52 written successfully!
[2026-06-29T10:34:45.888+0000] {subprocess.py:93} INFO - 📦 Writing batch 53 with 5 rows to PostgreSQL...
[2026-06-29T10:34:46.592+0000] {subprocess.py:93} INFO - ✅ Batch 53 written successfully!
[2026-06-29T10:34:50.448+0000] {subprocess.py:93} INFO - 📦 Writing batch 54 with 5 rows to PostgreSQL...
[2026-06-29T10:34:51.119+0000] {subprocess.py:93} INFO - ✅ Batch 54 written successfully!
[2026-06-29T10:34:56.347+0000] {subprocess.py:93} INFO - 📦 Writing batch 55 with 1 rows to PostgreSQL...
[2026-06-29T10:34:56.480+0000] {subprocess.py:93} INFO - ✅ Batch 55 written successfully!
[2026-06-29T10:34:59.719+0000] {timeout.py:68} ERROR - Process timed out, PID: 242
[2026-06-29T10:34:59.738+0000] {taskinstance.py:441} INFO - ::group::Post task execution logs
[2026-06-29T10:34:59.745+0000] {subprocess.py:104} INFO - Sending SIGTERM signal to process group
[2026-06-29T10:35:00.138+0000] {taskinstance.py:2905} ERROR - Task failed with exception
Traceback (most recent call last):
  File "/home/airflow/.local/lib/python3.12/site-packages/airflow/models/taskinstance.py", line 460, in _execute_task
    result = _execute_callable(context=context, **execute_callable_kwargs)
             ^^^^^^^^^^^^^^^^^^^^^^^^^^^^^^^^^^^^^^^^^^^^^^^^^^^^^^^^^^^^^
  File "/home/airflow/.local/lib/python3.12/site-packages/airflow/models/taskinstance.py", line 432, in _execute_callable
    return execute_callable(context=context, **execute_callable_kwargs)
           ^^^^^^^^^^^^^^^^^^^^^^^^^^^^^^^^^^^^^^^^^^^^^^^^^^^^^^^^^^^^
  File "/home/airflow/.local/lib/python3.12/site-packages/airflow/models/baseoperator.py", line 400, in wrapper
    return func(self, *args, **kwargs)
           ^^^^^^^^^^^^^^^^^^^^^^^^^^^
  File "/home/airflow/.local/lib/python3.12/site-packages/airflow/operators/bash.py", line 234, in execute
    result = self.subprocess_hook.run_command(
             ^^^^^^^^^^^^^^^^^^^^^^^^^^^^^^^^^
  File "/home/airflow/.local/lib/python3.12/site-packages/airflow/hooks/subprocess.py", line 91, in run_command
    for raw_line in iter(self.sub_process.stdout.readline, b""):
  File "/home/airflow/.local/lib/python3.12/site-packages/airflow/utils/timeout.py", line 69, in handle_timeout
    raise AirflowTaskTimeout(self.error_message)
airflow.exceptions.AirflowTaskTimeout: Timeout, PID: 242
[2026-06-29T10:35:00.231+0000] {taskinstance.py:1206} INFO - Marking task as UP_FOR_RETRY. dag_id=clickstream_etl_pipeline, task_id=submit_spark_etl_job, run_id=scheduled__2026-06-29T10:20:00+00:00, execution_date=20260629T102000, start_date=20260629T103004, end_date=20260629T103500
[2026-06-29T10:35:00.551+0000] {local_task_job_runner.py:240} INFO - Task exited with return code 2
[2026-06-29T10:35:00.794+0000] {taskinstance.py:3498} INFO - 0 downstream tasks scheduled from follow-on schedule check
[2026-06-29T10:35:00.797+0000] {local_task_job_runner.py:222} INFO - ::endgroup::
