[2026-06-29T10:37:04.754+0000] {local_task_job_runner.py:120} INFO - ::group::Pre task execution logs
[2026-06-29T10:37:04.823+0000] {taskinstance.py:2076} INFO - Dependencies all met for dep_context=non-requeueable deps ti=<TaskInstance: clickstream_etl_pipeline.submit_spark_etl_job scheduled__2026-06-29T10:20:00+00:00 [queued]>
[2026-06-29T10:37:04.843+0000] {taskinstance.py:2076} INFO - Dependencies all met for dep_context=requeueable deps ti=<TaskInstance: clickstream_etl_pipeline.submit_spark_etl_job scheduled__2026-06-29T10:20:00+00:00 [queued]>
[2026-06-29T10:37:04.844+0000] {taskinstance.py:2306} INFO - Starting attempt 2 of 4
[2026-06-29T10:37:04.895+0000] {taskinstance.py:2330} INFO - Executing <Task(BashOperator): submit_spark_etl_job> on 2026-06-29 10:20:00+00:00
[2026-06-29T10:37:04.948+0000] {standard_task_runner.py:90} INFO - Running: ['airflow', 'tasks', 'run', 'clickstream_etl_pipeline', 'submit_spark_etl_job', 'scheduled__2026-06-29T10:20:00+00:00', '--job-id', '20', '--raw', '--subdir', 'DAGS_FOLDER/clickstream_etl_dag.py', '--cfg-path', '/tmp/tmpnxoaaxs3']
[2026-06-29T10:37:04.975+0000] {standard_task_runner.py:91} INFO - Job 20: Subtask submit_spark_etl_job
[2026-06-29T10:37:04.975+0000] {logging_mixin.py:188} WARNING - /home/airflow/.local/lib/python3.12/site-packages/airflow/task/task_runner/standard_task_runner.py:61 DeprecationWarning: This process (pid=354) is multi-threaded, use of fork() may lead to deadlocks in the child.
[2026-06-29T10:37:04.977+0000] {standard_task_runner.py:63} INFO - Started process 355 to run task
[2026-06-29T10:37:05.207+0000] {task_command.py:426} INFO - Running <TaskInstance: clickstream_etl_pipeline.submit_spark_etl_job scheduled__2026-06-29T10:20:00+00:00 [running]> on host fa8ae8f32dcf
[2026-06-29T10:37:05.471+0000] {taskinstance.py:2648} INFO - Exporting env vars: AIRFLOW_CTX_DAG_OWNER='nabha' AIRFLOW_CTX_DAG_ID='clickstream_etl_pipeline' AIRFLOW_CTX_TASK_ID='submit_spark_etl_job' AIRFLOW_CTX_EXECUTION_DATE='2026-06-29T10:20:00+00:00' AIRFLOW_CTX_TRY_NUMBER='2' AIRFLOW_CTX_DAG_RUN_ID='scheduled__2026-06-29T10:20:00+00:00'
[2026-06-29T10:37:05.475+0000] {taskinstance.py:430} INFO - ::endgroup::
[2026-06-29T10:37:05.494+0000] {subprocess.py:63} INFO - Tmp dir root location: /tmp
[2026-06-29T10:37:05.497+0000] {subprocess.py:75} INFO - Running command: ['/usr/bin/bash', '-c', '\n        docker exec spark-submit /opt/spark/bin/spark-submit             --master local[*]             --jars /opt/spark/extra-jars/spark-sql-kafka-0-10_2.12-3.5.1.jar,/opt/spark/extra-jars/kafka-clients-3.4.1.jar,/opt/spark/extra-jars/spark-token-provider-kafka-0-10_2.12-3.5.1.jar,/opt/spark/extra-jars/commons-pool2-2.11.1.jar,/opt/spark/extra-jars/postgresql-42.6.0.jar             --conf spark.driver.host=spark-submit             --conf spark.driver.bindAddress=0.0.0.0             /opt/spark/work-dir/spark_consumer.py || true\n    ']
[2026-06-29T10:37:05.525+0000] {subprocess.py:86} INFO - Output:
[2026-06-29T10:37:12.787+0000] {subprocess.py:93} INFO - 26/06/29 10:37:12 WARN NativeCodeLoader: Unable to load native-hadoop library for your platform... using builtin-java classes where applicable
[2026-06-29T10:37:15.234+0000] {subprocess.py:93} INFO - 26/06/29 10:37:15 INFO SparkContext: Running Spark version 3.5.1
[2026-06-29T10:37:15.236+0000] {subprocess.py:93} INFO - 26/06/29 10:37:15 INFO SparkContext: OS info Linux, 6.6.87.2-microsoft-standard-WSL2, amd64
[2026-06-29T10:37:15.237+0000] {subprocess.py:93} INFO - 26/06/29 10:37:15 INFO SparkContext: Java version 11.0.22
[2026-06-29T10:37:15.297+0000] {subprocess.py:93} INFO - 26/06/29 10:37:15 INFO ResourceUtils: ==============================================================
[2026-06-29T10:37:15.299+0000] {subprocess.py:93} INFO - 26/06/29 10:37:15 INFO ResourceUtils: No custom resources configured for spark.driver.
[2026-06-29T10:37:15.300+0000] {subprocess.py:93} INFO - 26/06/29 10:37:15 INFO ResourceUtils: ==============================================================
[2026-06-29T10:37:15.301+0000] {subprocess.py:93} INFO - 26/06/29 10:37:15 INFO SparkContext: Submitted application: EcommerceClickstream
[2026-06-29T10:37:15.359+0000] {subprocess.py:93} INFO - 26/06/29 10:37:15 INFO ResourceProfile: Default ResourceProfile created, executor resources: Map(cores -> name: cores, amount: 1, script: , vendor: , memory -> name: memory, amount: 1024, script: , vendor: , offHeap -> name: offHeap, amount: 0, script: , vendor: ), task resources: Map(cpus -> name: cpus, amount: 1.0)
[2026-06-29T10:37:15.375+0000] {subprocess.py:93} INFO - 26/06/29 10:37:15 INFO ResourceProfile: Limiting resource is cpu
[2026-06-29T10:37:15.378+0000] {subprocess.py:93} INFO - 26/06/29 10:37:15 INFO ResourceProfileManager: Added ResourceProfile id: 0
[2026-06-29T10:37:15.524+0000] {subprocess.py:93} INFO - 26/06/29 10:37:15 INFO SecurityManager: Changing view acls to: spark
[2026-06-29T10:37:15.525+0000] {subprocess.py:93} INFO - 26/06/29 10:37:15 INFO SecurityManager: Changing modify acls to: spark
[2026-06-29T10:37:15.526+0000] {subprocess.py:93} INFO - 26/06/29 10:37:15 INFO SecurityManager: Changing view acls groups to:
[2026-06-29T10:37:15.527+0000] {subprocess.py:93} INFO - 26/06/29 10:37:15 INFO SecurityManager: Changing modify acls groups to:
[2026-06-29T10:37:15.529+0000] {subprocess.py:93} INFO - 26/06/29 10:37:15 INFO SecurityManager: SecurityManager: authentication disabled; ui acls disabled; users with view permissions: spark; groups with view permissions: EMPTY; users with modify permissions: spark; groups with modify permissions: EMPTY
[2026-06-29T10:37:16.883+0000] {subprocess.py:93} INFO - 26/06/29 10:37:16 INFO Utils: Successfully started service 'sparkDriver' on port 44887.
[2026-06-29T10:37:17.144+0000] {subprocess.py:93} INFO - 26/06/29 10:37:17 INFO SparkEnv: Registering MapOutputTracker
[2026-06-29T10:37:17.445+0000] {subprocess.py:93} INFO - 26/06/29 10:37:17 INFO SparkEnv: Registering BlockManagerMaster
[2026-06-29T10:37:17.365+0000] {subprocess.py:93} INFO - 26/06/29 10:37:17 INFO BlockManagerMasterEndpoint: Using org.apache.spark.storage.DefaultTopologyMapper for getting topology information
[2026-06-29T10:37:17.368+0000] {subprocess.py:93} INFO - 26/06/29 10:37:17 INFO BlockManagerMasterEndpoint: BlockManagerMasterEndpoint up
[2026-06-29T10:37:17.388+0000] {subprocess.py:93} INFO - 26/06/29 10:37:17 INFO SparkEnv: Registering BlockManagerMasterHeartbeat
[2026-06-29T10:37:17.255+0000] {subprocess.py:93} INFO - 26/06/29 10:37:17 INFO DiskBlockManager: Created local directory at /tmp/blockmgr-e8217f5a-f050-4a8c-84e2-c6996575d91e
[2026-06-29T10:37:17.404+0000] {subprocess.py:93} INFO - 26/06/29 10:37:17 INFO MemoryStore: MemoryStore started with capacity 434.4 MiB
[2026-06-29T10:37:17.505+0000] {subprocess.py:93} INFO - 26/06/29 10:37:17 INFO SparkEnv: Registering OutputCommitCoordinator
[2026-06-29T10:37:18.517+0000] {subprocess.py:93} INFO - 26/06/29 10:37:18 INFO JettyUtils: Start Jetty 0.0.0.0:4040 for SparkUI
[2026-06-29T10:37:18.740+0000] {subprocess.py:93} INFO - 26/06/29 10:37:18 WARN Utils: Service 'SparkUI' could not bind on port 4040. Attempting port 4041.
[2026-06-29T10:37:18.742+0000] {subprocess.py:93} INFO - 26/06/29 10:37:18 WARN Utils: Service 'SparkUI' could not bind on port 4041. Attempting port 4042.
[2026-06-29T10:37:18.744+0000] {subprocess.py:93} INFO - 26/06/29 10:37:18 WARN Utils: Service 'SparkUI' could not bind on port 4042. Attempting port 4043.
[2026-06-29T10:37:18.790+0000] {subprocess.py:93} INFO - 26/06/29 10:37:18 INFO Utils: Successfully started service 'SparkUI' on port 4043.
[2026-06-29T10:37:18.956+0000] {subprocess.py:93} INFO - 26/06/29 10:37:18 INFO SparkContext: Added JAR file:///opt/spark/extra-jars/spark-sql-kafka-0-10_2.12-3.5.1.jar at spark://spark-submit:44887/jars/spark-sql-kafka-0-10_2.12-3.5.1.jar with timestamp 1782729435213
[2026-06-29T10:37:18.958+0000] {subprocess.py:93} INFO - 26/06/29 10:37:18 INFO SparkContext: Added JAR file:///opt/spark/extra-jars/kafka-clients-3.4.1.jar at spark://spark-submit:44887/jars/kafka-clients-3.4.1.jar with timestamp 1782729435213
[2026-06-29T10:37:18.961+0000] {subprocess.py:93} INFO - 26/06/29 10:37:18 INFO SparkContext: Added JAR file:///opt/spark/extra-jars/spark-token-provider-kafka-0-10_2.12-3.5.1.jar at spark://spark-submit:44887/jars/spark-token-provider-kafka-0-10_2.12-3.5.1.jar with timestamp 1782729435213
[2026-06-29T10:37:18.964+0000] {subprocess.py:93} INFO - 26/06/29 10:37:18 INFO SparkContext: Added JAR file:///opt/spark/extra-jars/commons-pool2-2.11.1.jar at spark://spark-submit:44887/jars/commons-pool2-2.11.1.jar with timestamp 1782729435213
[2026-06-29T10:37:18.966+0000] {subprocess.py:93} INFO - 26/06/29 10:37:18 INFO SparkContext: Added JAR file:///opt/spark/extra-jars/postgresql-42.6.0.jar at spark://spark-submit:44887/jars/postgresql-42.6.0.jar with timestamp 1782729435213
[2026-06-29T10:37:19.274+0000] {subprocess.py:93} INFO - 26/06/29 10:37:19 INFO Executor: Starting executor ID driver on host 82f460df2328
[2026-06-29T10:37:19.279+0000] {subprocess.py:93} INFO - 26/06/29 10:37:19 INFO Executor: OS info Linux, 6.6.87.2-microsoft-standard-WSL2, amd64
[2026-06-29T10:37:19.280+0000] {subprocess.py:93} INFO - 26/06/29 10:37:19 INFO Executor: Java version 11.0.22
[2026-06-29T10:37:19.339+0000] {subprocess.py:93} INFO - 26/06/29 10:37:19 INFO Executor: Starting executor with user classpath (userClassPathFirst = false): ''
[2026-06-29T10:37:19.346+0000] {subprocess.py:93} INFO - 26/06/29 10:37:19 INFO Executor: Created or updated repl class loader org.apache.spark.util.MutableURLClassLoader@7684f7be for default.
[2026-06-29T10:37:19.431+0000] {subprocess.py:93} INFO - 26/06/29 10:37:19 INFO Executor: Fetching spark://spark-submit:44887/jars/commons-pool2-2.11.1.jar with timestamp 1782729435213
[2026-06-29T10:37:19.677+0000] {subprocess.py:93} INFO - 26/06/29 10:37:19 INFO TransportClientFactory: Successfully created connection to spark-submit/172.18.0.5:44887 after 118 ms (0 ms spent in bootstraps)
[2026-06-29T10:37:19.704+0000] {subprocess.py:93} INFO - 26/06/29 10:37:19 INFO Utils: Fetching spark://spark-submit:44887/jars/commons-pool2-2.11.1.jar to /tmp/spark-caff3729-638a-4fcb-88d3-8732455f2d9f/userFiles-96fabc94-bfc3-4bd5-8cba-32fa5a820b38/fetchFileTemp6704902498335742411.tmp
[2026-06-29T10:37:20.304+0000] {subprocess.py:93} INFO - 26/06/29 10:37:20 INFO Executor: Adding file:/tmp/spark-caff3729-638a-4fcb-88d3-8732455f2d9f/userFiles-96fabc94-bfc3-4bd5-8cba-32fa5a820b38/commons-pool2-2.11.1.jar to class loader default
[2026-06-29T10:37:20.306+0000] {subprocess.py:93} INFO - 26/06/29 10:37:20 INFO Executor: Fetching spark://spark-submit:44887/jars/postgresql-42.6.0.jar with timestamp 1782729435213
[2026-06-29T10:37:20.309+0000] {subprocess.py:93} INFO - 26/06/29 10:37:20 INFO Utils: Fetching spark://spark-submit:44887/jars/postgresql-42.6.0.jar to /tmp/spark-caff3729-638a-4fcb-88d3-8732455f2d9f/userFiles-96fabc94-bfc3-4bd5-8cba-32fa5a820b38/fetchFileTemp1452482632004801546.tmp
[2026-06-29T10:37:20.418+0000] {subprocess.py:93} INFO - 26/06/29 10:37:20 INFO Executor: Adding file:/tmp/spark-caff3729-638a-4fcb-88d3-8732455f2d9f/userFiles-96fabc94-bfc3-4bd5-8cba-32fa5a820b38/postgresql-42.6.0.jar to class loader default
[2026-06-29T10:37:20.420+0000] {subprocess.py:93} INFO - 26/06/29 10:37:20 INFO Executor: Fetching spark://spark-submit:44887/jars/spark-token-provider-kafka-0-10_2.12-3.5.1.jar with timestamp 1782729435213
[2026-06-29T10:37:20.436+0000] {subprocess.py:93} INFO - 26/06/29 10:37:20 INFO Utils: Fetching spark://spark-submit:44887/jars/spark-token-provider-kafka-0-10_2.12-3.5.1.jar to /tmp/spark-caff3729-638a-4fcb-88d3-8732455f2d9f/userFiles-96fabc94-bfc3-4bd5-8cba-32fa5a820b38/fetchFileTemp1214412370357963135.tmp
[2026-06-29T10:37:20.480+0000] {subprocess.py:93} INFO - 26/06/29 10:37:20 INFO Executor: Adding file:/tmp/spark-caff3729-638a-4fcb-88d3-8732455f2d9f/userFiles-96fabc94-bfc3-4bd5-8cba-32fa5a820b38/spark-token-provider-kafka-0-10_2.12-3.5.1.jar to class loader default
[2026-06-29T10:37:20.484+0000] {subprocess.py:93} INFO - 26/06/29 10:37:20 INFO Executor: Fetching spark://spark-submit:44887/jars/spark-sql-kafka-0-10_2.12-3.5.1.jar with timestamp 1782729435213
[2026-06-29T10:37:20.486+0000] {subprocess.py:93} INFO - 26/06/29 10:37:20 INFO Utils: Fetching spark://spark-submit:44887/jars/spark-sql-kafka-0-10_2.12-3.5.1.jar to /tmp/spark-caff3729-638a-4fcb-88d3-8732455f2d9f/userFiles-96fabc94-bfc3-4bd5-8cba-32fa5a820b38/fetchFileTemp14017851005248098167.tmp
[2026-06-29T10:37:20.531+0000] {subprocess.py:93} INFO - 26/06/29 10:37:20 INFO Executor: Adding file:/tmp/spark-caff3729-638a-4fcb-88d3-8732455f2d9f/userFiles-96fabc94-bfc3-4bd5-8cba-32fa5a820b38/spark-sql-kafka-0-10_2.12-3.5.1.jar to class loader default
[2026-06-29T10:37:20.538+0000] {subprocess.py:93} INFO - 26/06/29 10:37:20 INFO Executor: Fetching spark://spark-submit:44887/jars/kafka-clients-3.4.1.jar with timestamp 1782729435213
[2026-06-29T10:37:20.541+0000] {subprocess.py:93} INFO - 26/06/29 10:37:20 INFO Utils: Fetching spark://spark-submit:44887/jars/kafka-clients-3.4.1.jar to /tmp/spark-caff3729-638a-4fcb-88d3-8732455f2d9f/userFiles-96fabc94-bfc3-4bd5-8cba-32fa5a820b38/fetchFileTemp12338932896107612666.tmp
[2026-06-29T10:37:20.795+0000] {subprocess.py:93} INFO - 26/06/29 10:37:20 INFO Executor: Adding file:/tmp/spark-caff3729-638a-4fcb-88d3-8732455f2d9f/userFiles-96fabc94-bfc3-4bd5-8cba-32fa5a820b38/kafka-clients-3.4.1.jar to class loader default
[2026-06-29T10:37:20.829+0000] {subprocess.py:93} INFO - 26/06/29 10:37:20 INFO Utils: Successfully started service 'org.apache.spark.network.netty.NettyBlockTransferService' on port 45505.
[2026-06-29T10:37:20.838+0000] {subprocess.py:93} INFO - 26/06/29 10:37:20 INFO NettyBlockTransferService: Server created on spark-submit 0.0.0.0:45505
[2026-06-29T10:37:20.840+0000] {subprocess.py:93} INFO - 26/06/29 10:37:20 INFO BlockManager: Using org.apache.spark.storage.RandomBlockReplicationPolicy for block replication policy
[2026-06-29T10:37:20.858+0000] {subprocess.py:93} INFO - 26/06/29 10:37:20 INFO BlockManagerMaster: Registering BlockManager BlockManagerId(driver, spark-submit, 45505, None)
[2026-06-29T10:37:20.865+0000] {subprocess.py:93} INFO - 26/06/29 10:37:20 INFO BlockManagerMasterEndpoint: Registering block manager spark-submit:45505 with 434.4 MiB RAM, BlockManagerId(driver, spark-submit, 45505, None)
[2026-06-29T10:37:20.870+0000] {subprocess.py:93} INFO - 26/06/29 10:37:20 INFO BlockManagerMaster: Registered BlockManager BlockManagerId(driver, spark-submit, 45505, None)
[2026-06-29T10:37:20.876+0000] {subprocess.py:93} INFO - 26/06/29 10:37:20 INFO BlockManager: Initialized BlockManager: BlockManagerId(driver, spark-submit, 45505, None)
[2026-06-29T10:37:22.513+0000] {subprocess.py:93} INFO - ✅ SparkSession created!
[2026-06-29T10:37:29.515+0000] {subprocess.py:93} INFO - ✅ Streaming started! Writing to PostgreSQL...
[2026-06-29T10:37:43.827+0000] {subprocess.py:93} INFO - 📦 Writing batch 1 with 6 rows to PostgreSQL...
[2026-06-29T10:37:47.607+0000] {subprocess.py:93} INFO - ✅ Batch 1 written successfully!
[2026-06-29T10:37:49.306+0000] {subprocess.py:93} INFO - 📦 Writing batch 2 with 9 rows to PostgreSQL...
[2026-06-29T10:37:49.603+0000] {subprocess.py:93} INFO - ✅ Batch 2 written successfully!
[2026-06-29T10:37:51.589+0000] {subprocess.py:93} INFO - 📦 Writing batch 3 with 2 rows to PostgreSQL...
[2026-06-29T10:37:52.542+0000] {subprocess.py:93} INFO - ✅ Batch 3 written successfully!
[2026-06-29T10:37:56.727+0000] {subprocess.py:93} INFO - 📦 Writing batch 4 with 5 rows to PostgreSQL...
[2026-06-29T10:37:57.618+0000] {subprocess.py:93} INFO - ✅ Batch 4 written successfully!
[2026-06-29T10:38:01.797+0000] {subprocess.py:93} INFO - 📦 Writing batch 5 with 5 rows to PostgreSQL...
[2026-06-29T10:38:02.620+0000] {subprocess.py:93} INFO - ✅ Batch 5 written successfully!
[2026-06-29T10:38:06.597+0000] {subprocess.py:93} INFO - 📦 Writing batch 6 with 5 rows to PostgreSQL...
[2026-06-29T10:38:07.109+0000] {subprocess.py:93} INFO - ✅ Batch 6 written successfully!
[2026-06-29T10:38:11.239+0000] {subprocess.py:93} INFO - 📦 Writing batch 7 with 4 rows to PostgreSQL...
[2026-06-29T10:38:12.061+0000] {subprocess.py:93} INFO - ✅ Batch 7 written successfully!
[2026-06-29T10:38:16.200+0000] {subprocess.py:93} INFO - 📦 Writing batch 8 with 5 rows to PostgreSQL...
[2026-06-29T10:38:16.643+0000] {subprocess.py:93} INFO - ✅ Batch 8 written successfully!
[2026-06-29T10:38:21.588+0000] {subprocess.py:93} INFO - 📦 Writing batch 9 with 6 rows to PostgreSQL...
[2026-06-29T10:38:22.451+0000] {subprocess.py:93} INFO - ✅ Batch 9 written successfully!
[2026-06-29T10:38:26.092+0000] {subprocess.py:93} INFO - 📦 Writing batch 10 with 5 rows to PostgreSQL...
[2026-06-29T10:38:27.001+0000] {subprocess.py:93} INFO - ✅ Batch 10 written successfully!
[2026-06-29T10:38:31.230+0000] {subprocess.py:93} INFO - 📦 Writing batch 11 with 4 rows to PostgreSQL...
[2026-06-29T10:38:31.980+0000] {subprocess.py:93} INFO - ✅ Batch 11 written successfully!
[2026-06-29T10:38:36.414+0000] {subprocess.py:93} INFO - 📦 Writing batch 12 with 5 rows to PostgreSQL...
[2026-06-29T10:38:37.284+0000] {subprocess.py:93} INFO - ✅ Batch 12 written successfully!
[2026-06-29T10:38:41.098+0000] {subprocess.py:93} INFO - 📦 Writing batch 13 with 5 rows to PostgreSQL...
[2026-06-29T10:38:41.557+0000] {subprocess.py:93} INFO - ✅ Batch 13 written successfully!
[2026-06-29T10:38:45.680+0000] {subprocess.py:93} INFO - 📦 Writing batch 14 with 5 rows to PostgreSQL...
[2026-06-29T10:38:46.662+0000] {subprocess.py:93} INFO - ✅ Batch 14 written successfully!
[2026-06-29T10:38:51.795+0000] {subprocess.py:93} INFO - 📦 Writing batch 15 with 4 rows to PostgreSQL...
[2026-06-29T10:38:52.279+0000] {subprocess.py:93} INFO - ✅ Batch 15 written successfully!
[2026-06-29T10:38:56.459+0000] {subprocess.py:93} INFO - 📦 Writing batch 16 with 5 rows to PostgreSQL...
[2026-06-29T10:38:57.493+0000] {subprocess.py:93} INFO - ✅ Batch 16 written successfully!
[2026-06-29T10:39:01.435+0000] {subprocess.py:93} INFO - 📦 Writing batch 17 with 5 rows to PostgreSQL...
[2026-06-29T10:39:02.261+0000] {subprocess.py:93} INFO - ✅ Batch 17 written successfully!
[2026-06-29T10:39:06.467+0000] {subprocess.py:93} INFO - 📦 Writing batch 18 with 5 rows to PostgreSQL...
[2026-06-29T10:39:07.276+0000] {subprocess.py:93} INFO - ✅ Batch 18 written successfully!
[2026-06-29T10:39:11.414+0000] {subprocess.py:93} INFO - 📦 Writing batch 19 with 5 rows to PostgreSQL...
[2026-06-29T10:39:11.909+0000] {subprocess.py:93} INFO - ✅ Batch 19 written successfully!
[2026-06-29T10:39:15.947+0000] {subprocess.py:93} INFO - 📦 Writing batch 20 with 5 rows to PostgreSQL...
[2026-06-29T10:39:16.350+0000] {subprocess.py:93} INFO - ✅ Batch 20 written successfully!
[2026-06-29T10:39:21.131+0000] {subprocess.py:93} INFO - 📦 Writing batch 21 with 5 rows to PostgreSQL...
[2026-06-29T10:39:21.479+0000] {subprocess.py:93} INFO - ✅ Batch 21 written successfully!
[2026-06-29T10:39:26.353+0000] {subprocess.py:93} INFO - 📦 Writing batch 22 with 4 rows to PostgreSQL...
[2026-06-29T10:39:27.229+0000] {subprocess.py:93} INFO - ✅ Batch 22 written successfully!
[2026-06-29T10:39:31.078+0000] {subprocess.py:93} INFO - 📦 Writing batch 23 with 4 rows to PostgreSQL...
[2026-06-29T10:39:31.518+0000] {subprocess.py:93} INFO - ✅ Batch 23 written successfully!
[2026-06-29T10:39:36.321+0000] {subprocess.py:93} INFO - 📦 Writing batch 24 with 5 rows to PostgreSQL...
[2026-06-29T10:39:36.636+0000] {subprocess.py:93} INFO - ✅ Batch 24 written successfully!
[2026-06-29T10:39:41.378+0000] {subprocess.py:93} INFO - 📦 Writing batch 25 with 5 rows to PostgreSQL...
[2026-06-29T10:39:41.778+0000] {subprocess.py:93} INFO - ✅ Batch 25 written successfully!
[2026-06-29T10:39:46.275+0000] {subprocess.py:93} INFO - 📦 Writing batch 26 with 5 rows to PostgreSQL...
[2026-06-29T10:39:46.942+0000] {subprocess.py:93} INFO - ✅ Batch 26 written successfully!
[2026-06-29T10:39:51.089+0000] {subprocess.py:93} INFO - 📦 Writing batch 27 with 5 rows to PostgreSQL...
[2026-06-29T10:39:51.437+0000] {subprocess.py:93} INFO - ✅ Batch 27 written successfully!
[2026-06-29T10:39:56.136+0000] {subprocess.py:93} INFO - 📦 Writing batch 28 with 5 rows to PostgreSQL...
[2026-06-29T10:39:56.582+0000] {subprocess.py:93} INFO - ✅ Batch 28 written successfully!
[2026-06-29T10:40:01.263+0000] {subprocess.py:93} INFO - 📦 Writing batch 29 with 5 rows to PostgreSQL...
[2026-06-29T10:40:01.700+0000] {subprocess.py:93} INFO - ✅ Batch 29 written successfully!
[2026-06-29T10:40:06.379+0000] {subprocess.py:93} INFO - 📦 Writing batch 30 with 5 rows to PostgreSQL...
[2026-06-29T10:40:06.822+0000] {subprocess.py:93} INFO - ✅ Batch 30 written successfully!
[2026-06-29T10:40:11.632+0000] {subprocess.py:93} INFO - 📦 Writing batch 31 with 5 rows to PostgreSQL...
[2026-06-29T10:40:11.954+0000] {subprocess.py:93} INFO - ✅ Batch 31 written successfully!
[2026-06-29T10:40:19.715+0000] {subprocess.py:93} INFO - 📦 Writing batch 32 with 6 rows to PostgreSQL...
[2026-06-29T10:40:20.739+0000] {subprocess.py:93} INFO - ✅ Batch 32 written successfully!
[2026-06-29T10:40:22.063+0000] {subprocess.py:93} INFO - 📦 Writing batch 33 with 2 rows to PostgreSQL...
[2026-06-29T10:40:22.487+0000] {subprocess.py:93} INFO - ✅ Batch 33 written successfully!
[2026-06-29T10:40:26.187+0000] {subprocess.py:93} INFO - 📦 Writing batch 34 with 4 rows to PostgreSQL...
[2026-06-29T10:40:26.982+0000] {subprocess.py:93} INFO - ✅ Batch 34 written successfully!
[2026-06-29T10:40:31.347+0000] {subprocess.py:93} INFO - 📦 Writing batch 35 with 5 rows to PostgreSQL...
[2026-06-29T10:40:32.263+0000] {subprocess.py:93} INFO - ✅ Batch 35 written successfully!
[2026-06-29T10:40:36.115+0000] {subprocess.py:93} INFO - 📦 Writing batch 36 with 5 rows to PostgreSQL...
[2026-06-29T10:40:36.518+0000] {subprocess.py:93} INFO - ✅ Batch 36 written successfully!
[2026-06-29T10:40:41.334+0000] {subprocess.py:93} INFO - 📦 Writing batch 37 with 5 rows to PostgreSQL...
[2026-06-29T10:40:42.178+0000] {subprocess.py:93} INFO - ✅ Batch 37 written successfully!
[2026-06-29T10:40:46.152+0000] {subprocess.py:93} INFO - 📦 Writing batch 38 with 5 rows to PostgreSQL...
[2026-06-29T10:40:46.967+0000] {subprocess.py:93} INFO - ✅ Batch 38 written successfully!
[2026-06-29T10:40:51.268+0000] {subprocess.py:93} INFO - 📦 Writing batch 39 with 5 rows to PostgreSQL...
[2026-06-29T10:40:52.337+0000] {subprocess.py:93} INFO - ✅ Batch 39 written successfully!
[2026-06-29T10:40:55.999+0000] {subprocess.py:93} INFO - 📦 Writing batch 40 with 5 rows to PostgreSQL...
[2026-06-29T10:40:56.404+0000] {subprocess.py:93} INFO - ✅ Batch 40 written successfully!
[2026-06-29T10:41:01.098+0000] {subprocess.py:93} INFO - 📦 Writing batch 41 with 5 rows to PostgreSQL...
[2026-06-29T10:41:02.065+0000] {subprocess.py:93} INFO - ✅ Batch 41 written successfully!
[2026-06-29T10:41:06.274+0000] {subprocess.py:93} INFO - 📦 Writing batch 42 with 5 rows to PostgreSQL...
[2026-06-29T10:41:07.228+0000] {subprocess.py:93} INFO - ✅ Batch 42 written successfully!
[2026-06-29T10:41:11.590+0000] {subprocess.py:93} INFO - 📦 Writing batch 43 with 5 rows to PostgreSQL...
[2026-06-29T10:41:12.422+0000] {subprocess.py:93} INFO - ✅ Batch 43 written successfully!
[2026-06-29T10:41:16.370+0000] {subprocess.py:93} INFO - 📦 Writing batch 44 with 5 rows to PostgreSQL...
[2026-06-29T10:41:17.194+0000] {subprocess.py:93} INFO - ✅ Batch 44 written successfully!
[2026-06-29T10:41:21.124+0000] {subprocess.py:93} INFO - 📦 Writing batch 45 with 5 rows to PostgreSQL...
[2026-06-29T10:41:21.489+0000] {subprocess.py:93} INFO - ✅ Batch 45 written successfully!
[2026-06-29T10:41:26.209+0000] {subprocess.py:93} INFO - 📦 Writing batch 46 with 5 rows to PostgreSQL...
[2026-06-29T10:41:26.614+0000] {subprocess.py:93} INFO - ✅ Batch 46 written successfully!
[2026-06-29T10:41:31.383+0000] {subprocess.py:93} INFO - 📦 Writing batch 47 with 5 rows to PostgreSQL...
[2026-06-29T10:41:31.798+0000] {subprocess.py:93} INFO - ✅ Batch 47 written successfully!
[2026-06-29T10:41:36.520+0000] {subprocess.py:93} INFO - 📦 Writing batch 48 with 5 rows to PostgreSQL...
[2026-06-29T10:41:36.925+0000] {subprocess.py:93} INFO - ✅ Batch 48 written successfully!
[2026-06-29T10:41:41.000+0000] {subprocess.py:93} INFO - 📦 Writing batch 49 with 5 rows to PostgreSQL...
[2026-06-29T10:41:41.810+0000] {subprocess.py:93} INFO - ✅ Batch 49 written successfully!
[2026-06-29T10:41:46.765+0000] {subprocess.py:93} INFO - 📦 Writing batch 50 with 6 rows to PostgreSQL...
[2026-06-29T10:41:47.560+0000] {subprocess.py:93} INFO - ✅ Batch 50 written successfully!
[2026-06-29T10:41:51.490+0000] {subprocess.py:93} INFO - 📦 Writing batch 51 with 4 rows to PostgreSQL...
[2026-06-29T10:41:51.884+0000] {subprocess.py:93} INFO - ✅ Batch 51 written successfully!
[2026-06-29T10:41:56.007+0000] {subprocess.py:93} INFO - 📦 Writing batch 52 with 5 rows to PostgreSQL...
[2026-06-29T10:41:56.766+0000] {subprocess.py:93} INFO - ✅ Batch 52 written successfully!
[2026-06-29T10:41:59.048+0000] {timeout.py:68} ERROR - Process timed out, PID: 355
[2026-06-29T10:41:59.079+0000] {taskinstance.py:441} INFO - ::group::Post task execution logs
[2026-06-29T10:41:59.088+0000] {subprocess.py:104} INFO - Sending SIGTERM signal to process group
[2026-06-29T10:41:59.507+0000] {taskinstance.py:2905} ERROR - Task failed with exception
Traceback (most recent call last):
  File "/home/airflow/.local/lib/python3.12/site-packages/airflow/models/taskinstance.py", line 460, in _execute_task
    result = _execute_callable(context=context, **execute_callable_kwargs)
             ^^^^^^^^^^^^^^^^^^^^^^^^^^^^^^^^^^^^^^^^^^^^^^^^^^^^^^^^^^^^^
  File "/home/airflow/.local/lib/python3.12/site-packages/airflow/models/taskinstance.py", line 432, in _execute_callable
    return execute_callable(context=context, **execute_callable_kwargs)
           ^^^^^^^^^^^^^^^^^^^^^^^^^^^^^^^^^^^^^^^^^^^^^^^^^^^^^^^^^^^^
  File "/home/airflow/.local/lib/python3.12/site-packages/airflow/models/baseoperator.py", line 400, in wrapper
    return func(self, *args, **kwargs)
           ^^^^^^^^^^^^^^^^^^^^^^^^^^^
  File "/home/airflow/.local/lib/python3.12/site-packages/airflow/operators/bash.py", line 234, in execute
    result = self.subprocess_hook.run_command(
             ^^^^^^^^^^^^^^^^^^^^^^^^^^^^^^^^^
  File "/home/airflow/.local/lib/python3.12/site-packages/airflow/hooks/subprocess.py", line 91, in run_command
    for raw_line in iter(self.sub_process.stdout.readline, b""):
  File "/home/airflow/.local/lib/python3.12/site-packages/airflow/utils/timeout.py", line 69, in handle_timeout
    raise AirflowTaskTimeout(self.error_message)
airflow.exceptions.AirflowTaskTimeout: Timeout, PID: 355
[2026-06-29T10:41:59.578+0000] {taskinstance.py:1206} INFO - Marking task as UP_FOR_RETRY. dag_id=clickstream_etl_pipeline, task_id=submit_spark_etl_job, run_id=scheduled__2026-06-29T10:20:00+00:00, execution_date=20260629T102000, start_date=20260629T103704, end_date=20260629T104159
[2026-06-29T10:41:59.761+0000] {local_task_job_runner.py:240} INFO - Task exited with return code 2
[2026-06-29T10:41:59.992+0000] {taskinstance.py:3498} INFO - 0 downstream tasks scheduled from follow-on schedule check
[2026-06-29T10:41:59.996+0000] {local_task_job_runner.py:222} INFO - ::endgroup::
