[2026-06-29T10:47:03.252+0000] {local_task_job_runner.py:120} INFO - ::group::Pre task execution logs
[2026-06-29T10:47:03.454+0000] {taskinstance.py:2076} INFO - Dependencies all met for dep_context=non-requeueable deps ti=<TaskInstance: clickstream_etl_pipeline.submit_spark_etl_job scheduled__2026-06-29T10:30:00+00:00 [queued]>
[2026-06-29T10:47:03.474+0000] {taskinstance.py:2076} INFO - Dependencies all met for dep_context=requeueable deps ti=<TaskInstance: clickstream_etl_pipeline.submit_spark_etl_job scheduled__2026-06-29T10:30:00+00:00 [queued]>
[2026-06-29T10:47:03.475+0000] {taskinstance.py:2306} INFO - Starting attempt 2 of 3
[2026-06-29T10:47:03.506+0000] {taskinstance.py:2330} INFO - Executing <Task(BashOperator): submit_spark_etl_job> on 2026-06-29 10:30:00+00:00
[2026-06-29T10:47:03.524+0000] {standard_task_runner.py:90} INFO - Running: ['airflow', 'tasks', 'run', 'clickstream_etl_pipeline', 'submit_spark_etl_job', 'scheduled__2026-06-29T10:30:00+00:00', '--job-id', '25', '--raw', '--subdir', 'DAGS_FOLDER/clickstream_etl_dag.py', '--cfg-path', '/tmp/tmpxstx_04z']
[2026-06-29T10:47:03.528+0000] {standard_task_runner.py:91} INFO - Job 25: Subtask submit_spark_etl_job
[2026-06-29T10:47:03.533+0000] {logging_mixin.py:188} WARNING - /home/airflow/.local/lib/python3.12/site-packages/airflow/task/task_runner/standard_task_runner.py:61 DeprecationWarning: This process (pid=483) is multi-threaded, use of fork() may lead to deadlocks in the child.
[2026-06-29T10:47:03.534+0000] {standard_task_runner.py:63} INFO - Started process 484 to run task
[2026-06-29T10:47:03.683+0000] {task_command.py:426} INFO - Running <TaskInstance: clickstream_etl_pipeline.submit_spark_etl_job scheduled__2026-06-29T10:30:00+00:00 [running]> on host fa8ae8f32dcf
[2026-06-29T10:47:03.915+0000] {taskinstance.py:2648} INFO - Exporting env vars: AIRFLOW_CTX_DAG_OWNER='nabha' AIRFLOW_CTX_DAG_ID='clickstream_etl_pipeline' AIRFLOW_CTX_TASK_ID='submit_spark_etl_job' AIRFLOW_CTX_EXECUTION_DATE='2026-06-29T10:30:00+00:00' AIRFLOW_CTX_TRY_NUMBER='2' AIRFLOW_CTX_DAG_RUN_ID='scheduled__2026-06-29T10:30:00+00:00'
[2026-06-29T10:47:03.919+0000] {taskinstance.py:430} INFO - ::endgroup::
[2026-06-29T10:47:04.002+0000] {subprocess.py:63} INFO - Tmp dir root location: /tmp
[2026-06-29T10:47:04.006+0000] {subprocess.py:75} INFO - Running command: ['/usr/bin/bash', '-c', '\n        docker exec spark-submit /opt/spark/bin/spark-submit             --master local[*]             --jars /opt/spark/extra-jars/spark-sql-kafka-0-10_2.12-3.5.1.jar,/opt/spark/extra-jars/kafka-clients-3.4.1.jar,/opt/spark/extra-jars/spark-token-provider-kafka-0-10_2.12-3.5.1.jar,/opt/spark/extra-jars/commons-pool2-2.11.1.jar,/opt/spark/extra-jars/postgresql-42.6.0.jar             --conf spark.driver.host=spark-submit             --conf spark.driver.bindAddress=0.0.0.0             /opt/spark/work-dir/spark_consumer.py || true\n    ']
[2026-06-29T10:47:04.033+0000] {subprocess.py:86} INFO - Output:
[2026-06-29T10:47:14.151+0000] {subprocess.py:93} INFO - 26/06/29 10:47:14 WARN NativeCodeLoader: Unable to load native-hadoop library for your platform... using builtin-java classes where applicable
[2026-06-29T10:47:16.816+0000] {subprocess.py:93} INFO - 26/06/29 10:47:16 INFO SparkContext: Running Spark version 3.5.1
[2026-06-29T10:47:16.818+0000] {subprocess.py:93} INFO - 26/06/29 10:47:16 INFO SparkContext: OS info Linux, 6.6.87.2-microsoft-standard-WSL2, amd64
[2026-06-29T10:47:16.819+0000] {subprocess.py:93} INFO - 26/06/29 10:47:16 INFO SparkContext: Java version 11.0.22
[2026-06-29T10:47:16.868+0000] {subprocess.py:93} INFO - 26/06/29 10:47:16 INFO ResourceUtils: ==============================================================
[2026-06-29T10:47:16.870+0000] {subprocess.py:93} INFO - 26/06/29 10:47:16 INFO ResourceUtils: No custom resources configured for spark.driver.
[2026-06-29T10:47:16.874+0000] {subprocess.py:93} INFO - 26/06/29 10:47:16 INFO ResourceUtils: ==============================================================
[2026-06-29T10:47:16.875+0000] {subprocess.py:93} INFO - 26/06/29 10:47:16 INFO SparkContext: Submitted application: EcommerceClickstream
[2026-06-29T10:47:16.927+0000] {subprocess.py:93} INFO - 26/06/29 10:47:16 INFO ResourceProfile: Default ResourceProfile created, executor resources: Map(cores -> name: cores, amount: 1, script: , vendor: , memory -> name: memory, amount: 1024, script: , vendor: , offHeap -> name: offHeap, amount: 0, script: , vendor: ), task resources: Map(cpus -> name: cpus, amount: 1.0)
[2026-06-29T10:47:16.958+0000] {subprocess.py:93} INFO - 26/06/29 10:47:16 INFO ResourceProfile: Limiting resource is cpu
[2026-06-29T10:47:16.960+0000] {subprocess.py:93} INFO - 26/06/29 10:47:16 INFO ResourceProfileManager: Added ResourceProfile id: 0
[2026-06-29T10:47:17.130+0000] {subprocess.py:93} INFO - 26/06/29 10:47:17 INFO SecurityManager: Changing view acls to: spark
[2026-06-29T10:47:17.131+0000] {subprocess.py:93} INFO - 26/06/29 10:47:17 INFO SecurityManager: Changing modify acls to: spark
[2026-06-29T10:47:17.132+0000] {subprocess.py:93} INFO - 26/06/29 10:47:17 INFO SecurityManager: Changing view acls groups to:
[2026-06-29T10:47:17.133+0000] {subprocess.py:93} INFO - 26/06/29 10:47:17 INFO SecurityManager: Changing modify acls groups to:
[2026-06-29T10:47:17.133+0000] {subprocess.py:93} INFO - 26/06/29 10:47:17 INFO SecurityManager: SecurityManager: authentication disabled; ui acls disabled; users with view permissions: spark; groups with view permissions: EMPTY; users with modify permissions: spark; groups with modify permissions: EMPTY
[2026-06-29T10:47:17.492+0000] {subprocess.py:93} INFO - 26/06/29 10:47:17 INFO Utils: Successfully started service 'sparkDriver' on port 41559.
[2026-06-29T10:47:17.570+0000] {subprocess.py:93} INFO - 26/06/29 10:47:17 INFO SparkEnv: Registering MapOutputTracker
[2026-06-29T10:47:17.644+0000] {subprocess.py:93} INFO - 26/06/29 10:47:17 INFO SparkEnv: Registering BlockManagerMaster
[2026-06-29T10:47:17.697+0000] {subprocess.py:93} INFO - 26/06/29 10:47:17 INFO BlockManagerMasterEndpoint: Using org.apache.spark.storage.DefaultTopologyMapper for getting topology information
[2026-06-29T10:47:17.699+0000] {subprocess.py:93} INFO - 26/06/29 10:47:17 INFO BlockManagerMasterEndpoint: BlockManagerMasterEndpoint up
[2026-06-29T10:47:17.707+0000] {subprocess.py:93} INFO - 26/06/29 10:47:17 INFO SparkEnv: Registering BlockManagerMasterHeartbeat
[2026-06-29T10:47:17.765+0000] {subprocess.py:93} INFO - 26/06/29 10:47:17 INFO DiskBlockManager: Created local directory at /tmp/blockmgr-c518e728-2629-4df4-a5a2-7c55f738250b
[2026-06-29T10:47:17.794+0000] {subprocess.py:93} INFO - 26/06/29 10:47:17 INFO MemoryStore: MemoryStore started with capacity 434.4 MiB
[2026-06-29T10:47:17.822+0000] {subprocess.py:93} INFO - 26/06/29 10:47:17 INFO SparkEnv: Registering OutputCommitCoordinator
[2026-06-29T10:47:18.327+0000] {subprocess.py:93} INFO - 26/06/29 10:47:18 INFO JettyUtils: Start Jetty 0.0.0.0:4040 for SparkUI
[2026-06-29T10:47:18.615+0000] {subprocess.py:93} INFO - 26/06/29 10:47:18 WARN Utils: Service 'SparkUI' could not bind on port 4040. Attempting port 4041.
[2026-06-29T10:47:18.617+0000] {subprocess.py:93} INFO - 26/06/29 10:47:18 WARN Utils: Service 'SparkUI' could not bind on port 4041. Attempting port 4042.
[2026-06-29T10:47:18.618+0000] {subprocess.py:93} INFO - 26/06/29 10:47:18 WARN Utils: Service 'SparkUI' could not bind on port 4042. Attempting port 4043.
[2026-06-29T10:47:18.620+0000] {subprocess.py:93} INFO - 26/06/29 10:47:18 WARN Utils: Service 'SparkUI' could not bind on port 4043. Attempting port 4044.
[2026-06-29T10:47:18.621+0000] {subprocess.py:93} INFO - 26/06/29 10:47:18 WARN Utils: Service 'SparkUI' could not bind on port 4044. Attempting port 4045.
[2026-06-29T10:47:18.653+0000] {subprocess.py:93} INFO - 26/06/29 10:47:18 INFO Utils: Successfully started service 'SparkUI' on port 4045.
[2026-06-29T10:47:18.769+0000] {subprocess.py:93} INFO - 26/06/29 10:47:18 INFO SparkContext: Added JAR file:///opt/spark/extra-jars/spark-sql-kafka-0-10_2.12-3.5.1.jar at spark://spark-submit:41559/jars/spark-sql-kafka-0-10_2.12-3.5.1.jar with timestamp 1782730036797
[2026-06-29T10:47:18.770+0000] {subprocess.py:93} INFO - 26/06/29 10:47:18 INFO SparkContext: Added JAR file:///opt/spark/extra-jars/kafka-clients-3.4.1.jar at spark://spark-submit:41559/jars/kafka-clients-3.4.1.jar with timestamp 1782730036797
[2026-06-29T10:47:18.772+0000] {subprocess.py:93} INFO - 26/06/29 10:47:18 INFO SparkContext: Added JAR file:///opt/spark/extra-jars/spark-token-provider-kafka-0-10_2.12-3.5.1.jar at spark://spark-submit:41559/jars/spark-token-provider-kafka-0-10_2.12-3.5.1.jar with timestamp 1782730036797
[2026-06-29T10:47:18.774+0000] {subprocess.py:93} INFO - 26/06/29 10:47:18 INFO SparkContext: Added JAR file:///opt/spark/extra-jars/commons-pool2-2.11.1.jar at spark://spark-submit:41559/jars/commons-pool2-2.11.1.jar with timestamp 1782730036797
[2026-06-29T10:47:18.776+0000] {subprocess.py:93} INFO - 26/06/29 10:47:18 INFO SparkContext: Added JAR file:///opt/spark/extra-jars/postgresql-42.6.0.jar at spark://spark-submit:41559/jars/postgresql-42.6.0.jar with timestamp 1782730036797
[2026-06-29T10:47:18.898+0000] {subprocess.py:93} INFO - 26/06/29 10:47:18 INFO Executor: Starting executor ID driver on host 82f460df2328
[2026-06-29T10:47:18.899+0000] {subprocess.py:93} INFO - 26/06/29 10:47:18 INFO Executor: OS info Linux, 6.6.87.2-microsoft-standard-WSL2, amd64
[2026-06-29T10:47:18.900+0000] {subprocess.py:93} INFO - 26/06/29 10:47:18 INFO Executor: Java version 11.0.22
[2026-06-29T10:47:18.911+0000] {subprocess.py:93} INFO - 26/06/29 10:47:18 INFO Executor: Starting executor with user classpath (userClassPathFirst = false): ''
[2026-06-29T10:47:18.912+0000] {subprocess.py:93} INFO - 26/06/29 10:47:18 INFO Executor: Created or updated repl class loader org.apache.spark.util.MutableURLClassLoader@159c7e34 for default.
[2026-06-29T10:47:18.936+0000] {subprocess.py:93} INFO - 26/06/29 10:47:18 INFO Executor: Fetching spark://spark-submit:41559/jars/spark-token-provider-kafka-0-10_2.12-3.5.1.jar with timestamp 1782730036797
[2026-06-29T10:47:19.024+0000] {subprocess.py:93} INFO - 26/06/29 10:47:19 INFO TransportClientFactory: Successfully created connection to spark-submit/172.18.0.5:41559 after 44 ms (0 ms spent in bootstraps)
[2026-06-29T10:47:19.034+0000] {subprocess.py:93} INFO - 26/06/29 10:47:19 INFO Utils: Fetching spark://spark-submit:41559/jars/spark-token-provider-kafka-0-10_2.12-3.5.1.jar to /tmp/spark-65f0dbf8-ba2b-47f8-b548-6bb4bc65665c/userFiles-9289e077-9310-40ff-807a-475383be05cf/fetchFileTemp1109150653379593122.tmp
[2026-06-29T10:47:19.137+0000] {subprocess.py:93} INFO - 26/06/29 10:47:19 INFO Executor: Adding file:/tmp/spark-65f0dbf8-ba2b-47f8-b548-6bb4bc65665c/userFiles-9289e077-9310-40ff-807a-475383be05cf/spark-token-provider-kafka-0-10_2.12-3.5.1.jar to class loader default
[2026-06-29T10:47:19.138+0000] {subprocess.py:93} INFO - 26/06/29 10:47:19 INFO Executor: Fetching spark://spark-submit:41559/jars/kafka-clients-3.4.1.jar with timestamp 1782730036797
[2026-06-29T10:47:19.139+0000] {subprocess.py:93} INFO - 26/06/29 10:47:19 INFO Utils: Fetching spark://spark-submit:41559/jars/kafka-clients-3.4.1.jar to /tmp/spark-65f0dbf8-ba2b-47f8-b548-6bb4bc65665c/userFiles-9289e077-9310-40ff-807a-475383be05cf/fetchFileTemp15186435603063834166.tmp
[2026-06-29T10:47:19.244+0000] {subprocess.py:93} INFO - 26/06/29 10:47:19 INFO Executor: Adding file:/tmp/spark-65f0dbf8-ba2b-47f8-b548-6bb4bc65665c/userFiles-9289e077-9310-40ff-807a-475383be05cf/kafka-clients-3.4.1.jar to class loader default
[2026-06-29T10:47:19.246+0000] {subprocess.py:93} INFO - 26/06/29 10:47:19 INFO Executor: Fetching spark://spark-submit:41559/jars/postgresql-42.6.0.jar with timestamp 1782730036797
[2026-06-29T10:47:19.247+0000] {subprocess.py:93} INFO - 26/06/29 10:47:19 INFO Utils: Fetching spark://spark-submit:41559/jars/postgresql-42.6.0.jar to /tmp/spark-65f0dbf8-ba2b-47f8-b548-6bb4bc65665c/userFiles-9289e077-9310-40ff-807a-475383be05cf/fetchFileTemp12366442769974547932.tmp
[2026-06-29T10:47:19.284+0000] {subprocess.py:93} INFO - 26/06/29 10:47:19 INFO Executor: Adding file:/tmp/spark-65f0dbf8-ba2b-47f8-b548-6bb4bc65665c/userFiles-9289e077-9310-40ff-807a-475383be05cf/postgresql-42.6.0.jar to class loader default
[2026-06-29T10:47:19.286+0000] {subprocess.py:93} INFO - 26/06/29 10:47:19 INFO Executor: Fetching spark://spark-submit:41559/jars/commons-pool2-2.11.1.jar with timestamp 1782730036797
[2026-06-29T10:47:19.287+0000] {subprocess.py:93} INFO - 26/06/29 10:47:19 INFO Utils: Fetching spark://spark-submit:41559/jars/commons-pool2-2.11.1.jar to /tmp/spark-65f0dbf8-ba2b-47f8-b548-6bb4bc65665c/userFiles-9289e077-9310-40ff-807a-475383be05cf/fetchFileTemp7006985175417566045.tmp
[2026-06-29T10:47:19.310+0000] {subprocess.py:93} INFO - 26/06/29 10:47:19 INFO Executor: Adding file:/tmp/spark-65f0dbf8-ba2b-47f8-b548-6bb4bc65665c/userFiles-9289e077-9310-40ff-807a-475383be05cf/commons-pool2-2.11.1.jar to class loader default
[2026-06-29T10:47:19.311+0000] {subprocess.py:93} INFO - 26/06/29 10:47:19 INFO Executor: Fetching spark://spark-submit:41559/jars/spark-sql-kafka-0-10_2.12-3.5.1.jar with timestamp 1782730036797
[2026-06-29T10:47:19.312+0000] {subprocess.py:93} INFO - 26/06/29 10:47:19 INFO Utils: Fetching spark://spark-submit:41559/jars/spark-sql-kafka-0-10_2.12-3.5.1.jar to /tmp/spark-65f0dbf8-ba2b-47f8-b548-6bb4bc65665c/userFiles-9289e077-9310-40ff-807a-475383be05cf/fetchFileTemp16397842197881125993.tmp
[2026-06-29T10:47:19.346+0000] {subprocess.py:93} INFO - 26/06/29 10:47:19 INFO Executor: Adding file:/tmp/spark-65f0dbf8-ba2b-47f8-b548-6bb4bc65665c/userFiles-9289e077-9310-40ff-807a-475383be05cf/spark-sql-kafka-0-10_2.12-3.5.1.jar to class loader default
[2026-06-29T10:47:19.379+0000] {subprocess.py:93} INFO - 26/06/29 10:47:19 INFO Utils: Successfully started service 'org.apache.spark.network.netty.NettyBlockTransferService' on port 45831.
[2026-06-29T10:47:19.383+0000] {subprocess.py:93} INFO - 26/06/29 10:47:19 INFO NettyBlockTransferService: Server created on spark-submit 0.0.0.0:45831
[2026-06-29T10:47:19.387+0000] {subprocess.py:93} INFO - 26/06/29 10:47:19 INFO BlockManager: Using org.apache.spark.storage.RandomBlockReplicationPolicy for block replication policy
[2026-06-29T10:47:19.409+0000] {subprocess.py:93} INFO - 26/06/29 10:47:19 INFO BlockManagerMaster: Registering BlockManager BlockManagerId(driver, spark-submit, 45831, None)
[2026-06-29T10:47:19.419+0000] {subprocess.py:93} INFO - 26/06/29 10:47:19 INFO BlockManagerMasterEndpoint: Registering block manager spark-submit:45831 with 434.4 MiB RAM, BlockManagerId(driver, spark-submit, 45831, None)
[2026-06-29T10:47:19.425+0000] {subprocess.py:93} INFO - 26/06/29 10:47:19 INFO BlockManagerMaster: Registered BlockManager BlockManagerId(driver, spark-submit, 45831, None)
[2026-06-29T10:47:19.427+0000] {subprocess.py:93} INFO - 26/06/29 10:47:19 INFO BlockManager: Initialized BlockManager: BlockManagerId(driver, spark-submit, 45831, None)
[2026-06-29T10:47:20.415+0000] {subprocess.py:93} INFO - ✅ SparkSession created!
[2026-06-29T10:47:25.858+0000] {subprocess.py:93} INFO - ✅ Streaming started! Writing to PostgreSQL...
[2026-06-29T10:47:40.021+0000] {subprocess.py:93} INFO - 📦 Writing batch 0 with 1 rows to PostgreSQL...
[2026-06-29T10:47:44.962+0000] {subprocess.py:93} INFO - ✅ Batch 0 written successfully!
[2026-06-29T10:47:49.203+0000] {subprocess.py:93} INFO - 📦 Writing batch 1 with 16 rows to PostgreSQL...
[2026-06-29T10:47:50.276+0000] {subprocess.py:93} INFO - ✅ Batch 1 written successfully!
[2026-06-29T10:47:52.462+0000] {subprocess.py:93} INFO - 📦 Writing batch 2 with 5 rows to PostgreSQL...
[2026-06-29T10:47:53.331+0000] {subprocess.py:93} INFO - ✅ Batch 2 written successfully!
[2026-06-29T10:47:57.636+0000] {subprocess.py:93} INFO - 📦 Writing batch 3 with 4 rows to PostgreSQL...
[2026-06-29T10:47:59.036+0000] {subprocess.py:93} INFO - ✅ Batch 3 written successfully!
[2026-06-29T10:48:01.676+0000] {subprocess.py:93} INFO - 📦 Writing batch 4 with 5 rows to PostgreSQL...
[2026-06-29T10:48:02.540+0000] {subprocess.py:93} INFO - ✅ Batch 4 written successfully!
[2026-06-29T10:48:06.110+0000] {subprocess.py:93} INFO - 📦 Writing batch 5 with 5 rows to PostgreSQL...
[2026-06-29T10:48:07.008+0000] {subprocess.py:93} INFO - ✅ Batch 5 written successfully!
[2026-06-29T10:48:11.929+0000] {subprocess.py:93} INFO - 📦 Writing batch 6 with 5 rows to PostgreSQL...
[2026-06-29T10:48:12.740+0000] {subprocess.py:93} INFO - ✅ Batch 6 written successfully!
[2026-06-29T10:48:16.371+0000] {subprocess.py:93} INFO - 📦 Writing batch 7 with 5 rows to PostgreSQL...
[2026-06-29T10:48:17.221+0000] {subprocess.py:93} INFO - ✅ Batch 7 written successfully!
[2026-06-29T10:48:21.157+0000] {subprocess.py:93} INFO - 📦 Writing batch 8 with 5 rows to PostgreSQL...
[2026-06-29T10:48:21.543+0000] {subprocess.py:93} INFO - ✅ Batch 8 written successfully!
[2026-06-29T10:48:26.419+0000] {subprocess.py:93} INFO - 📦 Writing batch 9 with 5 rows to PostgreSQL...
[2026-06-29T10:48:26.737+0000] {subprocess.py:93} INFO - ✅ Batch 9 written successfully!
[2026-06-29T10:48:31.891+0000] {subprocess.py:93} INFO - 📦 Writing batch 10 with 5 rows to PostgreSQL...
[2026-06-29T10:48:32.815+0000] {subprocess.py:93} INFO - ✅ Batch 10 written successfully!
[2026-06-29T10:48:37.147+0000] {subprocess.py:93} INFO - 📦 Writing batch 11 with 5 rows to PostgreSQL...
[2026-06-29T10:48:38.270+0000] {subprocess.py:93} INFO - ✅ Batch 11 written successfully!
[2026-06-29T10:48:41.217+0000] {subprocess.py:93} INFO - 📦 Writing batch 12 with 5 rows to PostgreSQL...
[2026-06-29T10:48:42.132+0000] {subprocess.py:93} INFO - ✅ Batch 12 written successfully!
[2026-06-29T10:48:46.654+0000] {subprocess.py:93} INFO - 📦 Writing batch 13 with 5 rows to PostgreSQL...
[2026-06-29T10:48:47.679+0000] {subprocess.py:93} INFO - ✅ Batch 13 written successfully!
[2026-06-29T10:48:51.555+0000] {subprocess.py:93} INFO - 📦 Writing batch 14 with 5 rows to PostgreSQL...
[2026-06-29T10:48:52.371+0000] {subprocess.py:93} INFO - ✅ Batch 14 written successfully!
[2026-06-29T10:48:56.643+0000] {subprocess.py:93} INFO - 📦 Writing batch 15 with 5 rows to PostgreSQL...
[2026-06-29T10:48:57.683+0000] {subprocess.py:93} INFO - ✅ Batch 15 written successfully!
[2026-06-29T10:49:01.763+0000] {subprocess.py:93} INFO - 📦 Writing batch 16 with 5 rows to PostgreSQL...
[2026-06-29T10:49:02.109+0000] {subprocess.py:93} INFO - ✅ Batch 16 written successfully!
[2026-06-29T10:49:06.370+0000] {subprocess.py:93} INFO - 📦 Writing batch 17 with 5 rows to PostgreSQL...
[2026-06-29T10:49:07.473+0000] {subprocess.py:93} INFO - ✅ Batch 17 written successfully!
[2026-06-29T10:49:11.436+0000] {subprocess.py:93} INFO - 📦 Writing batch 18 with 5 rows to PostgreSQL...
[2026-06-29T10:49:11.788+0000] {subprocess.py:93} INFO - ✅ Batch 18 written successfully!
[2026-06-29T10:49:16.691+0000] {subprocess.py:93} INFO - 📦 Writing batch 19 with 5 rows to PostgreSQL...
[2026-06-29T10:49:17.567+0000] {subprocess.py:93} INFO - ✅ Batch 19 written successfully!
[2026-06-29T10:49:21.017+0000] {subprocess.py:93} INFO - 📦 Writing batch 20 with 5 rows to PostgreSQL...
[2026-06-29T10:49:21.860+0000] {subprocess.py:93} INFO - ✅ Batch 20 written successfully!
[2026-06-29T10:49:26.140+0000] {subprocess.py:93} INFO - 📦 Writing batch 21 with 4 rows to PostgreSQL...
[2026-06-29T10:49:26.901+0000] {subprocess.py:93} INFO - ✅ Batch 21 written successfully!
[2026-06-29T10:49:31.288+0000] {subprocess.py:93} INFO - 📦 Writing batch 22 with 5 rows to PostgreSQL...
[2026-06-29T10:49:32.009+0000] {subprocess.py:93} INFO - ✅ Batch 22 written successfully!
[2026-06-29T10:49:36.422+0000] {subprocess.py:93} INFO - 📦 Writing batch 23 with 6 rows to PostgreSQL...
[2026-06-29T10:49:36.795+0000] {subprocess.py:93} INFO - ✅ Batch 23 written successfully!
[2026-06-29T10:49:41.513+0000] {subprocess.py:93} INFO - 📦 Writing batch 24 with 5 rows to PostgreSQL...
[2026-06-29T10:49:41.927+0000] {subprocess.py:93} INFO - ✅ Batch 24 written successfully!
[2026-06-29T10:49:46.051+0000] {subprocess.py:93} INFO - 📦 Writing batch 25 with 5 rows to PostgreSQL...
[2026-06-29T10:49:46.792+0000] {subprocess.py:93} INFO - ✅ Batch 25 written successfully!
[2026-06-29T10:49:51.232+0000] {subprocess.py:93} INFO - 📦 Writing batch 26 with 4 rows to PostgreSQL...
[2026-06-29T10:49:52.042+0000] {subprocess.py:93} INFO - ✅ Batch 26 written successfully!
[2026-06-29T10:49:56.352+0000] {subprocess.py:93} INFO - 📦 Writing batch 27 with 5 rows to PostgreSQL...
[2026-06-29T10:49:57.068+0000] {subprocess.py:93} INFO - ✅ Batch 27 written successfully!
[2026-06-29T10:50:01.181+0000] {subprocess.py:93} INFO - 📦 Writing batch 28 with 5 rows to PostgreSQL...
[2026-06-29T10:50:01.532+0000] {subprocess.py:93} INFO - ✅ Batch 28 written successfully!
[2026-06-29T10:50:06.555+0000] {subprocess.py:93} INFO - 📦 Writing batch 29 with 6 rows to PostgreSQL...
[2026-06-29T10:50:06.962+0000] {subprocess.py:93} INFO - ✅ Batch 29 written successfully!
[2026-06-29T10:50:12.262+0000] {subprocess.py:93} INFO - 📦 Writing batch 30 with 4 rows to PostgreSQL...
[2026-06-29T10:50:13.269+0000] {subprocess.py:93} INFO - ✅ Batch 30 written successfully!
[2026-06-29T10:51:48.970+0000] {job.py:218} ERROR - Job heartbeat got an exception
Traceback (most recent call last):
  File "/home/airflow/.local/lib/python3.12/site-packages/sqlalchemy/engine/base.py", line 3371, in _wrap_pool_connect
    return fn()
           ^^^^
  File "/home/airflow/.local/lib/python3.12/site-packages/sqlalchemy/pool/base.py", line 327, in connect
    return _ConnectionFairy._checkout(self)
           ^^^^^^^^^^^^^^^^^^^^^^^^^^^^^^^^
  File "/home/airflow/.local/lib/python3.12/site-packages/sqlalchemy/pool/base.py", line 894, in _checkout
    fairy = _ConnectionRecord.checkout(pool)
            ^^^^^^^^^^^^^^^^^^^^^^^^^^^^^^^^
  File "/home/airflow/.local/lib/python3.12/site-packages/sqlalchemy/pool/base.py", line 493, in checkout
    rec = pool._do_get()
          ^^^^^^^^^^^^^^
  File "/home/airflow/.local/lib/python3.12/site-packages/sqlalchemy/pool/impl.py", line 256, in _do_get
    return self._create_connection()
           ^^^^^^^^^^^^^^^^^^^^^^^^^
  File "/home/airflow/.local/lib/python3.12/site-packages/sqlalchemy/pool/base.py", line 273, in _create_connection
    return _ConnectionRecord(self)
           ^^^^^^^^^^^^^^^^^^^^^^^
  File "/home/airflow/.local/lib/python3.12/site-packages/sqlalchemy/pool/base.py", line 388, in __init__
    self.__connect()
  File "/home/airflow/.local/lib/python3.12/site-packages/sqlalchemy/pool/base.py", line 690, in __connect
    with util.safe_reraise():
  File "/home/airflow/.local/lib/python3.12/site-packages/sqlalchemy/util/langhelpers.py", line 70, in __exit__
    compat.raise_(
  File "/home/airflow/.local/lib/python3.12/site-packages/sqlalchemy/util/compat.py", line 211, in raise_
    raise exception
  File "/home/airflow/.local/lib/python3.12/site-packages/sqlalchemy/pool/base.py", line 686, in __connect
    self.dbapi_connection = connection = pool._invoke_creator(self)
                                         ^^^^^^^^^^^^^^^^^^^^^^^^^^
  File "/home/airflow/.local/lib/python3.12/site-packages/sqlalchemy/engine/create.py", line 574, in connect
    return dialect.connect(*cargs, **cparams)
           ^^^^^^^^^^^^^^^^^^^^^^^^^^^^^^^^^^
  File "/home/airflow/.local/lib/python3.12/site-packages/sqlalchemy/engine/default.py", line 598, in connect
    return self.dbapi.connect(*cargs, **cparams)
           ^^^^^^^^^^^^^^^^^^^^^^^^^^^^^^^^^^^^^
  File "/home/airflow/.local/lib/python3.12/site-packages/psycopg2/__init__.py", line 122, in connect
    conn = _connect(dsn, connection_factory=connection_factory, **kwasync)
           ^^^^^^^^^^^^^^^^^^^^^^^^^^^^^^^^^^^^^^^^^^^^^^^^^^^^^^^^^^^^^^^
psycopg2.OperationalError: could not translate host name "postgres" to address: Temporary failure in name resolution


The above exception was the direct cause of the following exception:

Traceback (most recent call last):
  File "/home/airflow/.local/lib/python3.12/site-packages/airflow/jobs/job.py", line 192, in heartbeat
    self._merge_from(Job._fetch_from_db(self, session))
                     ^^^^^^^^^^^^^^^^^^^^^^^^^^^^^^^^^
  File "/home/airflow/.local/lib/python3.12/site-packages/airflow/api_internal/internal_api_call.py", line 115, in wrapper
    return func(*args, **kwargs)
           ^^^^^^^^^^^^^^^^^^^^^
  File "/home/airflow/.local/lib/python3.12/site-packages/airflow/utils/session.py", line 76, in wrapper
    return func(*args, **kwargs)
           ^^^^^^^^^^^^^^^^^^^^^
  File "/home/airflow/.local/lib/python3.12/site-packages/airflow/utils/retries.py", line 89, in wrapped_function
    for attempt in run_with_db_retries(max_retries=retries, logger=logger, **retry_kwargs):
  File "/home/airflow/.local/lib/python3.12/site-packages/tenacity/__init__.py", line 347, in __iter__
    do = self.iter(retry_state=retry_state)
         ^^^^^^^^^^^^^^^^^^^^^^^^^^^^^^^^^^
  File "/home/airflow/.local/lib/python3.12/site-packages/tenacity/__init__.py", line 325, in iter
    raise retry_exc.reraise()
          ^^^^^^^^^^^^^^^^^^^
  File "/home/airflow/.local/lib/python3.12/site-packages/tenacity/__init__.py", line 158, in reraise
    raise self.last_attempt.result()
          ^^^^^^^^^^^^^^^^^^^^^^^^^^
  File "/usr/local/lib/python3.12/concurrent/futures/_base.py", line 449, in result
    return self.__get_result()
           ^^^^^^^^^^^^^^^^^^^
  File "/usr/local/lib/python3.12/concurrent/futures/_base.py", line 401, in __get_result
    raise self._exception
  File "/home/airflow/.local/lib/python3.12/site-packages/airflow/utils/retries.py", line 98, in wrapped_function
    return func(*args, **kwargs)
           ^^^^^^^^^^^^^^^^^^^^^
  File "/home/airflow/.local/lib/python3.12/site-packages/airflow/jobs/job.py", line 316, in _fetch_from_db
    session.merge(job)
  File "/home/airflow/.local/lib/python3.12/site-packages/sqlalchemy/orm/session.py", line 3056, in merge
    return self._merge(
           ^^^^^^^^^^^^
  File "/home/airflow/.local/lib/python3.12/site-packages/sqlalchemy/orm/session.py", line 3136, in _merge
    merged = self.get(
             ^^^^^^^^^
  File "/home/airflow/.local/lib/python3.12/site-packages/sqlalchemy/orm/session.py", line 2853, in get
    return self._get_impl(
           ^^^^^^^^^^^^^^^
  File "/home/airflow/.local/lib/python3.12/site-packages/sqlalchemy/orm/session.py", line 2975, in _get_impl
    return db_load_fn(
           ^^^^^^^^^^^
  File "/home/airflow/.local/lib/python3.12/site-packages/sqlalchemy/orm/loading.py", line 530, in load_on_pk_identity
    session.execute(
  File "/home/airflow/.local/lib/python3.12/site-packages/sqlalchemy/orm/session.py", line 1716, in execute
    conn = self._connection_for_bind(bind)
           ^^^^^^^^^^^^^^^^^^^^^^^^^^^^^^^
  File "/home/airflow/.local/lib/python3.12/site-packages/sqlalchemy/orm/session.py", line 1555, in _connection_for_bind
    return self._transaction._connection_for_bind(
           ^^^^^^^^^^^^^^^^^^^^^^^^^^^^^^^^^^^^^^^
  File "/home/airflow/.local/lib/python3.12/site-packages/sqlalchemy/orm/session.py", line 750, in _connection_for_bind
    conn = bind.connect()
           ^^^^^^^^^^^^^^
  File "/home/airflow/.local/lib/python3.12/site-packages/sqlalchemy/future/engine.py", line 412, in connect
    return super(Engine, self).connect()
           ^^^^^^^^^^^^^^^^^^^^^^^^^^^^^
  File "/home/airflow/.local/lib/python3.12/site-packages/sqlalchemy/engine/base.py", line 3325, in connect
    return self._connection_cls(self, close_with_result=close_with_result)
           ^^^^^^^^^^^^^^^^^^^^^^^^^^^^^^^^^^^^^^^^^^^^^^^^^^^^^^^^^^^^^^^
  File "/home/airflow/.local/lib/python3.12/site-packages/sqlalchemy/engine/base.py", line 96, in __init__
    else engine.raw_connection()
         ^^^^^^^^^^^^^^^^^^^^^^^
  File "/home/airflow/.local/lib/python3.12/site-packages/sqlalchemy/engine/base.py", line 3404, in raw_connection
    return self._wrap_pool_connect(self.pool.connect, _connection)
           ^^^^^^^^^^^^^^^^^^^^^^^^^^^^^^^^^^^^^^^^^^^^^^^^^^^^^^^
  File "/home/airflow/.local/lib/python3.12/site-packages/sqlalchemy/engine/base.py", line 3374, in _wrap_pool_connect
    Connection._handle_dbapi_exception_noconnection(
  File "/home/airflow/.local/lib/python3.12/site-packages/sqlalchemy/engine/base.py", line 2208, in _handle_dbapi_exception_noconnection
    util.raise_(
  File "/home/airflow/.local/lib/python3.12/site-packages/sqlalchemy/util/compat.py", line 211, in raise_
    raise exception
  File "/home/airflow/.local/lib/python3.12/site-packages/sqlalchemy/engine/base.py", line 3371, in _wrap_pool_connect
    return fn()
           ^^^^
  File "/home/airflow/.local/lib/python3.12/site-packages/sqlalchemy/pool/base.py", line 327, in connect
    return _ConnectionFairy._checkout(self)
           ^^^^^^^^^^^^^^^^^^^^^^^^^^^^^^^^
  File "/home/airflow/.local/lib/python3.12/site-packages/sqlalchemy/pool/base.py", line 894, in _checkout
    fairy = _ConnectionRecord.checkout(pool)
            ^^^^^^^^^^^^^^^^^^^^^^^^^^^^^^^^
  File "/home/airflow/.local/lib/python3.12/site-packages/sqlalchemy/pool/base.py", line 493, in checkout
    rec = pool._do_get()
          ^^^^^^^^^^^^^^
  File "/home/airflow/.local/lib/python3.12/site-packages/sqlalchemy/pool/impl.py", line 256, in _do_get
    return self._create_connection()
           ^^^^^^^^^^^^^^^^^^^^^^^^^
  File "/home/airflow/.local/lib/python3.12/site-packages/sqlalchemy/pool/base.py", line 273, in _create_connection
    return _ConnectionRecord(self)
           ^^^^^^^^^^^^^^^^^^^^^^^
  File "/home/airflow/.local/lib/python3.12/site-packages/sqlalchemy/pool/base.py", line 388, in __init__
    self.__connect()
  File "/home/airflow/.local/lib/python3.12/site-packages/sqlalchemy/pool/base.py", line 690, in __connect
    with util.safe_reraise():
  File "/home/airflow/.local/lib/python3.12/site-packages/sqlalchemy/util/langhelpers.py", line 70, in __exit__
    compat.raise_(
  File "/home/airflow/.local/lib/python3.12/site-packages/sqlalchemy/util/compat.py", line 211, in raise_
    raise exception
  File "/home/airflow/.local/lib/python3.12/site-packages/sqlalchemy/pool/base.py", line 686, in __connect
    self.dbapi_connection = connection = pool._invoke_creator(self)
                                         ^^^^^^^^^^^^^^^^^^^^^^^^^^
  File "/home/airflow/.local/lib/python3.12/site-packages/sqlalchemy/engine/create.py", line 574, in connect
    return dialect.connect(*cargs, **cparams)
           ^^^^^^^^^^^^^^^^^^^^^^^^^^^^^^^^^^
  File "/home/airflow/.local/lib/python3.12/site-packages/sqlalchemy/engine/default.py", line 598, in connect
    return self.dbapi.connect(*cargs, **cparams)
           ^^^^^^^^^^^^^^^^^^^^^^^^^^^^^^^^^^^^^
  File "/home/airflow/.local/lib/python3.12/site-packages/psycopg2/__init__.py", line 122, in connect
    conn = _connect(dsn, connection_factory=connection_factory, **kwasync)
           ^^^^^^^^^^^^^^^^^^^^^^^^^^^^^^^^^^^^^^^^^^^^^^^^^^^^^^^^^^^^^^^
sqlalchemy.exc.OperationalError: (psycopg2.OperationalError) could not translate host name "postgres" to address: Temporary failure in name resolution

(Background on this error at: https://sqlalche.me/e/14/e3q8)
[2026-06-29T10:51:49.570+0000] {job.py:226} ERROR - Job heartbeat failed with error. Scheduler is in unhealthy state
[2026-06-29T10:51:57.229+0000] {timeout.py:68} ERROR - Process timed out, PID: 484
[2026-06-29T10:51:57.549+0000] {taskinstance.py:441} INFO - ::group::Post task execution logs
[2026-06-29T10:51:57.604+0000] {subprocess.py:104} INFO - Sending SIGTERM signal to process group
[2026-06-29T10:52:31.821+0000] {standard_task_runner.py:110} ERROR - Failed to execute job 25 for task submit_spark_etl_job ((psycopg2.OperationalError) could not translate host name "postgres" to address: Temporary failure in name resolution

(Background on this error at: https://sqlalche.me/e/14/e3q8); 484)
[2026-06-29T10:52:33.624+0000] {local_task_job_runner.py:240} INFO - Task exited with return code 1
[2026-06-29T10:52:33.943+0000] {taskinstance.py:3498} INFO - 0 downstream tasks scheduled from follow-on schedule check
[2026-06-29T10:52:33.953+0000] {local_task_job_runner.py:222} INFO - ::endgroup::
