[2026-06-29T10:40:07.236+0000] {local_task_job_runner.py:120} INFO - ::group::Pre task execution logs
[2026-06-29T10:40:07.273+0000] {taskinstance.py:2076} INFO - Dependencies all met for dep_context=non-requeueable deps ti=<TaskInstance: clickstream_etl_pipeline.submit_spark_etl_job scheduled__2026-06-29T10:30:00+00:00 [queued]>
[2026-06-29T10:40:07.283+0000] {taskinstance.py:2076} INFO - Dependencies all met for dep_context=requeueable deps ti=<TaskInstance: clickstream_etl_pipeline.submit_spark_etl_job scheduled__2026-06-29T10:30:00+00:00 [queued]>
[2026-06-29T10:40:07.284+0000] {taskinstance.py:2306} INFO - Starting attempt 1 of 3
[2026-06-29T10:40:07.300+0000] {taskinstance.py:2330} INFO - Executing <Task(BashOperator): submit_spark_etl_job> on 2026-06-29 10:30:00+00:00
[2026-06-29T10:40:07.312+0000] {standard_task_runner.py:90} INFO - Running: ['airflow', 'tasks', 'run', 'clickstream_etl_pipeline', 'submit_spark_etl_job', 'scheduled__2026-06-29T10:30:00+00:00', '--job-id', '24', '--raw', '--subdir', 'DAGS_FOLDER/clickstream_etl_dag.py', '--cfg-path', '/tmp/tmpuv5h02s1']
[2026-06-29T10:40:07.315+0000] {logging_mixin.py:188} WARNING - /home/airflow/.local/lib/python3.12/site-packages/airflow/task/task_runner/standard_task_runner.py:61 DeprecationWarning: This process (pid=406) is multi-threaded, use of fork() may lead to deadlocks in the child.
[2026-06-29T10:40:07.316+0000] {standard_task_runner.py:91} INFO - Job 24: Subtask submit_spark_etl_job
[2026-06-29T10:40:07.316+0000] {standard_task_runner.py:63} INFO - Started process 407 to run task
[2026-06-29T10:40:07.382+0000] {task_command.py:426} INFO - Running <TaskInstance: clickstream_etl_pipeline.submit_spark_etl_job scheduled__2026-06-29T10:30:00+00:00 [running]> on host fa8ae8f32dcf
[2026-06-29T10:40:07.514+0000] {taskinstance.py:2648} INFO - Exporting env vars: AIRFLOW_CTX_DAG_OWNER='nabha' AIRFLOW_CTX_DAG_ID='clickstream_etl_pipeline' AIRFLOW_CTX_TASK_ID='submit_spark_etl_job' AIRFLOW_CTX_EXECUTION_DATE='2026-06-29T10:30:00+00:00' AIRFLOW_CTX_TRY_NUMBER='1' AIRFLOW_CTX_DAG_RUN_ID='scheduled__2026-06-29T10:30:00+00:00'
[2026-06-29T10:40:07.516+0000] {taskinstance.py:430} INFO - ::endgroup::
[2026-06-29T10:40:07.531+0000] {subprocess.py:63} INFO - Tmp dir root location: /tmp
[2026-06-29T10:40:07.532+0000] {subprocess.py:75} INFO - Running command: ['/usr/bin/bash', '-c', '\n        docker exec spark-submit /opt/spark/bin/spark-submit             --master local[*]             --jars /opt/spark/extra-jars/spark-sql-kafka-0-10_2.12-3.5.1.jar,/opt/spark/extra-jars/kafka-clients-3.4.1.jar,/opt/spark/extra-jars/spark-token-provider-kafka-0-10_2.12-3.5.1.jar,/opt/spark/extra-jars/commons-pool2-2.11.1.jar,/opt/spark/extra-jars/postgresql-42.6.0.jar             --conf spark.driver.host=spark-submit             --conf spark.driver.bindAddress=0.0.0.0             /opt/spark/work-dir/spark_consumer.py || true\n    ']
[2026-06-29T10:40:07.548+0000] {subprocess.py:86} INFO - Output:
[2026-06-29T10:40:14.144+0000] {subprocess.py:93} INFO - 26/06/29 10:40:14 WARN NativeCodeLoader: Unable to load native-hadoop library for your platform... using builtin-java classes where applicable
[2026-06-29T10:40:18.651+0000] {subprocess.py:93} INFO - 26/06/29 10:40:18 INFO SparkContext: Running Spark version 3.5.1
[2026-06-29T10:40:18.656+0000] {subprocess.py:93} INFO - 26/06/29 10:40:18 INFO SparkContext: OS info Linux, 6.6.87.2-microsoft-standard-WSL2, amd64
[2026-06-29T10:40:18.658+0000] {subprocess.py:93} INFO - 26/06/29 10:40:18 INFO SparkContext: Java version 11.0.22
[2026-06-29T10:40:18.831+0000] {subprocess.py:93} INFO - 26/06/29 10:40:18 INFO ResourceUtils: ==============================================================
[2026-06-29T10:40:18.832+0000] {subprocess.py:93} INFO - 26/06/29 10:40:18 INFO ResourceUtils: No custom resources configured for spark.driver.
[2026-06-29T10:40:18.833+0000] {subprocess.py:93} INFO - 26/06/29 10:40:18 INFO ResourceUtils: ==============================================================
[2026-06-29T10:40:18.835+0000] {subprocess.py:93} INFO - 26/06/29 10:40:18 INFO SparkContext: Submitted application: EcommerceClickstream
[2026-06-29T10:40:18.950+0000] {subprocess.py:93} INFO - 26/06/29 10:40:18 INFO ResourceProfile: Default ResourceProfile created, executor resources: Map(cores -> name: cores, amount: 1, script: , vendor: , memory -> name: memory, amount: 1024, script: , vendor: , offHeap -> name: offHeap, amount: 0, script: , vendor: ), task resources: Map(cpus -> name: cpus, amount: 1.0)
[2026-06-29T10:40:19.064+0000] {subprocess.py:93} INFO - 26/06/29 10:40:19 INFO ResourceProfile: Limiting resource is cpu
[2026-06-29T10:40:19.067+0000] {subprocess.py:93} INFO - 26/06/29 10:40:19 INFO ResourceProfileManager: Added ResourceProfile id: 0
[2026-06-29T10:40:19.301+0000] {subprocess.py:93} INFO - 26/06/29 10:40:19 INFO SecurityManager: Changing view acls to: spark
[2026-06-29T10:40:19.302+0000] {subprocess.py:93} INFO - 26/06/29 10:40:19 INFO SecurityManager: Changing modify acls to: spark
[2026-06-29T10:40:19.304+0000] {subprocess.py:93} INFO - 26/06/29 10:40:19 INFO SecurityManager: Changing view acls groups to:
[2026-06-29T10:40:19.305+0000] {subprocess.py:93} INFO - 26/06/29 10:40:19 INFO SecurityManager: Changing modify acls groups to:
[2026-06-29T10:40:19.307+0000] {subprocess.py:93} INFO - 26/06/29 10:40:19 INFO SecurityManager: SecurityManager: authentication disabled; ui acls disabled; users with view permissions: spark; groups with view permissions: EMPTY; users with modify permissions: spark; groups with modify permissions: EMPTY
[2026-06-29T10:40:20.337+0000] {subprocess.py:93} INFO - 26/06/29 10:40:20 INFO Utils: Successfully started service 'sparkDriver' on port 41727.
[2026-06-29T10:40:20.436+0000] {subprocess.py:93} INFO - 26/06/29 10:40:20 INFO SparkEnv: Registering MapOutputTracker
[2026-06-29T10:40:20.565+0000] {subprocess.py:93} INFO - 26/06/29 10:40:20 INFO SparkEnv: Registering BlockManagerMaster
[2026-06-29T10:40:20.646+0000] {subprocess.py:93} INFO - 26/06/29 10:40:20 INFO BlockManagerMasterEndpoint: Using org.apache.spark.storage.DefaultTopologyMapper for getting topology information
[2026-06-29T10:40:20.648+0000] {subprocess.py:93} INFO - 26/06/29 10:40:20 INFO BlockManagerMasterEndpoint: BlockManagerMasterEndpoint up
[2026-06-29T10:40:20.675+0000] {subprocess.py:93} INFO - 26/06/29 10:40:20 INFO SparkEnv: Registering BlockManagerMasterHeartbeat
[2026-06-29T10:40:20.830+0000] {subprocess.py:93} INFO - 26/06/29 10:40:20 INFO DiskBlockManager: Created local directory at /tmp/blockmgr-adb35d7f-fbfe-4198-af88-f3cb0cb75a36
[2026-06-29T10:40:20.896+0000] {subprocess.py:93} INFO - 26/06/29 10:40:20 INFO MemoryStore: MemoryStore started with capacity 434.4 MiB
[2026-06-29T10:40:20.975+0000] {subprocess.py:93} INFO - 26/06/29 10:40:20 INFO SparkEnv: Registering OutputCommitCoordinator
[2026-06-29T10:40:21.824+0000] {subprocess.py:93} INFO - 26/06/29 10:40:21 INFO JettyUtils: Start Jetty 0.0.0.0:4040 for SparkUI
[2026-06-29T10:40:22.404+0000] {subprocess.py:93} INFO - 26/06/29 10:40:22 WARN Utils: Service 'SparkUI' could not bind on port 4040. Attempting port 4041.
[2026-06-29T10:40:22.410+0000] {subprocess.py:93} INFO - 26/06/29 10:40:22 WARN Utils: Service 'SparkUI' could not bind on port 4041. Attempting port 4042.
[2026-06-29T10:40:22.414+0000] {subprocess.py:93} INFO - 26/06/29 10:40:22 WARN Utils: Service 'SparkUI' could not bind on port 4042. Attempting port 4043.
[2026-06-29T10:40:22.416+0000] {subprocess.py:93} INFO - 26/06/29 10:40:22 WARN Utils: Service 'SparkUI' could not bind on port 4043. Attempting port 4044.
[2026-06-29T10:40:22.465+0000] {subprocess.py:93} INFO - 26/06/29 10:40:22 INFO Utils: Successfully started service 'SparkUI' on port 4044.
[2026-06-29T10:40:22.602+0000] {subprocess.py:93} INFO - 26/06/29 10:40:22 INFO SparkContext: Added JAR file:///opt/spark/extra-jars/spark-sql-kafka-0-10_2.12-3.5.1.jar at spark://spark-submit:41727/jars/spark-sql-kafka-0-10_2.12-3.5.1.jar with timestamp 1782729618595
[2026-06-29T10:40:22.603+0000] {subprocess.py:93} INFO - 26/06/29 10:40:22 INFO SparkContext: Added JAR file:///opt/spark/extra-jars/kafka-clients-3.4.1.jar at spark://spark-submit:41727/jars/kafka-clients-3.4.1.jar with timestamp 1782729618595
[2026-06-29T10:40:22.605+0000] {subprocess.py:93} INFO - 26/06/29 10:40:22 INFO SparkContext: Added JAR file:///opt/spark/extra-jars/spark-token-provider-kafka-0-10_2.12-3.5.1.jar at spark://spark-submit:41727/jars/spark-token-provider-kafka-0-10_2.12-3.5.1.jar with timestamp 1782729618595
[2026-06-29T10:40:22.606+0000] {subprocess.py:93} INFO - 26/06/29 10:40:22 INFO SparkContext: Added JAR file:///opt/spark/extra-jars/commons-pool2-2.11.1.jar at spark://spark-submit:41727/jars/commons-pool2-2.11.1.jar with timestamp 1782729618595
[2026-06-29T10:40:22.608+0000] {subprocess.py:93} INFO - 26/06/29 10:40:22 INFO SparkContext: Added JAR file:///opt/spark/extra-jars/postgresql-42.6.0.jar at spark://spark-submit:41727/jars/postgresql-42.6.0.jar with timestamp 1782729618595
[2026-06-29T10:40:22.773+0000] {subprocess.py:93} INFO - 26/06/29 10:40:22 INFO Executor: Starting executor ID driver on host 82f460df2328
[2026-06-29T10:40:22.774+0000] {subprocess.py:93} INFO - 26/06/29 10:40:22 INFO Executor: OS info Linux, 6.6.87.2-microsoft-standard-WSL2, amd64
[2026-06-29T10:40:22.775+0000] {subprocess.py:93} INFO - 26/06/29 10:40:22 INFO Executor: Java version 11.0.22
[2026-06-29T10:40:22.797+0000] {subprocess.py:93} INFO - 26/06/29 10:40:22 INFO Executor: Starting executor with user classpath (userClassPathFirst = false): ''
[2026-06-29T10:40:22.798+0000] {subprocess.py:93} INFO - 26/06/29 10:40:22 INFO Executor: Created or updated repl class loader org.apache.spark.util.MutableURLClassLoader@650aa3fd for default.
[2026-06-29T10:40:22.835+0000] {subprocess.py:93} INFO - 26/06/29 10:40:22 INFO Executor: Fetching spark://spark-submit:41727/jars/postgresql-42.6.0.jar with timestamp 1782729618595
[2026-06-29T10:40:23.026+0000] {subprocess.py:93} INFO - 26/06/29 10:40:23 INFO TransportClientFactory: Successfully created connection to spark-submit/172.18.0.5:41727 after 73 ms (0 ms spent in bootstraps)
[2026-06-29T10:40:23.037+0000] {subprocess.py:93} INFO - 26/06/29 10:40:23 INFO Utils: Fetching spark://spark-submit:41727/jars/postgresql-42.6.0.jar to /tmp/spark-cb27baee-5770-42b2-bae4-6cd47c332de0/userFiles-0a5944b7-1195-4924-ab57-f035b1c7e5bd/fetchFileTemp18441924822800078468.tmp
[2026-06-29T10:40:23.159+0000] {subprocess.py:93} INFO - 26/06/29 10:40:23 INFO Executor: Adding file:/tmp/spark-cb27baee-5770-42b2-bae4-6cd47c332de0/userFiles-0a5944b7-1195-4924-ab57-f035b1c7e5bd/postgresql-42.6.0.jar to class loader default
[2026-06-29T10:40:23.161+0000] {subprocess.py:93} INFO - 26/06/29 10:40:23 INFO Executor: Fetching spark://spark-submit:41727/jars/spark-sql-kafka-0-10_2.12-3.5.1.jar with timestamp 1782729618595
[2026-06-29T10:40:23.162+0000] {subprocess.py:93} INFO - 26/06/29 10:40:23 INFO Utils: Fetching spark://spark-submit:41727/jars/spark-sql-kafka-0-10_2.12-3.5.1.jar to /tmp/spark-cb27baee-5770-42b2-bae4-6cd47c332de0/userFiles-0a5944b7-1195-4924-ab57-f035b1c7e5bd/fetchFileTemp16746084233287575177.tmp
[2026-06-29T10:40:23.201+0000] {subprocess.py:93} INFO - 26/06/29 10:40:23 INFO Executor: Adding file:/tmp/spark-cb27baee-5770-42b2-bae4-6cd47c332de0/userFiles-0a5944b7-1195-4924-ab57-f035b1c7e5bd/spark-sql-kafka-0-10_2.12-3.5.1.jar to class loader default
[2026-06-29T10:40:23.202+0000] {subprocess.py:93} INFO - 26/06/29 10:40:23 INFO Executor: Fetching spark://spark-submit:41727/jars/kafka-clients-3.4.1.jar with timestamp 1782729618595
[2026-06-29T10:40:23.203+0000] {subprocess.py:93} INFO - 26/06/29 10:40:23 INFO Utils: Fetching spark://spark-submit:41727/jars/kafka-clients-3.4.1.jar to /tmp/spark-cb27baee-5770-42b2-bae4-6cd47c332de0/userFiles-0a5944b7-1195-4924-ab57-f035b1c7e5bd/fetchFileTemp4412299340342783008.tmp
[2026-06-29T10:40:23.393+0000] {subprocess.py:93} INFO - 26/06/29 10:40:23 INFO Executor: Adding file:/tmp/spark-cb27baee-5770-42b2-bae4-6cd47c332de0/userFiles-0a5944b7-1195-4924-ab57-f035b1c7e5bd/kafka-clients-3.4.1.jar to class loader default
[2026-06-29T10:40:23.395+0000] {subprocess.py:93} INFO - 26/06/29 10:40:23 INFO Executor: Fetching spark://spark-submit:41727/jars/commons-pool2-2.11.1.jar with timestamp 1782729618595
[2026-06-29T10:40:23.396+0000] {subprocess.py:93} INFO - 26/06/29 10:40:23 INFO Utils: Fetching spark://spark-submit:41727/jars/commons-pool2-2.11.1.jar to /tmp/spark-cb27baee-5770-42b2-bae4-6cd47c332de0/userFiles-0a5944b7-1195-4924-ab57-f035b1c7e5bd/fetchFileTemp17707958387196101917.tmp
[2026-06-29T10:40:23.420+0000] {subprocess.py:93} INFO - 26/06/29 10:40:23 INFO Executor: Adding file:/tmp/spark-cb27baee-5770-42b2-bae4-6cd47c332de0/userFiles-0a5944b7-1195-4924-ab57-f035b1c7e5bd/commons-pool2-2.11.1.jar to class loader default
[2026-06-29T10:40:23.421+0000] {subprocess.py:93} INFO - 26/06/29 10:40:23 INFO Executor: Fetching spark://spark-submit:41727/jars/spark-token-provider-kafka-0-10_2.12-3.5.1.jar with timestamp 1782729618595
[2026-06-29T10:40:23.422+0000] {subprocess.py:93} INFO - 26/06/29 10:40:23 INFO Utils: Fetching spark://spark-submit:41727/jars/spark-token-provider-kafka-0-10_2.12-3.5.1.jar to /tmp/spark-cb27baee-5770-42b2-bae4-6cd47c332de0/userFiles-0a5944b7-1195-4924-ab57-f035b1c7e5bd/fetchFileTemp8028480688836508992.tmp
[2026-06-29T10:40:23.440+0000] {subprocess.py:93} INFO - 26/06/29 10:40:23 INFO Executor: Adding file:/tmp/spark-cb27baee-5770-42b2-bae4-6cd47c332de0/userFiles-0a5944b7-1195-4924-ab57-f035b1c7e5bd/spark-token-provider-kafka-0-10_2.12-3.5.1.jar to class loader default
[2026-06-29T10:40:23.593+0000] {subprocess.py:93} INFO - 26/06/29 10:40:23 INFO Utils: Successfully started service 'org.apache.spark.network.netty.NettyBlockTransferService' on port 35147.
[2026-06-29T10:40:23.595+0000] {subprocess.py:93} INFO - 26/06/29 10:40:23 INFO NettyBlockTransferService: Server created on spark-submit 0.0.0.0:35147
[2026-06-29T10:40:23.610+0000] {subprocess.py:93} INFO - 26/06/29 10:40:23 INFO BlockManager: Using org.apache.spark.storage.RandomBlockReplicationPolicy for block replication policy
[2026-06-29T10:40:23.662+0000] {subprocess.py:93} INFO - 26/06/29 10:40:23 INFO BlockManagerMaster: Registering BlockManager BlockManagerId(driver, spark-submit, 35147, None)
[2026-06-29T10:40:23.674+0000] {subprocess.py:93} INFO - 26/06/29 10:40:23 INFO BlockManagerMasterEndpoint: Registering block manager spark-submit:35147 with 434.4 MiB RAM, BlockManagerId(driver, spark-submit, 35147, None)
[2026-06-29T10:40:23.684+0000] {subprocess.py:93} INFO - 26/06/29 10:40:23 INFO BlockManagerMaster: Registered BlockManager BlockManagerId(driver, spark-submit, 35147, None)
[2026-06-29T10:40:23.687+0000] {subprocess.py:93} INFO - 26/06/29 10:40:23 INFO BlockManager: Initialized BlockManager: BlockManagerId(driver, spark-submit, 35147, None)
[2026-06-29T10:40:24.941+0000] {subprocess.py:93} INFO - ✅ SparkSession created!
[2026-06-29T10:40:32.367+0000] {subprocess.py:93} INFO - ✅ Streaming started! Writing to PostgreSQL...
[2026-06-29T10:40:41.746+0000] {subprocess.py:93} INFO - 📦 Writing batch 1 with 3 rows to PostgreSQL...
[2026-06-29T10:40:45.212+0000] {subprocess.py:93} INFO - ✅ Batch 1 written successfully!
[2026-06-29T10:40:47.018+0000] {subprocess.py:93} INFO - 📦 Writing batch 2 with 8 rows to PostgreSQL...
[2026-06-29T10:40:47.731+0000] {subprocess.py:93} INFO - ✅ Batch 2 written successfully!
[2026-06-29T10:40:51.386+0000] {subprocess.py:93} INFO - 📦 Writing batch 3 with 4 rows to PostgreSQL...
[2026-06-29T10:40:52.348+0000] {subprocess.py:93} INFO - ✅ Batch 3 written successfully!
[2026-06-29T10:40:56.398+0000] {subprocess.py:93} INFO - 📦 Writing batch 4 with 5 rows to PostgreSQL...
[2026-06-29T10:40:57.175+0000] {subprocess.py:93} INFO - ✅ Batch 4 written successfully!
[2026-06-29T10:41:01.202+0000] {subprocess.py:93} INFO - 📦 Writing batch 5 with 5 rows to PostgreSQL...
[2026-06-29T10:41:02.097+0000] {subprocess.py:93} INFO - ✅ Batch 5 written successfully!
[2026-06-29T10:41:06.434+0000] {subprocess.py:93} INFO - 📦 Writing batch 6 with 5 rows to PostgreSQL...
[2026-06-29T10:41:07.282+0000] {subprocess.py:93} INFO - ✅ Batch 6 written successfully!
[2026-06-29T10:41:11.622+0000] {subprocess.py:93} INFO - 📦 Writing batch 7 with 5 rows to PostgreSQL...
[2026-06-29T10:41:12.320+0000] {subprocess.py:93} INFO - ✅ Batch 7 written successfully!
[2026-06-29T10:41:16.450+0000] {subprocess.py:93} INFO - 📦 Writing batch 8 with 5 rows to PostgreSQL...
[2026-06-29T10:41:17.250+0000] {subprocess.py:93} INFO - ✅ Batch 8 written successfully!
[2026-06-29T10:41:21.254+0000] {subprocess.py:93} INFO - 📦 Writing batch 9 with 5 rows to PostgreSQL...
[2026-06-29T10:41:22.136+0000] {subprocess.py:93} INFO - ✅ Batch 9 written successfully!
[2026-06-29T10:41:26.327+0000] {subprocess.py:93} INFO - 📦 Writing batch 10 with 5 rows to PostgreSQL...
[2026-06-29T10:41:26.623+0000] {subprocess.py:93} INFO - ✅ Batch 10 written successfully!
[2026-06-29T10:41:31.478+0000] {subprocess.py:93} INFO - 📦 Writing batch 11 with 5 rows to PostgreSQL...
[2026-06-29T10:41:32.288+0000] {subprocess.py:93} INFO - ✅ Batch 11 written successfully!
[2026-06-29T10:41:36.630+0000] {subprocess.py:93} INFO - 📦 Writing batch 12 with 5 rows to PostgreSQL...
[2026-06-29T10:41:37.465+0000] {subprocess.py:93} INFO - ✅ Batch 12 written successfully!
[2026-06-29T10:41:41.015+0000] {subprocess.py:93} INFO - 📦 Writing batch 13 with 5 rows to PostgreSQL...
[2026-06-29T10:41:41.736+0000] {subprocess.py:93} INFO - ✅ Batch 13 written successfully!
[2026-06-29T10:41:46.796+0000] {subprocess.py:93} INFO - 📦 Writing batch 14 with 6 rows to PostgreSQL...
[2026-06-29T10:41:47.615+0000] {subprocess.py:93} INFO - ✅ Batch 14 written successfully!
[2026-06-29T10:41:51.595+0000] {subprocess.py:93} INFO - 📦 Writing batch 15 with 4 rows to PostgreSQL...
[2026-06-29T10:41:51.890+0000] {subprocess.py:93} INFO - ✅ Batch 15 written successfully!
[2026-06-29T10:41:56.020+0000] {subprocess.py:93} INFO - 📦 Writing batch 16 with 5 rows to PostgreSQL...
[2026-06-29T10:41:56.831+0000] {subprocess.py:93} INFO - ✅ Batch 16 written successfully!
[2026-06-29T10:42:01.202+0000] {subprocess.py:93} INFO - 📦 Writing batch 17 with 4 rows to PostgreSQL...
[2026-06-29T10:42:02.045+0000] {subprocess.py:93} INFO - ✅ Batch 17 written successfully!
[2026-06-29T10:42:06.288+0000] {subprocess.py:93} INFO - 📦 Writing batch 18 with 5 rows to PostgreSQL...
[2026-06-29T10:42:07.036+0000] {subprocess.py:93} INFO - ✅ Batch 18 written successfully!
[2026-06-29T10:42:11.873+0000] {subprocess.py:93} INFO - 📦 Writing batch 19 with 5 rows to PostgreSQL...
[2026-06-29T10:42:12.731+0000] {subprocess.py:93} INFO - ✅ Batch 19 written successfully!
[2026-06-29T10:42:16.471+0000] {subprocess.py:93} INFO - 📦 Writing batch 20 with 6 rows to PostgreSQL...
[2026-06-29T10:42:16.927+0000] {subprocess.py:93} INFO - ✅ Batch 20 written successfully!
[2026-06-29T10:42:21.633+0000] {subprocess.py:93} INFO - 📦 Writing batch 21 with 5 rows to PostgreSQL...
[2026-06-29T10:42:22.077+0000] {subprocess.py:93} INFO - ✅ Batch 21 written successfully!
[2026-06-29T10:42:26.186+0000] {subprocess.py:93} INFO - 📦 Writing batch 22 with 4 rows to PostgreSQL...
[2026-06-29T10:42:26.888+0000] {subprocess.py:93} INFO - ✅ Batch 22 written successfully!
[2026-06-29T10:42:30.920+0000] {subprocess.py:93} INFO - 📦 Writing batch 23 with 5 rows to PostgreSQL...
[2026-06-29T10:42:31.336+0000] {subprocess.py:93} INFO - ✅ Batch 23 written successfully!
[2026-06-29T10:42:36.081+0000] {subprocess.py:93} INFO - 📦 Writing batch 24 with 5 rows to PostgreSQL...
[2026-06-29T10:42:36.479+0000] {subprocess.py:93} INFO - ✅ Batch 24 written successfully!
[2026-06-29T10:42:41.255+0000] {subprocess.py:93} INFO - 📦 Writing batch 25 with 5 rows to PostgreSQL...
[2026-06-29T10:42:41.608+0000] {subprocess.py:93} INFO - ✅ Batch 25 written successfully!
[2026-06-29T10:42:46.116+0000] {subprocess.py:93} INFO - 📦 Writing batch 26 with 5 rows to PostgreSQL...
[2026-06-29T10:42:46.864+0000] {subprocess.py:93} INFO - ✅ Batch 26 written successfully!
[2026-06-29T10:42:51.245+0000] {subprocess.py:93} INFO - 📦 Writing batch 27 with 5 rows to PostgreSQL...
[2026-06-29T10:42:51.985+0000] {subprocess.py:93} INFO - ✅ Batch 27 written successfully!
[2026-06-29T10:42:56.047+0000] {subprocess.py:93} INFO - 📦 Writing batch 28 with 5 rows to PostgreSQL...
[2026-06-29T10:42:56.421+0000] {subprocess.py:93} INFO - ✅ Batch 28 written successfully!
[2026-06-29T10:43:01.155+0000] {subprocess.py:93} INFO - 📦 Writing batch 29 with 5 rows to PostgreSQL...
[2026-06-29T10:43:01.571+0000] {subprocess.py:93} INFO - ✅ Batch 29 written successfully!
[2026-06-29T10:43:06.340+0000] {subprocess.py:93} INFO - 📦 Writing batch 30 with 5 rows to PostgreSQL...
[2026-06-29T10:43:06.687+0000] {subprocess.py:93} INFO - ✅ Batch 30 written successfully!
[2026-06-29T10:43:10.749+0000] {subprocess.py:93} INFO - 📦 Writing batch 31 with 5 rows to PostgreSQL...
[2026-06-29T10:43:11.175+0000] {subprocess.py:93} INFO - ✅ Batch 31 written successfully!
[2026-06-29T10:43:16.299+0000] {subprocess.py:93} INFO - 📦 Writing batch 32 with 5 rows to PostgreSQL...
[2026-06-29T10:43:17.031+0000] {subprocess.py:93} INFO - ✅ Batch 32 written successfully!
[2026-06-29T10:43:21.023+0000] {subprocess.py:93} INFO - 📦 Writing batch 33 with 5 rows to PostgreSQL...
[2026-06-29T10:43:21.420+0000] {subprocess.py:93} INFO - ✅ Batch 33 written successfully!
[2026-06-29T10:43:26.154+0000] {subprocess.py:93} INFO - 📦 Writing batch 34 with 5 rows to PostgreSQL...
[2026-06-29T10:43:26.558+0000] {subprocess.py:93} INFO - ✅ Batch 34 written successfully!
[2026-06-29T10:43:31.516+0000] {subprocess.py:93} INFO - 📦 Writing batch 35 with 5 rows to PostgreSQL...
[2026-06-29T10:43:32.329+0000] {subprocess.py:93} INFO - ✅ Batch 35 written successfully!
[2026-06-29T10:43:36.413+0000] {subprocess.py:93} INFO - 📦 Writing batch 36 with 5 rows to PostgreSQL...
[2026-06-29T10:43:36.839+0000] {subprocess.py:93} INFO - ✅ Batch 36 written successfully!
[2026-06-29T10:43:40.302+0000] {subprocess.py:93} INFO - 📦 Writing batch 37 with 5 rows to PostgreSQL...
[2026-06-29T10:43:41.115+0000] {subprocess.py:93} INFO - ✅ Batch 37 written successfully!
[2026-06-29T10:43:47.604+0000] {subprocess.py:93} INFO - 📦 Writing batch 38 with 5 rows to PostgreSQL...
[2026-06-29T10:43:48.546+0000] {subprocess.py:93} INFO - ✅ Batch 38 written successfully!
[2026-06-29T10:43:50.943+0000] {subprocess.py:93} INFO - 📦 Writing batch 39 with 4 rows to PostgreSQL...
[2026-06-29T10:43:51.685+0000] {subprocess.py:93} INFO - ✅ Batch 39 written successfully!
[2026-06-29T10:43:56.076+0000] {subprocess.py:93} INFO - 📦 Writing batch 40 with 5 rows to PostgreSQL...
[2026-06-29T10:43:56.869+0000] {subprocess.py:93} INFO - ✅ Batch 40 written successfully!
[2026-06-29T10:44:01.236+0000] {subprocess.py:93} INFO - 📦 Writing batch 41 with 4 rows to PostgreSQL...
[2026-06-29T10:44:01.972+0000] {subprocess.py:93} INFO - ✅ Batch 41 written successfully!
[2026-06-29T10:44:06.030+0000] {subprocess.py:93} INFO - 📦 Writing batch 42 with 5 rows to PostgreSQL...
[2026-06-29T10:44:06.875+0000] {subprocess.py:93} INFO - ✅ Batch 42 written successfully!
[2026-06-29T10:44:11.349+0000] {subprocess.py:93} INFO - 📦 Writing batch 43 with 6 rows to PostgreSQL...
[2026-06-29T10:44:13.912+0000] {subprocess.py:93} INFO - ✅ Batch 43 written successfully!
[2026-06-29T10:44:15.962+0000] {subprocess.py:93} INFO - 📦 Writing batch 44 with 3 rows to PostgreSQL...
[2026-06-29T10:44:16.320+0000] {subprocess.py:93} INFO - ✅ Batch 44 written successfully!
[2026-06-29T10:44:21.044+0000] {subprocess.py:93} INFO - 📦 Writing batch 45 with 5 rows to PostgreSQL...
[2026-06-29T10:44:21.476+0000] {subprocess.py:93} INFO - ✅ Batch 45 written successfully!
[2026-06-29T10:44:26.241+0000] {subprocess.py:93} INFO - 📦 Writing batch 46 with 5 rows to PostgreSQL...
[2026-06-29T10:44:26.580+0000] {subprocess.py:93} INFO - ✅ Batch 46 written successfully!
[2026-06-29T10:44:31.317+0000] {subprocess.py:93} INFO - 📦 Writing batch 47 with 5 rows to PostgreSQL...
[2026-06-29T10:44:31.747+0000] {subprocess.py:93} INFO - ✅ Batch 47 written successfully!
[2026-06-29T10:44:36.459+0000] {subprocess.py:93} INFO - 📦 Writing batch 48 with 5 rows to PostgreSQL...
[2026-06-29T10:44:36.882+0000] {subprocess.py:93} INFO - ✅ Batch 48 written successfully!
[2026-06-29T10:44:40.991+0000] {subprocess.py:93} INFO - 📦 Writing batch 49 with 5 rows to PostgreSQL...
[2026-06-29T10:44:41.723+0000] {subprocess.py:93} INFO - ✅ Batch 49 written successfully!
[2026-06-29T10:44:45.946+0000] {subprocess.py:93} INFO - 📦 Writing batch 50 with 1 rows to PostgreSQL...
[2026-06-29T10:44:46.312+0000] {subprocess.py:93} INFO - ✅ Batch 50 written successfully!
[2026-06-29T10:45:01.030+0000] {timeout.py:68} ERROR - Process timed out, PID: 407
[2026-06-29T10:45:01.045+0000] {taskinstance.py:441} INFO - ::group::Post task execution logs
[2026-06-29T10:45:01.050+0000] {subprocess.py:104} INFO - Sending SIGTERM signal to process group
[2026-06-29T10:45:01.381+0000] {taskinstance.py:2905} ERROR - Task failed with exception
Traceback (most recent call last):
  File "/home/airflow/.local/lib/python3.12/site-packages/airflow/models/taskinstance.py", line 460, in _execute_task
    result = _execute_callable(context=context, **execute_callable_kwargs)
             ^^^^^^^^^^^^^^^^^^^^^^^^^^^^^^^^^^^^^^^^^^^^^^^^^^^^^^^^^^^^^
  File "/home/airflow/.local/lib/python3.12/site-packages/airflow/models/taskinstance.py", line 432, in _execute_callable
    return execute_callable(context=context, **execute_callable_kwargs)
           ^^^^^^^^^^^^^^^^^^^^^^^^^^^^^^^^^^^^^^^^^^^^^^^^^^^^^^^^^^^^
  File "/home/airflow/.local/lib/python3.12/site-packages/airflow/models/baseoperator.py", line 400, in wrapper
    return func(self, *args, **kwargs)
           ^^^^^^^^^^^^^^^^^^^^^^^^^^^
  File "/home/airflow/.local/lib/python3.12/site-packages/airflow/operators/bash.py", line 234, in execute
    result = self.subprocess_hook.run_command(
             ^^^^^^^^^^^^^^^^^^^^^^^^^^^^^^^^^
  File "/home/airflow/.local/lib/python3.12/site-packages/airflow/hooks/subprocess.py", line 91, in run_command
    for raw_line in iter(self.sub_process.stdout.readline, b""):
  File "/home/airflow/.local/lib/python3.12/site-packages/airflow/utils/timeout.py", line 69, in handle_timeout
    raise AirflowTaskTimeout(self.error_message)
airflow.exceptions.AirflowTaskTimeout: Timeout, PID: 407
[2026-06-29T10:45:01.424+0000] {taskinstance.py:1206} INFO - Marking task as UP_FOR_RETRY. dag_id=clickstream_etl_pipeline, task_id=submit_spark_etl_job, run_id=scheduled__2026-06-29T10:30:00+00:00, execution_date=20260629T103000, start_date=20260629T104007, end_date=20260629T104501
[2026-06-29T10:45:01.600+0000] {local_task_job_runner.py:240} INFO - Task exited with return code 2
[2026-06-29T10:45:01.826+0000] {taskinstance.py:3498} INFO - 0 downstream tasks scheduled from follow-on schedule check
[2026-06-29T10:45:01.829+0000] {local_task_job_runner.py:222} INFO - ::endgroup::
