[2026-06-29T10:36:40.956+0000] {local_task_job_runner.py:120} INFO - ::group::Pre task execution logs
[2026-06-29T10:36:41.030+0000] {taskinstance.py:2076} INFO - Dependencies all met for dep_context=non-requeueable deps ti=<TaskInstance: clickstream_etl_pipeline.submit_spark_etl_job manual__2026-06-29T10:36:31.451310+00:00 [queued]>
[2026-06-29T10:36:41.054+0000] {taskinstance.py:2076} INFO - Dependencies all met for dep_context=requeueable deps ti=<TaskInstance: clickstream_etl_pipeline.submit_spark_etl_job manual__2026-06-29T10:36:31.451310+00:00 [queued]>
[2026-06-29T10:36:41.055+0000] {taskinstance.py:2306} INFO - Starting attempt 1 of 3
[2026-06-29T10:36:41.096+0000] {taskinstance.py:2330} INFO - Executing <Task(BashOperator): submit_spark_etl_job> on 2026-06-29 10:36:31.451310+00:00
[2026-06-29T10:36:41.145+0000] {standard_task_runner.py:90} INFO - Running: ['airflow', 'tasks', 'run', 'clickstream_etl_pipeline', 'submit_spark_etl_job', 'manual__2026-06-29T10:36:31.451310+00:00', '--job-id', '16', '--raw', '--subdir', 'DAGS_FOLDER/clickstream_etl_dag.py', '--cfg-path', '/tmp/tmp2so4azj4']
[2026-06-29T10:36:41.153+0000] {logging_mixin.py:188} WARNING - /home/airflow/.local/lib/python3.12/site-packages/airflow/task/task_runner/standard_task_runner.py:61 DeprecationWarning: This process (pid=328) is multi-threaded, use of fork() may lead to deadlocks in the child.
[2026-06-29T10:36:41.161+0000] {standard_task_runner.py:91} INFO - Job 16: Subtask submit_spark_etl_job
[2026-06-29T10:36:41.162+0000] {standard_task_runner.py:63} INFO - Started process 329 to run task
[2026-06-29T10:36:41.622+0000] {task_command.py:426} INFO - Running <TaskInstance: clickstream_etl_pipeline.submit_spark_etl_job manual__2026-06-29T10:36:31.451310+00:00 [running]> on host fa8ae8f32dcf
[2026-06-29T10:36:42.061+0000] {taskinstance.py:2648} INFO - Exporting env vars: AIRFLOW_CTX_DAG_OWNER='nabha' AIRFLOW_CTX_DAG_ID='clickstream_etl_pipeline' AIRFLOW_CTX_TASK_ID='submit_spark_etl_job' AIRFLOW_CTX_EXECUTION_DATE='2026-06-29T10:36:31.451310+00:00' AIRFLOW_CTX_TRY_NUMBER='1' AIRFLOW_CTX_DAG_RUN_ID='manual__2026-06-29T10:36:31.451310+00:00'
[2026-06-29T10:36:42.069+0000] {taskinstance.py:430} INFO - ::endgroup::
[2026-06-29T10:36:42.128+0000] {subprocess.py:63} INFO - Tmp dir root location: /tmp
[2026-06-29T10:36:42.139+0000] {subprocess.py:75} INFO - Running command: ['/usr/bin/bash', '-c', '\n        docker exec spark-submit /opt/spark/bin/spark-submit             --master local[*]             --jars /opt/spark/extra-jars/spark-sql-kafka-0-10_2.12-3.5.1.jar,/opt/spark/extra-jars/kafka-clients-3.4.1.jar,/opt/spark/extra-jars/spark-token-provider-kafka-0-10_2.12-3.5.1.jar,/opt/spark/extra-jars/commons-pool2-2.11.1.jar,/opt/spark/extra-jars/postgresql-42.6.0.jar             --conf spark.driver.host=spark-submit             --conf spark.driver.bindAddress=0.0.0.0             /opt/spark/work-dir/spark_consumer.py || true\n    ']
[2026-06-29T10:36:42.199+0000] {subprocess.py:86} INFO - Output:
[2026-06-29T10:36:51.875+0000] {subprocess.py:93} INFO - 26/06/29 10:36:51 WARN NativeCodeLoader: Unable to load native-hadoop library for your platform... using builtin-java classes where applicable
[2026-06-29T10:36:53.724+0000] {subprocess.py:93} INFO - 26/06/29 10:36:53 INFO SparkContext: Running Spark version 3.5.1
[2026-06-29T10:36:53.725+0000] {subprocess.py:93} INFO - 26/06/29 10:36:53 INFO SparkContext: OS info Linux, 6.6.87.2-microsoft-standard-WSL2, amd64
[2026-06-29T10:36:53.726+0000] {subprocess.py:93} INFO - 26/06/29 10:36:53 INFO SparkContext: Java version 11.0.22
[2026-06-29T10:36:53.860+0000] {subprocess.py:93} INFO - 26/06/29 10:36:53 INFO ResourceUtils: ==============================================================
[2026-06-29T10:36:53.861+0000] {subprocess.py:93} INFO - 26/06/29 10:36:53 INFO ResourceUtils: No custom resources configured for spark.driver.
[2026-06-29T10:36:53.862+0000] {subprocess.py:93} INFO - 26/06/29 10:36:53 INFO ResourceUtils: ==============================================================
[2026-06-29T10:36:53.863+0000] {subprocess.py:93} INFO - 26/06/29 10:36:53 INFO SparkContext: Submitted application: EcommerceClickstream
[2026-06-29T10:36:53.936+0000] {subprocess.py:93} INFO - 26/06/29 10:36:53 INFO ResourceProfile: Default ResourceProfile created, executor resources: Map(cores -> name: cores, amount: 1, script: , vendor: , memory -> name: memory, amount: 1024, script: , vendor: , offHeap -> name: offHeap, amount: 0, script: , vendor: ), task resources: Map(cpus -> name: cpus, amount: 1.0)
[2026-06-29T10:36:53.959+0000] {subprocess.py:93} INFO - 26/06/29 10:36:53 INFO ResourceProfile: Limiting resource is cpu
[2026-06-29T10:36:53.961+0000] {subprocess.py:93} INFO - 26/06/29 10:36:53 INFO ResourceProfileManager: Added ResourceProfile id: 0
[2026-06-29T10:36:54.268+0000] {subprocess.py:93} INFO - 26/06/29 10:36:54 INFO SecurityManager: Changing view acls to: spark
[2026-06-29T10:36:54.269+0000] {subprocess.py:93} INFO - 26/06/29 10:36:54 INFO SecurityManager: Changing modify acls to: spark
[2026-06-29T10:36:54.270+0000] {subprocess.py:93} INFO - 26/06/29 10:36:54 INFO SecurityManager: Changing view acls groups to:
[2026-06-29T10:36:54.271+0000] {subprocess.py:93} INFO - 26/06/29 10:36:54 INFO SecurityManager: Changing modify acls groups to:
[2026-06-29T10:36:54.271+0000] {subprocess.py:93} INFO - 26/06/29 10:36:54 INFO SecurityManager: SecurityManager: authentication disabled; ui acls disabled; users with view permissions: spark; groups with view permissions: EMPTY; users with modify permissions: spark; groups with modify permissions: EMPTY
[2026-06-29T10:36:54.965+0000] {subprocess.py:93} INFO - 26/06/29 10:36:54 INFO Utils: Successfully started service 'sparkDriver' on port 39717.
[2026-06-29T10:36:55.066+0000] {subprocess.py:93} INFO - 26/06/29 10:36:55 INFO SparkEnv: Registering MapOutputTracker
[2026-06-29T10:36:55.195+0000] {subprocess.py:93} INFO - 26/06/29 10:36:55 INFO SparkEnv: Registering BlockManagerMaster
[2026-06-29T10:36:55.278+0000] {subprocess.py:93} INFO - 26/06/29 10:36:55 INFO BlockManagerMasterEndpoint: Using org.apache.spark.storage.DefaultTopologyMapper for getting topology information
[2026-06-29T10:36:55.280+0000] {subprocess.py:93} INFO - 26/06/29 10:36:55 INFO BlockManagerMasterEndpoint: BlockManagerMasterEndpoint up
[2026-06-29T10:36:55.295+0000] {subprocess.py:93} INFO - 26/06/29 10:36:55 INFO SparkEnv: Registering BlockManagerMasterHeartbeat
[2026-06-29T10:36:55.397+0000] {subprocess.py:93} INFO - 26/06/29 10:36:55 INFO DiskBlockManager: Created local directory at /tmp/blockmgr-898ad3a5-594a-42c0-b6cb-f8d9ec32be07
[2026-06-29T10:36:55.436+0000] {subprocess.py:93} INFO - 26/06/29 10:36:55 INFO MemoryStore: MemoryStore started with capacity 434.4 MiB
[2026-06-29T10:36:55.470+0000] {subprocess.py:93} INFO - 26/06/29 10:36:55 INFO SparkEnv: Registering OutputCommitCoordinator
[2026-06-29T10:36:55.959+0000] {subprocess.py:93} INFO - 26/06/29 10:36:55 INFO JettyUtils: Start Jetty 0.0.0.0:4040 for SparkUI
[2026-06-29T10:36:56.194+0000] {subprocess.py:93} INFO - 26/06/29 10:36:56 WARN Utils: Service 'SparkUI' could not bind on port 4040. Attempting port 4041.
[2026-06-29T10:36:56.196+0000] {subprocess.py:93} INFO - 26/06/29 10:36:56 WARN Utils: Service 'SparkUI' could not bind on port 4041. Attempting port 4042.
[2026-06-29T10:36:56.223+0000] {subprocess.py:93} INFO - 26/06/29 10:36:56 INFO Utils: Successfully started service 'SparkUI' on port 4042.
[2026-06-29T10:36:56.313+0000] {subprocess.py:93} INFO - 26/06/29 10:36:56 INFO SparkContext: Added JAR file:///opt/spark/extra-jars/spark-sql-kafka-0-10_2.12-3.5.1.jar at spark://spark-submit:39717/jars/spark-sql-kafka-0-10_2.12-3.5.1.jar with timestamp 1782729413700
[2026-06-29T10:36:56.316+0000] {subprocess.py:93} INFO - 26/06/29 10:36:56 INFO SparkContext: Added JAR file:///opt/spark/extra-jars/kafka-clients-3.4.1.jar at spark://spark-submit:39717/jars/kafka-clients-3.4.1.jar with timestamp 1782729413700
[2026-06-29T10:36:56.319+0000] {subprocess.py:93} INFO - 26/06/29 10:36:56 INFO SparkContext: Added JAR file:///opt/spark/extra-jars/spark-token-provider-kafka-0-10_2.12-3.5.1.jar at spark://spark-submit:39717/jars/spark-token-provider-kafka-0-10_2.12-3.5.1.jar with timestamp 1782729413700
[2026-06-29T10:36:56.328+0000] {subprocess.py:93} INFO - 26/06/29 10:36:56 INFO SparkContext: Added JAR file:///opt/spark/extra-jars/commons-pool2-2.11.1.jar at spark://spark-submit:39717/jars/commons-pool2-2.11.1.jar with timestamp 1782729413700
[2026-06-29T10:36:56.335+0000] {subprocess.py:93} INFO - 26/06/29 10:36:56 INFO SparkContext: Added JAR file:///opt/spark/extra-jars/postgresql-42.6.0.jar at spark://spark-submit:39717/jars/postgresql-42.6.0.jar with timestamp 1782729413700
[2026-06-29T10:36:56.561+0000] {subprocess.py:93} INFO - 26/06/29 10:36:56 INFO Executor: Starting executor ID driver on host 82f460df2328
[2026-06-29T10:36:56.562+0000] {subprocess.py:93} INFO - 26/06/29 10:36:56 INFO Executor: OS info Linux, 6.6.87.2-microsoft-standard-WSL2, amd64
[2026-06-29T10:36:56.563+0000] {subprocess.py:93} INFO - 26/06/29 10:36:56 INFO Executor: Java version 11.0.22
[2026-06-29T10:36:56.579+0000] {subprocess.py:93} INFO - 26/06/29 10:36:56 INFO Executor: Starting executor with user classpath (userClassPathFirst = false): ''
[2026-06-29T10:36:56.581+0000] {subprocess.py:93} INFO - 26/06/29 10:36:56 INFO Executor: Created or updated repl class loader org.apache.spark.util.MutableURLClassLoader@5883ce9a for default.
[2026-06-29T10:36:56.614+0000] {subprocess.py:93} INFO - 26/06/29 10:36:56 INFO Executor: Fetching spark://spark-submit:39717/jars/spark-token-provider-kafka-0-10_2.12-3.5.1.jar with timestamp 1782729413700
[2026-06-29T10:36:56.762+0000] {subprocess.py:93} INFO - 26/06/29 10:36:56 INFO TransportClientFactory: Successfully created connection to spark-submit/172.18.0.5:39717 after 96 ms (0 ms spent in bootstraps)
[2026-06-29T10:36:56.774+0000] {subprocess.py:93} INFO - 26/06/29 10:36:56 INFO Utils: Fetching spark://spark-submit:39717/jars/spark-token-provider-kafka-0-10_2.12-3.5.1.jar to /tmp/spark-625c8890-c3b7-4656-b291-35e3b4726286/userFiles-7f148829-bc53-4eec-be5e-62aa5f9ab327/fetchFileTemp9817078310102904510.tmp
[2026-06-29T10:36:56.828+0000] {subprocess.py:93} INFO - 26/06/29 10:36:56 INFO Executor: Adding file:/tmp/spark-625c8890-c3b7-4656-b291-35e3b4726286/userFiles-7f148829-bc53-4eec-be5e-62aa5f9ab327/spark-token-provider-kafka-0-10_2.12-3.5.1.jar to class loader default
[2026-06-29T10:36:56.829+0000] {subprocess.py:93} INFO - 26/06/29 10:36:56 INFO Executor: Fetching spark://spark-submit:39717/jars/spark-sql-kafka-0-10_2.12-3.5.1.jar with timestamp 1782729413700
[2026-06-29T10:36:56.830+0000] {subprocess.py:93} INFO - 26/06/29 10:36:56 INFO Utils: Fetching spark://spark-submit:39717/jars/spark-sql-kafka-0-10_2.12-3.5.1.jar to /tmp/spark-625c8890-c3b7-4656-b291-35e3b4726286/userFiles-7f148829-bc53-4eec-be5e-62aa5f9ab327/fetchFileTemp9088899572016347612.tmp
[2026-06-29T10:36:56.864+0000] {subprocess.py:93} INFO - 26/06/29 10:36:56 INFO Executor: Adding file:/tmp/spark-625c8890-c3b7-4656-b291-35e3b4726286/userFiles-7f148829-bc53-4eec-be5e-62aa5f9ab327/spark-sql-kafka-0-10_2.12-3.5.1.jar to class loader default
[2026-06-29T10:36:56.864+0000] {subprocess.py:93} INFO - 26/06/29 10:36:56 INFO Executor: Fetching spark://spark-submit:39717/jars/postgresql-42.6.0.jar with timestamp 1782729413700
[2026-06-29T10:36:56.865+0000] {subprocess.py:93} INFO - 26/06/29 10:36:56 INFO Utils: Fetching spark://spark-submit:39717/jars/postgresql-42.6.0.jar to /tmp/spark-625c8890-c3b7-4656-b291-35e3b4726286/userFiles-7f148829-bc53-4eec-be5e-62aa5f9ab327/fetchFileTemp13239375682485216440.tmp
[2026-06-29T10:36:56.919+0000] {subprocess.py:93} INFO - 26/06/29 10:36:56 INFO Executor: Adding file:/tmp/spark-625c8890-c3b7-4656-b291-35e3b4726286/userFiles-7f148829-bc53-4eec-be5e-62aa5f9ab327/postgresql-42.6.0.jar to class loader default
[2026-06-29T10:36:56.920+0000] {subprocess.py:93} INFO - 26/06/29 10:36:56 INFO Executor: Fetching spark://spark-submit:39717/jars/kafka-clients-3.4.1.jar with timestamp 1782729413700
[2026-06-29T10:36:56.921+0000] {subprocess.py:93} INFO - 26/06/29 10:36:56 INFO Utils: Fetching spark://spark-submit:39717/jars/kafka-clients-3.4.1.jar to /tmp/spark-625c8890-c3b7-4656-b291-35e3b4726286/userFiles-7f148829-bc53-4eec-be5e-62aa5f9ab327/fetchFileTemp2848687486668041757.tmp
[2026-06-29T10:36:57.064+0000] {subprocess.py:93} INFO - 26/06/29 10:36:57 INFO Executor: Adding file:/tmp/spark-625c8890-c3b7-4656-b291-35e3b4726286/userFiles-7f148829-bc53-4eec-be5e-62aa5f9ab327/kafka-clients-3.4.1.jar to class loader default
[2026-06-29T10:36:57.066+0000] {subprocess.py:93} INFO - 26/06/29 10:36:57 INFO Executor: Fetching spark://spark-submit:39717/jars/commons-pool2-2.11.1.jar with timestamp 1782729413700
[2026-06-29T10:36:57.067+0000] {subprocess.py:93} INFO - 26/06/29 10:36:57 INFO Utils: Fetching spark://spark-submit:39717/jars/commons-pool2-2.11.1.jar to /tmp/spark-625c8890-c3b7-4656-b291-35e3b4726286/userFiles-7f148829-bc53-4eec-be5e-62aa5f9ab327/fetchFileTemp1776280110531649069.tmp
[2026-06-29T10:36:57.090+0000] {subprocess.py:93} INFO - 26/06/29 10:36:57 INFO Executor: Adding file:/tmp/spark-625c8890-c3b7-4656-b291-35e3b4726286/userFiles-7f148829-bc53-4eec-be5e-62aa5f9ab327/commons-pool2-2.11.1.jar to class loader default
[2026-06-29T10:36:57.116+0000] {subprocess.py:93} INFO - 26/06/29 10:36:57 INFO Utils: Successfully started service 'org.apache.spark.network.netty.NettyBlockTransferService' on port 41951.
[2026-06-29T10:36:57.119+0000] {subprocess.py:93} INFO - 26/06/29 10:36:57 INFO NettyBlockTransferService: Server created on spark-submit 0.0.0.0:41951
[2026-06-29T10:36:57.120+0000] {subprocess.py:93} INFO - 26/06/29 10:36:57 INFO BlockManager: Using org.apache.spark.storage.RandomBlockReplicationPolicy for block replication policy
[2026-06-29T10:36:57.137+0000] {subprocess.py:93} INFO - 26/06/29 10:36:57 INFO BlockManagerMaster: Registering BlockManager BlockManagerId(driver, spark-submit, 41951, None)
[2026-06-29T10:36:57.145+0000] {subprocess.py:93} INFO - 26/06/29 10:36:57 INFO BlockManagerMasterEndpoint: Registering block manager spark-submit:41951 with 434.4 MiB RAM, BlockManagerId(driver, spark-submit, 41951, None)
[2026-06-29T10:36:57.152+0000] {subprocess.py:93} INFO - 26/06/29 10:36:57 INFO BlockManagerMaster: Registered BlockManager BlockManagerId(driver, spark-submit, 41951, None)
[2026-06-29T10:36:57.154+0000] {subprocess.py:93} INFO - 26/06/29 10:36:57 INFO BlockManager: Initialized BlockManager: BlockManagerId(driver, spark-submit, 41951, None)
[2026-06-29T10:36:58.119+0000] {subprocess.py:93} INFO - ✅ SparkSession created!
[2026-06-29T10:37:04.705+0000] {subprocess.py:93} INFO - ✅ Streaming started! Writing to PostgreSQL...
[2026-06-29T10:37:17.079+0000] {subprocess.py:93} INFO - 📦 Writing batch 1 with 5 rows to PostgreSQL...
[2026-06-29T10:37:22.563+0000] {subprocess.py:93} INFO - ✅ Batch 1 written successfully!
[2026-06-29T10:37:24.234+0000] {subprocess.py:93} INFO - 📦 Writing batch 2 with 10 rows to PostgreSQL...
[2026-06-29T10:37:25.354+0000] {subprocess.py:93} INFO - ✅ Batch 2 written successfully!
[2026-06-29T10:37:27.292+0000] {subprocess.py:93} INFO - 📦 Writing batch 3 with 3 rows to PostgreSQL...
[2026-06-29T10:37:28.585+0000] {subprocess.py:93} INFO - ✅ Batch 3 written successfully!
[2026-06-29T10:37:31.587+0000] {subprocess.py:93} INFO - 📦 Writing batch 4 with 4 rows to PostgreSQL...
[2026-06-29T10:37:32.601+0000] {subprocess.py:93} INFO - ✅ Batch 4 written successfully!
[2026-06-29T10:37:36.792+0000] {subprocess.py:93} INFO - 📦 Writing batch 5 with 5 rows to PostgreSQL...
[2026-06-29T10:37:37.831+0000] {subprocess.py:93} INFO - ✅ Batch 5 written successfully!
[2026-06-29T10:37:41.951+0000] {subprocess.py:93} INFO - 📦 Writing batch 6 with 5 rows to PostgreSQL...
[2026-06-29T10:37:43.011+0000] {subprocess.py:93} INFO - ✅ Batch 6 written successfully!
[2026-06-29T10:37:46.188+0000] {subprocess.py:93} INFO - 📦 Writing batch 7 with 4 rows to PostgreSQL...
[2026-06-29T10:37:46.556+0000] {subprocess.py:93} INFO - ✅ Batch 7 written successfully!
[2026-06-29T10:37:51.507+0000] {subprocess.py:93} INFO - 📦 Writing batch 8 with 6 rows to PostgreSQL...
[2026-06-29T10:37:52.501+0000] {subprocess.py:93} INFO - ✅ Batch 8 written successfully!
[2026-06-29T10:37:56.639+0000] {subprocess.py:93} INFO - 📦 Writing batch 9 with 5 rows to PostgreSQL...
[2026-06-29T10:37:57.605+0000] {subprocess.py:93} INFO - ✅ Batch 9 written successfully!
[2026-06-29T10:38:01.591+0000] {subprocess.py:93} INFO - 📦 Writing batch 10 with 5 rows to PostgreSQL...
[2026-06-29T10:38:01.982+0000] {subprocess.py:93} INFO - ✅ Batch 10 written successfully!
[2026-06-29T10:38:06.103+0000] {subprocess.py:93} INFO - 📦 Writing batch 11 with 5 rows to PostgreSQL...
[2026-06-29T10:38:07.035+0000] {subprocess.py:93} INFO - ✅ Batch 11 written successfully!
[2026-06-29T10:38:11.255+0000] {subprocess.py:93} INFO - 📦 Writing batch 12 with 4 rows to PostgreSQL...
[2026-06-29T10:38:12.080+0000] {subprocess.py:93} INFO - ✅ Batch 12 written successfully!
[2026-06-29T10:38:16.212+0000] {subprocess.py:93} INFO - 📦 Writing batch 13 with 5 rows to PostgreSQL...
[2026-06-29T10:38:16.744+0000] {subprocess.py:93} INFO - ✅ Batch 13 written successfully!
[2026-06-29T10:38:21.573+0000] {subprocess.py:93} INFO - 📦 Writing batch 14 with 6 rows to PostgreSQL...
[2026-06-29T10:38:22.482+0000] {subprocess.py:93} INFO - ✅ Batch 14 written successfully!
[2026-06-29T10:38:26.133+0000] {subprocess.py:93} INFO - 📦 Writing batch 15 with 5 rows to PostgreSQL...
[2026-06-29T10:38:27.108+0000] {subprocess.py:93} INFO - ✅ Batch 15 written successfully!
[2026-06-29T10:38:31.240+0000] {subprocess.py:93} INFO - 📦 Writing batch 16 with 4 rows to PostgreSQL...
[2026-06-29T10:38:32.085+0000] {subprocess.py:93} INFO - ✅ Batch 16 written successfully!
[2026-06-29T10:38:36.434+0000] {subprocess.py:93} INFO - 📦 Writing batch 17 with 5 rows to PostgreSQL...
[2026-06-29T10:38:37.292+0000] {subprocess.py:93} INFO - ✅ Batch 17 written successfully!
[2026-06-29T10:38:41.255+0000] {subprocess.py:93} INFO - 📦 Writing batch 18 with 5 rows to PostgreSQL...
[2026-06-29T10:38:41.573+0000] {subprocess.py:93} INFO - ✅ Batch 18 written successfully!
[2026-06-29T10:38:45.828+0000] {subprocess.py:93} INFO - 📦 Writing batch 19 with 5 rows to PostgreSQL...
[2026-06-29T10:38:46.761+0000] {subprocess.py:93} INFO - ✅ Batch 19 written successfully!
[2026-06-29T10:38:51.923+0000] {subprocess.py:93} INFO - 📦 Writing batch 20 with 4 rows to PostgreSQL...
[2026-06-29T10:38:52.824+0000] {subprocess.py:93} INFO - ✅ Batch 20 written successfully!
[2026-06-29T10:38:56.541+0000] {subprocess.py:93} INFO - 📦 Writing batch 21 with 5 rows to PostgreSQL...
[2026-06-29T10:38:57.524+0000] {subprocess.py:93} INFO - ✅ Batch 21 written successfully!
[2026-06-29T10:39:01.388+0000] {subprocess.py:93} INFO - 📦 Writing batch 22 with 5 rows to PostgreSQL...
[2026-06-29T10:39:02.260+0000] {subprocess.py:93} INFO - ✅ Batch 22 written successfully!
[2026-06-29T10:39:06.532+0000] {subprocess.py:93} INFO - 📦 Writing batch 23 with 5 rows to PostgreSQL...
[2026-06-29T10:39:07.382+0000] {subprocess.py:93} INFO - ✅ Batch 23 written successfully!
[2026-06-29T10:39:11.454+0000] {subprocess.py:93} INFO - 📦 Writing batch 24 with 5 rows to PostgreSQL...
[2026-06-29T10:39:11.909+0000] {subprocess.py:93} INFO - ✅ Batch 24 written successfully!
[2026-06-29T10:39:15.990+0000] {subprocess.py:93} INFO - 📦 Writing batch 25 with 5 rows to PostgreSQL...
[2026-06-29T10:39:16.409+0000] {subprocess.py:93} INFO - ✅ Batch 25 written successfully!
[2026-06-29T10:39:21.162+0000] {subprocess.py:93} INFO - 📦 Writing batch 26 with 5 rows to PostgreSQL...
[2026-06-29T10:39:21.502+0000] {subprocess.py:93} INFO - ✅ Batch 26 written successfully!
[2026-06-29T10:39:26.887+0000] {subprocess.py:93} INFO - 📦 Writing batch 27 with 4 rows to PostgreSQL...
[2026-06-29T10:39:27.389+0000] {subprocess.py:93} INFO - ✅ Batch 27 written successfully!
[2026-06-29T10:39:31.130+0000] {subprocess.py:93} INFO - 📦 Writing batch 28 with 4 rows to PostgreSQL...
[2026-06-29T10:39:31.529+0000] {subprocess.py:93} INFO - ✅ Batch 28 written successfully!
[2026-06-29T10:39:36.327+0000] {subprocess.py:93} INFO - 📦 Writing batch 29 with 5 rows to PostgreSQL...
[2026-06-29T10:39:36.652+0000] {subprocess.py:93} INFO - ✅ Batch 29 written successfully!
[2026-06-29T10:39:41.437+0000] {subprocess.py:93} INFO - 📦 Writing batch 30 with 5 rows to PostgreSQL...
[2026-06-29T10:39:41.776+0000] {subprocess.py:93} INFO - ✅ Batch 30 written successfully!
[2026-06-29T10:39:46.284+0000] {subprocess.py:93} INFO - 📦 Writing batch 31 with 5 rows to PostgreSQL...
[2026-06-29T10:39:46.983+0000] {subprocess.py:93} INFO - ✅ Batch 31 written successfully!
[2026-06-29T10:39:51.098+0000] {subprocess.py:93} INFO - 📦 Writing batch 32 with 5 rows to PostgreSQL...
[2026-06-29T10:39:51.447+0000] {subprocess.py:93} INFO - ✅ Batch 32 written successfully!
[2026-06-29T10:39:56.228+0000] {subprocess.py:93} INFO - 📦 Writing batch 33 with 5 rows to PostgreSQL...
[2026-06-29T10:39:57.075+0000] {subprocess.py:93} INFO - ✅ Batch 33 written successfully!
[2026-06-29T10:40:01.384+0000] {subprocess.py:93} INFO - 📦 Writing batch 34 with 5 rows to PostgreSQL...
[2026-06-29T10:40:02.199+0000] {subprocess.py:93} INFO - ✅ Batch 34 written successfully!
[2026-06-29T10:40:06.444+0000] {subprocess.py:93} INFO - 📦 Writing batch 35 with 5 rows to PostgreSQL...
[2026-06-29T10:40:06.840+0000] {subprocess.py:93} INFO - ✅ Batch 35 written successfully!
[2026-06-29T10:40:11.666+0000] {subprocess.py:93} INFO - 📦 Writing batch 36 with 5 rows to PostgreSQL...
[2026-06-29T10:40:11.953+0000] {subprocess.py:93} INFO - ✅ Batch 36 written successfully!
[2026-06-29T10:40:19.732+0000] {subprocess.py:93} INFO - 📦 Writing batch 37 with 6 rows to PostgreSQL...
[2026-06-29T10:40:20.832+0000] {subprocess.py:93} INFO - ✅ Batch 37 written successfully!
[2026-06-29T10:40:22.081+0000] {subprocess.py:93} INFO - 📦 Writing batch 38 with 3 rows to PostgreSQL...
[2026-06-29T10:40:22.877+0000] {subprocess.py:93} INFO - ✅ Batch 38 written successfully!
[2026-06-29T10:40:26.735+0000] {subprocess.py:93} INFO - 📦 Writing batch 39 with 3 rows to PostgreSQL...
[2026-06-29T10:40:27.322+0000] {subprocess.py:93} INFO - ✅ Batch 39 written successfully!
[2026-06-29T10:40:31.368+0000] {subprocess.py:93} INFO - 📦 Writing batch 40 with 5 rows to PostgreSQL...
[2026-06-29T10:40:32.263+0000] {subprocess.py:93} INFO - ✅ Batch 40 written successfully!
[2026-06-29T10:40:36.350+0000] {subprocess.py:93} INFO - 📦 Writing batch 41 with 5 rows to PostgreSQL...
[2026-06-29T10:40:37.505+0000] {subprocess.py:93} INFO - ✅ Batch 41 written successfully!
[2026-06-29T10:40:41.790+0000] {subprocess.py:93} INFO - 📦 Writing batch 42 with 5 rows to PostgreSQL...
[2026-06-29T10:40:42.646+0000] {subprocess.py:93} INFO - ✅ Batch 42 written successfully!
[2026-06-29T10:40:46.330+0000] {subprocess.py:93} INFO - 📦 Writing batch 43 with 5 rows to PostgreSQL...
[2026-06-29T10:40:47.071+0000] {subprocess.py:93} INFO - ✅ Batch 43 written successfully!
[2026-06-29T10:40:51.299+0000] {subprocess.py:93} INFO - 📦 Writing batch 44 with 5 rows to PostgreSQL...
[2026-06-29T10:40:52.320+0000] {subprocess.py:93} INFO - ✅ Batch 44 written successfully!
[2026-06-29T10:40:56.074+0000] {subprocess.py:93} INFO - 📦 Writing batch 45 with 5 rows to PostgreSQL...
[2026-06-29T10:40:56.414+0000] {subprocess.py:93} INFO - ✅ Batch 45 written successfully!
[2026-06-29T10:41:01.160+0000] {subprocess.py:93} INFO - 📦 Writing batch 46 with 5 rows to PostgreSQL...
[2026-06-29T10:41:02.068+0000] {subprocess.py:93} INFO - ✅ Batch 46 written successfully!
[2026-06-29T10:41:06.320+0000] {subprocess.py:93} INFO - 📦 Writing batch 47 with 5 rows to PostgreSQL...
[2026-06-29T10:41:06.687+0000] {subprocess.py:93} INFO - ✅ Batch 47 written successfully!
[2026-06-29T10:41:11.611+0000] {subprocess.py:93} INFO - 📦 Writing batch 48 with 5 rows to PostgreSQL...
[2026-06-29T10:41:12.277+0000] {subprocess.py:93} INFO - ✅ Batch 48 written successfully!
[2026-06-29T10:41:16.371+0000] {subprocess.py:93} INFO - 📦 Writing batch 49 with 5 rows to PostgreSQL...
[2026-06-29T10:41:17.163+0000] {subprocess.py:93} INFO - ✅ Batch 49 written successfully!
[2026-06-29T10:41:21.413+0000] {subprocess.py:93} INFO - 📦 Writing batch 50 with 5 rows to PostgreSQL...
[2026-06-29T10:41:22.179+0000] {subprocess.py:93} INFO - ✅ Batch 50 written successfully!
[2026-06-29T10:41:26.290+0000] {subprocess.py:93} INFO - 📦 Writing batch 51 with 5 rows to PostgreSQL...
[2026-06-29T10:41:26.629+0000] {subprocess.py:93} INFO - ✅ Batch 51 written successfully!
[2026-06-29T10:41:31.427+0000] {subprocess.py:93} INFO - 📦 Writing batch 52 with 5 rows to PostgreSQL...
[2026-06-29T10:41:32.352+0000] {subprocess.py:93} INFO - ✅ Batch 52 written successfully!
[2026-06-29T10:41:35.694+0000] {timeout.py:68} ERROR - Process timed out, PID: 329
[2026-06-29T10:41:35.724+0000] {taskinstance.py:441} INFO - ::group::Post task execution logs
[2026-06-29T10:41:35.732+0000] {subprocess.py:104} INFO - Sending SIGTERM signal to process group
[2026-06-29T10:41:36.345+0000] {taskinstance.py:2905} ERROR - Task failed with exception
Traceback (most recent call last):
  File "/home/airflow/.local/lib/python3.12/site-packages/airflow/models/taskinstance.py", line 460, in _execute_task
    result = _execute_callable(context=context, **execute_callable_kwargs)
             ^^^^^^^^^^^^^^^^^^^^^^^^^^^^^^^^^^^^^^^^^^^^^^^^^^^^^^^^^^^^^
  File "/home/airflow/.local/lib/python3.12/site-packages/airflow/models/taskinstance.py", line 432, in _execute_callable
    return execute_callable(context=context, **execute_callable_kwargs)
           ^^^^^^^^^^^^^^^^^^^^^^^^^^^^^^^^^^^^^^^^^^^^^^^^^^^^^^^^^^^^
  File "/home/airflow/.local/lib/python3.12/site-packages/airflow/models/baseoperator.py", line 400, in wrapper
    return func(self, *args, **kwargs)
           ^^^^^^^^^^^^^^^^^^^^^^^^^^^
  File "/home/airflow/.local/lib/python3.12/site-packages/airflow/operators/bash.py", line 234, in execute
    result = self.subprocess_hook.run_command(
             ^^^^^^^^^^^^^^^^^^^^^^^^^^^^^^^^^
  File "/home/airflow/.local/lib/python3.12/site-packages/airflow/hooks/subprocess.py", line 91, in run_command
    for raw_line in iter(self.sub_process.stdout.readline, b""):
  File "/home/airflow/.local/lib/python3.12/site-packages/airflow/utils/timeout.py", line 69, in handle_timeout
    raise AirflowTaskTimeout(self.error_message)
airflow.exceptions.AirflowTaskTimeout: Timeout, PID: 329
[2026-06-29T10:41:36.404+0000] {taskinstance.py:1206} INFO - Marking task as UP_FOR_RETRY. dag_id=clickstream_etl_pipeline, task_id=submit_spark_etl_job, run_id=manual__2026-06-29T10:36:31.451310+00:00, execution_date=20260629T103631, start_date=20260629T103641, end_date=20260629T104136
[2026-06-29T10:41:36.718+0000] {local_task_job_runner.py:240} INFO - Task exited with return code 2
[2026-06-29T10:41:37.115+0000] {taskinstance.py:3498} INFO - 0 downstream tasks scheduled from follow-on schedule check
[2026-06-29T10:41:37.118+0000] {local_task_job_runner.py:222} INFO - ::endgroup::
