[2026-06-29T10:37:02.548+0000] {local_task_job_runner.py:120} INFO - ::group::Pre task execution logs
[2026-06-29T10:37:02.627+0000] {taskinstance.py:2076} INFO - Dependencies all met for dep_context=non-requeueable deps ti=<TaskInstance: clickstream_etl_pipeline.run_kafka_producer_batch scheduled__2026-06-29T10:20:00+00:00 [queued]>
[2026-06-29T10:37:02.648+0000] {taskinstance.py:2076} INFO - Dependencies all met for dep_context=requeueable deps ti=<TaskInstance: clickstream_etl_pipeline.run_kafka_producer_batch scheduled__2026-06-29T10:20:00+00:00 [queued]>
[2026-06-29T10:37:02.649+0000] {taskinstance.py:2306} INFO - Starting attempt 2 of 4
[2026-06-29T10:37:02.675+0000] {taskinstance.py:2330} INFO - Executing <Task(BashOperator): run_kafka_producer_batch> on 2026-06-29 10:20:00+00:00
[2026-06-29T10:37:02.694+0000] {logging_mixin.py:188} WARNING - /home/airflow/.local/lib/python3.12/site-packages/airflow/task/task_runner/standard_task_runner.py:61 DeprecationWarning: This process (pid=349) is multi-threaded, use of fork() may lead to deadlocks in the child.
[2026-06-29T10:37:02.696+0000] {standard_task_runner.py:63} INFO - Started process 350 to run task
[2026-06-29T10:37:02.695+0000] {standard_task_runner.py:90} INFO - Running: ['airflow', 'tasks', 'run', 'clickstream_etl_pipeline', 'run_kafka_producer_batch', 'scheduled__2026-06-29T10:20:00+00:00', '--job-id', '19', '--raw', '--subdir', 'DAGS_FOLDER/clickstream_etl_dag.py', '--cfg-path', '/tmp/tmpby5bn2c3']
[2026-06-29T10:37:02.702+0000] {standard_task_runner.py:91} INFO - Job 19: Subtask run_kafka_producer_batch
[2026-06-29T10:37:02.812+0000] {task_command.py:426} INFO - Running <TaskInstance: clickstream_etl_pipeline.run_kafka_producer_batch scheduled__2026-06-29T10:20:00+00:00 [running]> on host fa8ae8f32dcf
[2026-06-29T10:37:03.179+0000] {taskinstance.py:2648} INFO - Exporting env vars: AIRFLOW_CTX_DAG_OWNER='nabha' AIRFLOW_CTX_DAG_ID='clickstream_etl_pipeline' AIRFLOW_CTX_TASK_ID='run_kafka_producer_batch' AIRFLOW_CTX_EXECUTION_DATE='2026-06-29T10:20:00+00:00' AIRFLOW_CTX_TRY_NUMBER='2' AIRFLOW_CTX_DAG_RUN_ID='scheduled__2026-06-29T10:20:00+00:00'
[2026-06-29T10:37:03.184+0000] {taskinstance.py:430} INFO - ::endgroup::
[2026-06-29T10:37:03.223+0000] {subprocess.py:63} INFO - Tmp dir root location: /tmp
[2026-06-29T10:37:03.229+0000] {subprocess.py:75} INFO - Running command: ['/usr/bin/bash', '-c', 'timeout 60 python /opt/airflow/scripts/producer.py || true']
[2026-06-29T10:37:03.305+0000] {subprocess.py:86} INFO - Output:
[2026-06-29T10:37:03.528+0000] {subprocess.py:93} INFO - Traceback (most recent call last):
[2026-06-29T10:37:03.529+0000] {subprocess.py:93} INFO -   File "/opt/airflow/scripts/producer.py", line 1, in <module>
[2026-06-29T10:37:03.533+0000] {subprocess.py:93} INFO -     from kafka import KafkaProducer
[2026-06-29T10:37:03.534+0000] {subprocess.py:93} INFO - ModuleNotFoundError: No module named 'kafka'
[2026-06-29T10:37:03.546+0000] {subprocess.py:97} INFO - Command exited with return code 0
[2026-06-29T10:37:03.549+0000] {taskinstance.py:441} INFO - ::group::Post task execution logs
[2026-06-29T10:37:03.691+0000] {taskinstance.py:1206} INFO - Marking task as SUCCESS. dag_id=clickstream_etl_pipeline, task_id=run_kafka_producer_batch, run_id=scheduled__2026-06-29T10:20:00+00:00, execution_date=20260629T102000, start_date=20260629T103702, end_date=20260629T103703
[2026-06-29T10:37:03.763+0000] {local_task_job_runner.py:240} INFO - Task exited with return code 0
[2026-06-29T10:37:03.869+0000] {taskinstance.py:3498} INFO - 1 downstream tasks scheduled from follow-on schedule check
[2026-06-29T10:37:03.873+0000] {local_task_job_runner.py:222} INFO - ::endgroup::
