[2026-06-29T10:26:31.506+0000] {manager.py:470} INFO - Processing files using up to 2 processes at a time 
[2026-06-29T10:26:31.518+0000] {manager.py:471} INFO - Process each file at most once every 30 seconds
[2026-06-29T10:26:31.529+0000] {manager.py:472} INFO - Checking for new files in /opt/airflow/dags every 300 seconds
[2026-06-29T10:26:31.537+0000] {manager.py:737} INFO - Searching for files in /opt/airflow/dags
[2026-06-29T10:26:31.601+0000] {manager.py:740} INFO - There are 1 files in /opt/airflow/dags
[2026-06-29T10:26:32.727+0000] {manager.py:878} INFO - 
================================================================================
DAG File Processing Stats

File Path                                   PID  Runtime      # DAGs    # Errors  Last Runtime    Last Run
----------------------------------------  -----  ---------  --------  ----------  --------------  ----------
/opt/airflow/dags/clickstream_etl_dag.py    172  0.62s             0           0
================================================================================
[2026-06-29T10:27:02.591+0000] {manager.py:878} INFO - 
================================================================================
DAG File Processing Stats

File Path                                 PID    Runtime      # DAGs    # Errors  Last Runtime    Last Run
----------------------------------------  -----  ---------  --------  ----------  --------------  -------------------
/opt/airflow/dags/clickstream_etl_dag.py                           1           0  3.08s           2026-06-29T10:26:35
================================================================================
[2026-06-29T10:27:32.762+0000] {manager.py:878} INFO - 
================================================================================
DAG File Processing Stats

File Path                                 PID    Runtime      # DAGs    # Errors  Last Runtime    Last Run
----------------------------------------  -----  ---------  --------  ----------  --------------  -------------------
/opt/airflow/dags/clickstream_etl_dag.py                           1           0  0.56s           2026-06-29T10:27:06
================================================================================
[2026-06-29T10:28:03.086+0000] {manager.py:878} INFO - 
================================================================================
DAG File Processing Stats

File Path                                 PID    Runtime      # DAGs    # Errors  Last Runtime    Last Run
----------------------------------------  -----  ---------  --------  ----------  --------------  -------------------
/opt/airflow/dags/clickstream_etl_dag.py                           1           0  0.33s           2026-06-29T10:27:37
================================================================================
[2026-06-29T10:28:32.833+0000] {manager.py:878} INFO - 
================================================================================
DAG File Processing Stats

File Path                                 PID    Runtime      # DAGs    # Errors  Last Runtime    Last Run
----------------------------------------  -----  ---------  --------  ----------  --------------  -------------------
/opt/airflow/dags/clickstream_etl_dag.py                           1           0  0.25s           2026-06-29T10:28:08
================================================================================
[2026-06-29T10:29:02.769+0000] {manager.py:878} INFO - 
================================================================================
DAG File Processing Stats

File Path                                 PID    Runtime      # DAGs    # Errors  Last Runtime    Last Run
----------------------------------------  -----  ---------  --------  ----------  --------------  -------------------
/opt/airflow/dags/clickstream_etl_dag.py                           1           0  0.23s           2026-06-29T10:28:39
================================================================================
[2026-06-29T10:29:32.725+0000] {manager.py:878} INFO - 
================================================================================
DAG File Processing Stats

File Path                                 PID    Runtime      # DAGs    # Errors  Last Runtime    Last Run
----------------------------------------  -----  ---------  --------  ----------  --------------  -------------------
/opt/airflow/dags/clickstream_etl_dag.py                           1           0  0.48s           2026-06-29T10:29:10
================================================================================
[2026-06-29T10:30:02.946+0000] {manager.py:878} INFO - 
================================================================================
DAG File Processing Stats

File Path                                 PID    Runtime      # DAGs    # Errors  Last Runtime    Last Run
----------------------------------------  -----  ---------  --------  ----------  --------------  -------------------
/opt/airflow/dags/clickstream_etl_dag.py                           1           0  0.57s           2026-06-29T10:29:41
================================================================================
[2026-06-29T10:30:32.777+0000] {manager.py:878} INFO - 
================================================================================
DAG File Processing Stats

File Path                                 PID    Runtime      # DAGs    # Errors  Last Runtime    Last Run
----------------------------------------  -----  ---------  --------  ----------  --------------  -------------------
/opt/airflow/dags/clickstream_etl_dag.py                           1           0  0.67s           2026-06-29T10:30:12
================================================================================
[2026-06-29T10:31:02.994+0000] {manager.py:878} INFO - 
================================================================================
DAG File Processing Stats

File Path                                 PID    Runtime      # DAGs    # Errors  Last Runtime    Last Run
----------------------------------------  -----  ---------  --------  ----------  --------------  -------------------
/opt/airflow/dags/clickstream_etl_dag.py                           1           0  0.61s           2026-06-29T10:30:43
================================================================================
[2026-06-29T10:31:31.686+0000] {manager.py:737} INFO - Searching for files in /opt/airflow/dags
[2026-06-29T10:31:31.740+0000] {manager.py:740} INFO - There are 1 files in /opt/airflow/dags
[2026-06-29T10:31:32.783+0000] {manager.py:878} INFO - 
================================================================================
DAG File Processing Stats

File Path                                 PID    Runtime      # DAGs    # Errors  Last Runtime    Last Run
----------------------------------------  -----  ---------  --------  ----------  --------------  -------------------
/opt/airflow/dags/clickstream_etl_dag.py                           1           0  0.29s           2026-06-29T10:31:14
================================================================================
[2026-06-29T10:32:02.592+0000] {manager.py:878} INFO - 
================================================================================
DAG File Processing Stats

File Path                                 PID    Runtime      # DAGs    # Errors  Last Runtime    Last Run
----------------------------------------  -----  ---------  --------  ----------  --------------  -------------------
/opt/airflow/dags/clickstream_etl_dag.py                           1           0  0.37s           2026-06-29T10:31:45
================================================================================
[2026-06-29T10:32:32.128+0000] {manager.py:878} INFO - 
================================================================================
DAG File Processing Stats

File Path                                 PID    Runtime      # DAGs    # Errors  Last Runtime    Last Run
----------------------------------------  -----  ---------  --------  ----------  --------------  -------------------
/opt/airflow/dags/clickstream_etl_dag.py                           1           0  0.80s           2026-06-29T10:32:16
================================================================================
[2026-06-29T10:33:01.809+0000] {manager.py:878} INFO - 
================================================================================
DAG File Processing Stats

File Path                                 PID    Runtime      # DAGs    # Errors  Last Runtime    Last Run
----------------------------------------  -----  ---------  --------  ----------  --------------  -------------------
/opt/airflow/dags/clickstream_etl_dag.py                           1           0  0.36s           2026-06-29T10:32:47
================================================================================
[2026-06-29T10:33:31.326+0000] {manager.py:878} INFO - 
================================================================================
DAG File Processing Stats

File Path                                 PID    Runtime      # DAGs    # Errors  Last Runtime    Last Run
----------------------------------------  -----  ---------  --------  ----------  --------------  -------------------
/opt/airflow/dags/clickstream_etl_dag.py                           1           0  1.17s           2026-06-29T10:33:18
================================================================================
[2026-06-29T10:34:01.062+0000] {manager.py:878} INFO - 
================================================================================
DAG File Processing Stats

File Path                                 PID    Runtime      # DAGs    # Errors  Last Runtime    Last Run
----------------------------------------  -----  ---------  --------  ----------  --------------  -------------------
/opt/airflow/dags/clickstream_etl_dag.py                           1           0  0.50s           2026-06-29T10:33:49
================================================================================
[2026-06-29T10:34:30.615+0000] {manager.py:878} INFO - 
================================================================================
DAG File Processing Stats

File Path                                 PID    Runtime      # DAGs    # Errors  Last Runtime    Last Run
----------------------------------------  -----  ---------  --------  ----------  --------------  -------------------
/opt/airflow/dags/clickstream_etl_dag.py                           1           0  0.29s           2026-06-29T10:34:20
================================================================================
[2026-06-29T10:35:00.565+0000] {manager.py:878} INFO - 
================================================================================
DAG File Processing Stats

File Path                                 PID    Runtime      # DAGs    # Errors  Last Runtime    Last Run
----------------------------------------  -----  ---------  --------  ----------  --------------  -------------------
/opt/airflow/dags/clickstream_etl_dag.py                           1           0  0.63s           2026-06-29T10:34:51
================================================================================
[2026-06-29T10:35:29.973+0000] {manager.py:878} INFO - 
================================================================================
DAG File Processing Stats

File Path                                 PID    Runtime      # DAGs    # Errors  Last Runtime    Last Run
----------------------------------------  -----  ---------  --------  ----------  --------------  -------------------
/opt/airflow/dags/clickstream_etl_dag.py                           1           0  0.32s           2026-06-29T10:35:22
================================================================================
[2026-06-29T10:35:59.573+0000] {manager.py:878} INFO - 
================================================================================
DAG File Processing Stats

File Path                                 PID    Runtime      # DAGs    # Errors  Last Runtime    Last Run
----------------------------------------  -----  ---------  --------  ----------  --------------  -------------------
/opt/airflow/dags/clickstream_etl_dag.py                           1           0  0.88s           2026-06-29T10:35:54
================================================================================
[2026-06-29T10:36:29.054+0000] {manager.py:878} INFO - 
================================================================================
DAG File Processing Stats

File Path                                 PID    Runtime      # DAGs    # Errors  Last Runtime    Last Run
----------------------------------------  -----  ---------  --------  ----------  --------------  -------------------
/opt/airflow/dags/clickstream_etl_dag.py                           1           0  0.54s           2026-06-29T10:36:25
================================================================================
[2026-06-29T10:36:32.072+0000] {manager.py:737} INFO - Searching for files in /opt/airflow/dags
[2026-06-29T10:36:32.130+0000] {manager.py:740} INFO - There are 1 files in /opt/airflow/dags
[2026-06-29T10:36:58.756+0000] {manager.py:878} INFO - 
================================================================================
DAG File Processing Stats

File Path                                 PID    Runtime      # DAGs    # Errors  Last Runtime    Last Run
----------------------------------------  -----  ---------  --------  ----------  --------------  -------------------
/opt/airflow/dags/clickstream_etl_dag.py                           1           0  0.93s           2026-06-29T10:36:56
================================================================================
[2026-06-29T10:37:28.906+0000] {manager.py:878} INFO - 
================================================================================
DAG File Processing Stats

File Path                                 PID    Runtime      # DAGs    # Errors  Last Runtime    Last Run
----------------------------------------  -----  ---------  --------  ----------  --------------  -------------------
/opt/airflow/dags/clickstream_etl_dag.py                           1           0  1.16s           2026-06-29T10:37:28
================================================================================
[2026-06-29T10:37:58.624+0000] {manager.py:878} INFO - 
================================================================================
DAG File Processing Stats

File Path                                   PID  Runtime      # DAGs    # Errors  Last Runtime    Last Run
----------------------------------------  -----  ---------  --------  ----------  --------------  -------------------
/opt/airflow/dags/clickstream_etl_dag.py    372  0.01s             1           0  1.16s           2026-06-29T10:37:28
================================================================================
[2026-06-29T10:38:28.310+0000] {manager.py:878} INFO - 
================================================================================
DAG File Processing Stats

File Path                                 PID    Runtime      # DAGs    # Errors  Last Runtime    Last Run
----------------------------------------  -----  ---------  --------  ----------  --------------  -------------------
/opt/airflow/dags/clickstream_etl_dag.py                           1           0  0.56s           2026-06-29T10:37:59
================================================================================
[2026-06-29T10:38:58.269+0000] {manager.py:878} INFO - 
================================================================================
DAG File Processing Stats

File Path                                 PID    Runtime      # DAGs    # Errors  Last Runtime    Last Run
----------------------------------------  -----  ---------  --------  ----------  --------------  -------------------
/opt/airflow/dags/clickstream_etl_dag.py                           1           0  0.77s           2026-06-29T10:38:30
================================================================================
[2026-06-29T10:39:28.326+0000] {manager.py:878} INFO - 
================================================================================
DAG File Processing Stats

File Path                                 PID    Runtime      # DAGs    # Errors  Last Runtime    Last Run
----------------------------------------  -----  ---------  --------  ----------  --------------  -------------------
/opt/airflow/dags/clickstream_etl_dag.py                           1           0  0.76s           2026-06-29T10:39:01
================================================================================
[2026-06-29T10:39:57.926+0000] {manager.py:878} INFO - 
================================================================================
DAG File Processing Stats

File Path                                 PID    Runtime      # DAGs    # Errors  Last Runtime    Last Run
----------------------------------------  -----  ---------  --------  ----------  --------------  -------------------
/opt/airflow/dags/clickstream_etl_dag.py                           1           0  0.34s           2026-06-29T10:39:31
================================================================================
[2026-06-29T10:40:27.925+0000] {manager.py:878} INFO - 
================================================================================
DAG File Processing Stats

File Path                                 PID    Runtime      # DAGs    # Errors  Last Runtime    Last Run
----------------------------------------  -----  ---------  --------  ----------  --------------  -------------------
/opt/airflow/dags/clickstream_etl_dag.py                           1           0  0.69s           2026-06-29T10:40:02
================================================================================
[2026-06-29T10:40:57.357+0000] {manager.py:878} INFO - 
================================================================================
DAG File Processing Stats

File Path                                 PID    Runtime      # DAGs    # Errors  Last Runtime    Last Run
----------------------------------------  -----  ---------  --------  ----------  --------------  -------------------
/opt/airflow/dags/clickstream_etl_dag.py                           1           0  0.80s           2026-06-29T10:40:33
================================================================================
[2026-06-29T10:41:26.874+0000] {manager.py:878} INFO - 
================================================================================
DAG File Processing Stats

File Path                                 PID    Runtime      # DAGs    # Errors  Last Runtime    Last Run
----------------------------------------  -----  ---------  --------  ----------  --------------  -------------------
/opt/airflow/dags/clickstream_etl_dag.py                           1           0  0.36s           2026-06-29T10:41:04
================================================================================
[2026-06-29T10:41:32.624+0000] {manager.py:737} INFO - Searching for files in /opt/airflow/dags
[2026-06-29T10:41:32.659+0000] {manager.py:740} INFO - There are 1 files in /opt/airflow/dags
[2026-06-29T10:41:56.747+0000] {manager.py:878} INFO - 
================================================================================
DAG File Processing Stats

File Path                                 PID    Runtime      # DAGs    # Errors  Last Runtime    Last Run
----------------------------------------  -----  ---------  --------  ----------  --------------  -------------------
/opt/airflow/dags/clickstream_etl_dag.py                           1           0  0.66s           2026-06-29T10:41:35
================================================================================
[2026-06-29T10:42:26.738+0000] {manager.py:878} INFO - 
================================================================================
DAG File Processing Stats

File Path                                 PID    Runtime      # DAGs    # Errors  Last Runtime    Last Run
----------------------------------------  -----  ---------  --------  ----------  --------------  -------------------
/opt/airflow/dags/clickstream_etl_dag.py                           1           0  0.42s           2026-06-29T10:42:06
================================================================================
[2026-06-29T10:42:56.350+0000] {manager.py:878} INFO - 
================================================================================
DAG File Processing Stats

File Path                                 PID    Runtime      # DAGs    # Errors  Last Runtime    Last Run
----------------------------------------  -----  ---------  --------  ----------  --------------  -------------------
/opt/airflow/dags/clickstream_etl_dag.py                           1           0  0.26s           2026-06-29T10:42:37
================================================================================
[2026-06-29T10:43:26.140+0000] {manager.py:878} INFO - 
================================================================================
DAG File Processing Stats

File Path                                 PID    Runtime      # DAGs    # Errors  Last Runtime    Last Run
----------------------------------------  -----  ---------  --------  ----------  --------------  -------------------
/opt/airflow/dags/clickstream_etl_dag.py                           1           0  0.27s           2026-06-29T10:43:07
================================================================================
[2026-06-29T10:43:55.604+0000] {manager.py:878} INFO - 
================================================================================
DAG File Processing Stats

File Path                                 PID    Runtime      # DAGs    # Errors  Last Runtime    Last Run
----------------------------------------  -----  ---------  --------  ----------  --------------  -------------------
/opt/airflow/dags/clickstream_etl_dag.py                           1           0  0.45s           2026-06-29T10:43:38
================================================================================
[2026-06-29T10:44:25.280+0000] {manager.py:878} INFO - 
================================================================================
DAG File Processing Stats

File Path                                 PID    Runtime      # DAGs    # Errors  Last Runtime    Last Run
----------------------------------------  -----  ---------  --------  ----------  --------------  -------------------
/opt/airflow/dags/clickstream_etl_dag.py                           1           0  -0.14s          2026-06-29T10:44:09
================================================================================
[2026-06-29T10:44:55.251+0000] {manager.py:878} INFO - 
================================================================================
DAG File Processing Stats

File Path                                 PID    Runtime      # DAGs    # Errors  Last Runtime    Last Run
----------------------------------------  -----  ---------  --------  ----------  --------------  -------------------
/opt/airflow/dags/clickstream_etl_dag.py                           1           0  0.63s           2026-06-29T10:44:40
================================================================================
[2026-06-29T10:45:24.998+0000] {manager.py:878} INFO - 
================================================================================
DAG File Processing Stats

File Path                                 PID    Runtime      # DAGs    # Errors  Last Runtime    Last Run
----------------------------------------  -----  ---------  --------  ----------  --------------  -------------------
/opt/airflow/dags/clickstream_etl_dag.py                           1           0  0.42s           2026-06-29T10:45:11
================================================================================
[2026-06-29T10:45:54.628+0000] {manager.py:878} INFO - 
================================================================================
DAG File Processing Stats

File Path                                 PID    Runtime      # DAGs    # Errors  Last Runtime    Last Run
----------------------------------------  -----  ---------  --------  ----------  --------------  -------------------
/opt/airflow/dags/clickstream_etl_dag.py                           1           0  1.10s           2026-06-29T10:45:42
================================================================================
[2026-06-29T10:46:24.405+0000] {manager.py:878} INFO - 
================================================================================
DAG File Processing Stats

File Path                                 PID    Runtime      # DAGs    # Errors  Last Runtime    Last Run
----------------------------------------  -----  ---------  --------  ----------  --------------  -------------------
/opt/airflow/dags/clickstream_etl_dag.py                           1           0  0.68s           2026-06-29T10:46:13
================================================================================
[2026-06-29T10:46:33.100+0000] {manager.py:737} INFO - Searching for files in /opt/airflow/dags
[2026-06-29T10:46:33.165+0000] {manager.py:740} INFO - There are 1 files in /opt/airflow/dags
[2026-06-29T10:46:54.013+0000] {manager.py:878} INFO - 
================================================================================
DAG File Processing Stats

File Path                                 PID    Runtime      # DAGs    # Errors  Last Runtime    Last Run
----------------------------------------  -----  ---------  --------  ----------  --------------  -------------------
/opt/airflow/dags/clickstream_etl_dag.py                           1           0  0.44s           2026-06-29T10:46:44
================================================================================
[2026-06-29T10:47:24.076+0000] {manager.py:878} INFO - 
================================================================================
DAG File Processing Stats

File Path                                 PID    Runtime      # DAGs    # Errors  Last Runtime    Last Run
----------------------------------------  -----  ---------  --------  ----------  --------------  -------------------
/opt/airflow/dags/clickstream_etl_dag.py                           1           0  1.60s           2026-06-29T10:47:16
================================================================================
[2026-06-29T10:47:54.514+0000] {manager.py:878} INFO - 
================================================================================
DAG File Processing Stats

File Path                                 PID    Runtime      # DAGs    # Errors  Last Runtime    Last Run
----------------------------------------  -----  ---------  --------  ----------  --------------  -------------------
/opt/airflow/dags/clickstream_etl_dag.py                           1           0  2.34s           2026-06-29T10:47:48
================================================================================
[2026-06-29T10:48:24.405+0000] {manager.py:878} INFO - 
================================================================================
DAG File Processing Stats

File Path                                 PID    Runtime      # DAGs    # Errors  Last Runtime    Last Run
----------------------------------------  -----  ---------  --------  ----------  --------------  -------------------
/opt/airflow/dags/clickstream_etl_dag.py                           1           0  0.30s           2026-06-29T10:48:19
================================================================================
[2026-06-29T10:48:53.997+0000] {manager.py:878} INFO - 
================================================================================
DAG File Processing Stats

File Path                                 PID    Runtime      # DAGs    # Errors  Last Runtime    Last Run
----------------------------------------  -----  ---------  --------  ----------  --------------  -------------------
/opt/airflow/dags/clickstream_etl_dag.py                           1           0  1.11s           2026-06-29T10:48:51
================================================================================
[2026-06-29T10:49:23.388+0000] {manager.py:878} INFO - 
================================================================================
DAG File Processing Stats

File Path                                 PID    Runtime      # DAGs    # Errors  Last Runtime    Last Run
----------------------------------------  -----  ---------  --------  ----------  --------------  -------------------
/opt/airflow/dags/clickstream_etl_dag.py                           1           0  0.70s           2026-06-29T10:49:22
================================================================================
[2026-06-29T10:49:52.947+0000] {manager.py:878} INFO - 
================================================================================
DAG File Processing Stats

File Path                                   PID  Runtime      # DAGs    # Errors  Last Runtime    Last Run
----------------------------------------  -----  ---------  --------  ----------  --------------  -------------------
/opt/airflow/dags/clickstream_etl_dag.py    520  0.01s             1           0  0.70s           2026-06-29T10:49:22
================================================================================
[2026-06-29T10:50:22.530+0000] {manager.py:878} INFO - 
================================================================================
DAG File Processing Stats

File Path                                 PID    Runtime      # DAGs    # Errors  Last Runtime    Last Run
----------------------------------------  -----  ---------  --------  ----------  --------------  -------------------
/opt/airflow/dags/clickstream_etl_dag.py                           1           0  0.34s           2026-06-29T10:49:53
================================================================================
[2026-06-29T10:50:52.077+0000] {manager.py:878} INFO - 
================================================================================
DAG File Processing Stats

File Path                                   PID  Runtime      # DAGs    # Errors  Last Runtime    Last Run
----------------------------------------  -----  ---------  --------  ----------  --------------  -------------------
/opt/airflow/dags/clickstream_etl_dag.py    545  26.03s            1           0  0.34s           2026-06-29T10:49:53
================================================================================
[2026-06-29T10:51:22.015+0000] {manager.py:878} INFO - 
================================================================================
DAG File Processing Stats

File Path                                 PID    Runtime      # DAGs    # Errors  Last Runtime    Last Run
----------------------------------------  -----  ---------  --------  ----------  --------------  -------------------
/opt/airflow/dags/clickstream_etl_dag.py                           1           0  27.71s          2026-06-29T10:50:53
================================================================================
[2026-06-29T10:51:37.541+0000] {manager.py:737} INFO - Searching for files in /opt/airflow/dags
[2026-06-29T10:51:40.819+0000] {manager.py:740} INFO - There are 1 files in /opt/airflow/dags
[2026-06-29T10:51:51.940+0000] {manager.py:878} INFO - 
================================================================================
DAG File Processing Stats

File Path                                   PID  Runtime      # DAGs    # Errors  Last Runtime    Last Run
----------------------------------------  -----  ---------  --------  ----------  --------------  -------------------
/opt/airflow/dags/clickstream_etl_dag.py    551  26.53s            1           0  27.71s          2026-06-29T10:50:53
================================================================================
[2026-06-29T10:52:17.062+0000] {manager.py:1203} ERROR - Processor for /opt/airflow/dags/clickstream_etl_dag.py with PID 551 started at 2026-06-29T10:51:25.391773+00:00 has timed out, killing it.
[2026-06-29T10:52:21.497+0000] {manager.py:878} INFO - 
================================================================================
DAG File Processing Stats

File Path                                 PID    Runtime      # DAGs    # Errors  Last Runtime    Last Run
----------------------------------------  -----  ---------  --------  ----------  --------------  -------------------
/opt/airflow/dags/clickstream_etl_dag.py                           0           1  51.62s          2026-06-29T10:52:17
================================================================================
[2026-06-29T10:52:51.447+0000] {manager.py:878} INFO - 
================================================================================
DAG File Processing Stats

File Path                                 PID    Runtime      # DAGs    # Errors  Last Runtime    Last Run
----------------------------------------  -----  ---------  --------  ----------  --------------  -------------------
/opt/airflow/dags/clickstream_etl_dag.py                           1           0  6.77s           2026-06-29T10:52:48
================================================================================
[2026-06-29T10:53:22.028+0000] {manager.py:878} INFO - 
================================================================================
DAG File Processing Stats

File Path                                   PID  Runtime      # DAGs    # Errors  Last Runtime    Last Run
----------------------------------------  -----  ---------  --------  ----------  --------------  -------------------
/opt/airflow/dags/clickstream_etl_dag.py    560  3.73s             1           0  6.77s           2026-06-29T10:52:48
================================================================================
[2026-06-29T10:53:52.120+0000] {manager.py:878} INFO - 
================================================================================
DAG File Processing Stats

File Path                                 PID    Runtime      # DAGs    # Errors  Last Runtime    Last Run
----------------------------------------  -----  ---------  --------  ----------  --------------  -------------------
/opt/airflow/dags/clickstream_etl_dag.py                           1           0  33.63s          2026-06-29T10:53:51
================================================================================
[2026-06-29T10:54:23.105+0000] {manager.py:878} INFO - 
================================================================================
DAG File Processing Stats

File Path                                   PID  Runtime      # DAGs    # Errors  Last Runtime    Last Run
----------------------------------------  -----  ---------  --------  ----------  --------------  -------------------
/opt/airflow/dags/clickstream_etl_dag.py    565  1.15s             1           0  33.63s          2026-06-29T10:53:51
================================================================================
[2026-06-29T10:55:01.058+0000] {manager.py:878} INFO - 
================================================================================
DAG File Processing Stats

File Path                                   PID  Runtime      # DAGs    # Errors  Last Runtime    Last Run
----------------------------------------  -----  ---------  --------  ----------  --------------  -------------------
/opt/airflow/dags/clickstream_etl_dag.py    565  32.75s            1           0  33.63s          2026-06-29T10:53:51
================================================================================
[2026-06-29T10:55:31.560+0000] {manager.py:1203} ERROR - Processor for /opt/airflow/dags/clickstream_etl_dag.py with PID 565 started at 2026-06-29T10:54:21.942043+00:00 has timed out, killing it.
[2026-06-29T10:55:34.752+0000] {manager.py:878} INFO - 
================================================================================
DAG File Processing Stats

File Path                                 PID    Runtime      # DAGs    # Errors  Last Runtime    Last Run
----------------------------------------  -----  ---------  --------  ----------  --------------  -------------------
/opt/airflow/dags/clickstream_etl_dag.py                           0           1  69.50s          2026-06-29T10:55:31
================================================================================
[2026-06-29T10:56:06.450+0000] {manager.py:878} INFO - 
================================================================================
DAG File Processing Stats

File Path                                   PID  Runtime      # DAGs    # Errors  Last Runtime    Last Run
----------------------------------------  -----  ---------  --------  ----------  --------------  -------------------
/opt/airflow/dags/clickstream_etl_dag.py    571  4.66s             0           1  69.50s          2026-06-29T10:55:31
================================================================================
[2026-06-29T10:56:49.781+0000] {manager.py:737} INFO - Searching for files in /opt/airflow/dags
[2026-06-29T10:56:49.836+0000] {manager.py:740} INFO - There are 1 files in /opt/airflow/dags
[2026-06-29T10:56:49.891+0000] {manager.py:878} INFO - 
================================================================================
DAG File Processing Stats

File Path                                 PID    Runtime      # DAGs    # Errors  Last Runtime    Last Run
----------------------------------------  -----  ---------  --------  ----------  --------------  -------------------
/opt/airflow/dags/clickstream_etl_dag.py                           1           0  1.80s           2026-06-29T10:56:21
================================================================================
[2026-06-29T10:57:20.287+0000] {manager.py:878} INFO - 
================================================================================
DAG File Processing Stats

File Path                                 PID    Runtime      # DAGs    # Errors  Last Runtime    Last Run
----------------------------------------  -----  ---------  --------  ----------  --------------  -------------------
/opt/airflow/dags/clickstream_etl_dag.py                           1           0  2.94s           2026-06-29T10:56:55
================================================================================
[2026-06-29T10:58:05.490+0000] {manager.py:878} INFO - 
================================================================================
DAG File Processing Stats

File Path                                   PID  Runtime      # DAGs    # Errors  Last Runtime    Last Run
----------------------------------------  -----  ---------  --------  ----------  --------------  -------------------
/opt/airflow/dags/clickstream_etl_dag.py    586  37.51s            1           0  2.94s           2026-06-29T10:56:55
================================================================================
[2026-06-29T10:58:23.072+0000] {manager.py:1203} ERROR - Processor for /opt/airflow/dags/clickstream_etl_dag.py with PID 586 started at 2026-06-29T10:57:25.652507+00:00 has timed out, killing it.
[2026-06-29T10:58:41.577+0000] {manager.py:878} INFO - 
================================================================================
DAG File Processing Stats

File Path                                 PID    Runtime      # DAGs    # Errors  Last Runtime    Last Run
----------------------------------------  -----  ---------  --------  ----------  --------------  -------------------
/opt/airflow/dags/clickstream_etl_dag.py                           0           1  56.15s          2026-06-29T10:58:21
================================================================================
[2026-06-29T10:59:12.738+0000] {manager.py:878} INFO - 
================================================================================
DAG File Processing Stats

File Path                                 PID    Runtime      # DAGs    # Errors  Last Runtime    Last Run
----------------------------------------  -----  ---------  --------  ----------  --------------  -------------------
/opt/airflow/dags/clickstream_etl_dag.py                           1           0  2.76s           2026-06-29T10:58:55
================================================================================
[2026-06-29T10:59:49.863+0000] {manager.py:878} INFO - 
================================================================================
DAG File Processing Stats

File Path                                   PID  Runtime      # DAGs    # Errors  Last Runtime    Last Run
----------------------------------------  -----  ---------  --------  ----------  --------------  -------------------
/opt/airflow/dags/clickstream_etl_dag.py    605  21.88s            1           0  2.76s           2026-06-29T10:58:55
================================================================================
[2026-06-29T11:00:18.622+0000] {manager.py:1203} ERROR - Processor for /opt/airflow/dags/clickstream_etl_dag.py with PID 605 started at 2026-06-29T10:59:26.920326+00:00 has timed out, killing it.
[2026-06-29T11:00:28.180+0000] {manager.py:878} INFO - 
================================================================================
DAG File Processing Stats

File Path                                 PID    Runtime      # DAGs    # Errors  Last Runtime    Last Run
----------------------------------------  -----  ---------  --------  ----------  --------------  -------------------
/opt/airflow/dags/clickstream_etl_dag.py                           0           1  51.38s          2026-06-29T11:00:18
================================================================================
[2026-06-29T11:01:02.110+0000] {manager.py:878} INFO - 
================================================================================
DAG File Processing Stats

File Path                                   PID  Runtime      # DAGs    # Errors  Last Runtime    Last Run
----------------------------------------  -----  ---------  --------  ----------  --------------  -------------------
/opt/airflow/dags/clickstream_etl_dag.py    610  12.84s            0           1  51.38s          2026-06-29T11:00:18
================================================================================
[2026-06-29T11:01:33.733+0000] {manager.py:878} INFO - 
================================================================================
DAG File Processing Stats

File Path                                 PID    Runtime      # DAGs    # Errors  Last Runtime    Last Run
----------------------------------------  -----  ---------  --------  ----------  --------------  -------------------
/opt/airflow/dags/clickstream_etl_dag.py                           1           0  26.57s          2026-06-29T11:01:15
================================================================================
[2026-06-29T11:01:59.693+0000] {manager.py:737} INFO - Searching for files in /opt/airflow/dags
[2026-06-29T11:02:02.585+0000] {manager.py:740} INFO - There are 1 files in /opt/airflow/dags
[2026-06-29T11:03:14.591+0000] {manager.py:878} INFO - 
================================================================================
DAG File Processing Stats

File Path                                   PID  Runtime      # DAGs    # Errors  Last Runtime    Last Run
----------------------------------------  -----  ---------  --------  ----------  --------------  -------------------
/opt/airflow/dags/clickstream_etl_dag.py    616  0.69s             1           0  26.57s          2026-06-29T11:01:15
================================================================================
[2026-06-29T11:03:57.357+0000] {manager.py:878} INFO - 
================================================================================
DAG File Processing Stats

File Path                                   PID  Runtime      # DAGs    # Errors  Last Runtime    Last Run
----------------------------------------  -----  ---------  --------  ----------  --------------  -------------------
/opt/airflow/dags/clickstream_etl_dag.py    616  43.64s            1           0  26.57s          2026-06-29T11:01:15
================================================================================
[2026-06-29T11:04:05.534+0000] {manager.py:1203} ERROR - Processor for /opt/airflow/dags/clickstream_etl_dag.py with PID 616 started at 2026-06-29T11:03:12.418833+00:00 has timed out, killing it.
[2026-06-29T11:04:29.051+0000] {manager.py:878} INFO - 
================================================================================
DAG File Processing Stats

File Path                                 PID    Runtime      # DAGs    # Errors  Last Runtime    Last Run
----------------------------------------  -----  ---------  --------  ----------  --------------  -------------------
/opt/airflow/dags/clickstream_etl_dag.py                           0           1  52.90s          2026-06-29T11:04:05
================================================================================
[2026-06-29T11:04:58.483+0000] {manager.py:878} INFO - 
================================================================================
DAG File Processing Stats

File Path                                   PID  Runtime      # DAGs    # Errors  Last Runtime    Last Run
----------------------------------------  -----  ---------  --------  ----------  --------------  -------------------
/opt/airflow/dags/clickstream_etl_dag.py    624  4.29s             1           0  9.98s           2026-06-29T11:04:45
================================================================================
[2026-06-29T11:05:43.169+0000] {manager.py:878} INFO - 
================================================================================
DAG File Processing Stats

File Path                                   PID  Runtime      # DAGs    # Errors  Last Runtime    Last Run
----------------------------------------  -----  ---------  --------  ----------  --------------  -------------------
/opt/airflow/dags/clickstream_etl_dag.py    624  42.90s            1           0  9.98s           2026-06-29T11:04:45
================================================================================
[2026-06-29T11:06:19.702+0000] {manager.py:1203} ERROR - Processor for /opt/airflow/dags/clickstream_etl_dag.py with PID 624 started at 2026-06-29T11:04:54.149555+00:00 has timed out, killing it.
[2026-06-29T11:06:28.530+0000] {manager.py:878} INFO - 
================================================================================
DAG File Processing Stats

File Path                                 PID    Runtime      # DAGs    # Errors  Last Runtime    Last Run
----------------------------------------  -----  ---------  --------  ----------  --------------  -------------------
/opt/airflow/dags/clickstream_etl_dag.py                           0           1  84.39s          2026-06-29T11:06:18
================================================================================
[2026-06-29T11:07:28.437+0000] {manager.py:737} INFO - Searching for files in /opt/airflow/dags
[2026-06-29T11:07:35.475+0000] {manager.py:740} INFO - There are 1 files in /opt/airflow/dags
[2026-06-29T11:08:01.134+0000] {manager.py:1203} ERROR - Processor for /opt/airflow/dags/clickstream_etl_dag.py with PID 627 started at 2026-06-29T11:06:49.811307+00:00 has timed out, killing it.
[2026-06-29T11:08:01.203+0000] {manager.py:878} INFO - 
================================================================================
DAG File Processing Stats

File Path                                 PID    Runtime      # DAGs    # Errors  Last Runtime    Last Run
----------------------------------------  -----  ---------  --------  ----------  --------------  -------------------
/opt/airflow/dags/clickstream_etl_dag.py                           0           1  71.32s          2026-06-29T11:08:01
================================================================================
[2026-06-29T11:08:31.584+0000] {manager.py:878} INFO - 
================================================================================
DAG File Processing Stats

File Path                                 PID    Runtime      # DAGs    # Errors  Last Runtime    Last Run
----------------------------------------  -----  ---------  --------  ----------  --------------  -------------------
/opt/airflow/dags/clickstream_etl_dag.py                           1           0  4.89s           2026-06-29T11:08:06
================================================================================
[2026-06-29T11:09:01.500+0000] {manager.py:878} INFO - 
================================================================================
DAG File Processing Stats

File Path                                 PID    Runtime      # DAGs    # Errors  Last Runtime    Last Run
----------------------------------------  -----  ---------  --------  ----------  --------------  -------------------
/opt/airflow/dags/clickstream_etl_dag.py                           1           0  3.95s           2026-06-29T11:08:41
================================================================================
[2026-06-29T11:09:31.211+0000] {manager.py:878} INFO - 
================================================================================
DAG File Processing Stats

File Path                                 PID    Runtime      # DAGs    # Errors  Last Runtime    Last Run
----------------------------------------  -----  ---------  --------  ----------  --------------  -------------------
/opt/airflow/dags/clickstream_etl_dag.py                           1           0  3.33s           2026-06-29T11:09:14
================================================================================
[2026-06-29T11:10:01.511+0000] {manager.py:878} INFO - 
================================================================================
DAG File Processing Stats

File Path                                   PID  Runtime      # DAGs    # Errors  Last Runtime    Last Run
----------------------------------------  -----  ---------  --------  ----------  --------------  -------------------
/opt/airflow/dags/clickstream_etl_dag.py    645  16.48s            1           0  3.33s           2026-06-29T11:09:14
================================================================================
[2026-06-29T11:10:17.603+0000] {manager.py:1016} ERROR - Processor for /opt/airflow/dags/clickstream_etl_dag.py exited with return code 1.
[2026-06-29T11:10:57.567+0000] {manager.py:878} INFO - 
================================================================================
DAG File Processing Stats

File Path                                   PID  Runtime      # DAGs    # Errors  Last Runtime    Last Run
----------------------------------------  -----  ---------  --------  ----------  --------------  -------------------
/opt/airflow/dags/clickstream_etl_dag.py    653  0.10s             0          -1  32.56s          2026-06-29T11:10:17
================================================================================
[2026-06-29T11:11:28.122+0000] {manager.py:878} INFO - 
================================================================================
DAG File Processing Stats

File Path                                 PID    Runtime      # DAGs    # Errors  Last Runtime    Last Run
----------------------------------------  -----  ---------  --------  ----------  --------------  -------------------
/opt/airflow/dags/clickstream_etl_dag.py                           1           0  8.05s           2026-06-29T11:11:05
================================================================================
[2026-06-29T11:11:57.591+0000] {manager.py:878} INFO - 
================================================================================
DAG File Processing Stats

File Path                                 PID    Runtime      # DAGs    # Errors  Last Runtime    Last Run
----------------------------------------  -----  ---------  --------  ----------  --------------  -------------------
/opt/airflow/dags/clickstream_etl_dag.py                           1           0  1.43s           2026-06-29T11:11:37
================================================================================
[2026-06-29T11:12:27.629+0000] {manager.py:878} INFO - 
================================================================================
DAG File Processing Stats

File Path                                 PID    Runtime      # DAGs    # Errors  Last Runtime    Last Run
----------------------------------------  -----  ---------  --------  ----------  --------------  -------------------
/opt/airflow/dags/clickstream_etl_dag.py                           1           0  2.47s           2026-06-29T11:12:10
================================================================================
[2026-06-29T11:12:28.711+0000] {manager.py:737} INFO - Searching for files in /opt/airflow/dags
[2026-06-29T11:12:28.786+0000] {manager.py:740} INFO - There are 1 files in /opt/airflow/dags
[2026-06-29T11:12:57.041+0000] {manager.py:878} INFO - 
================================================================================
DAG File Processing Stats

File Path                                 PID    Runtime      # DAGs    # Errors  Last Runtime    Last Run
----------------------------------------  -----  ---------  --------  ----------  --------------  -------------------
/opt/airflow/dags/clickstream_etl_dag.py                           1           0  0.88s           2026-06-29T11:12:41
================================================================================
[2026-06-29T11:13:26.582+0000] {manager.py:878} INFO - 
================================================================================
DAG File Processing Stats

File Path                                 PID    Runtime      # DAGs    # Errors  Last Runtime    Last Run
----------------------------------------  -----  ---------  --------  ----------  --------------  -------------------
/opt/airflow/dags/clickstream_etl_dag.py                           1           0  1.46s           2026-06-29T11:13:13
================================================================================
[2026-06-29T11:13:56.232+0000] {manager.py:878} INFO - 
================================================================================
DAG File Processing Stats

File Path                                   PID  Runtime      # DAGs    # Errors  Last Runtime    Last Run
----------------------------------------  -----  ---------  --------  ----------  --------------  -------------------
/opt/airflow/dags/clickstream_etl_dag.py    678  11.91s            1           0  1.46s           2026-06-29T11:13:13
================================================================================
[2026-06-29T11:14:19.921+0000] {manager.py:1016} ERROR - Processor for /opt/airflow/dags/clickstream_etl_dag.py exited with return code 1.
[2026-06-29T11:14:25.872+0000] {manager.py:878} INFO - 
================================================================================
DAG File Processing Stats

File Path                                 PID    Runtime      # DAGs    # Errors  Last Runtime    Last Run
----------------------------------------  -----  ---------  --------  ----------  --------------  -------------------
/opt/airflow/dags/clickstream_etl_dag.py                           0          -1  35.61s          2026-06-29T11:14:19
================================================================================
[2026-06-29T11:14:55.684+0000] {manager.py:878} INFO - 
================================================================================
DAG File Processing Stats

File Path                                   PID  Runtime      # DAGs    # Errors  Last Runtime    Last Run
----------------------------------------  -----  ---------  --------  ----------  --------------  -------------------
/opt/airflow/dags/clickstream_etl_dag.py    683  5.57s             0          -1  35.61s          2026-06-29T11:14:19
================================================================================
[2026-06-29T11:15:31.049+0000] {manager.py:878} INFO - 
================================================================================
DAG File Processing Stats

File Path                                   PID  Runtime      # DAGs    # Errors  Last Runtime    Last Run
----------------------------------------  -----  ---------  --------  ----------  --------------  -------------------
/opt/airflow/dags/clickstream_etl_dag.py    683  40.85s            0          -1  35.61s          2026-06-29T11:14:19
================================================================================
[2026-06-29T11:16:02.185+0000] {manager.py:878} INFO - 
================================================================================
DAG File Processing Stats

File Path                                 PID    Runtime      # DAGs    # Errors  Last Runtime    Last Run
----------------------------------------  -----  ---------  --------  ----------  --------------  -------------------
/opt/airflow/dags/clickstream_etl_dag.py                           1           0  42.14s          2026-06-29T11:15:32
================================================================================
[2026-06-29T11:16:31.679+0000] {manager.py:878} INFO - 
================================================================================
DAG File Processing Stats

File Path                                 PID    Runtime      # DAGs    # Errors  Last Runtime    Last Run
----------------------------------------  -----  ---------  --------  ----------  --------------  -------------------
/opt/airflow/dags/clickstream_etl_dag.py                           1           0  1.99s           2026-06-29T11:16:05
================================================================================
