[2026-06-29T10:26:54.536+0000] {local_task_job_runner.py:120} INFO - ::group::Pre task execution logs
[2026-06-29T10:26:54.629+0000] {taskinstance.py:2076} INFO - Dependencies all met for dep_context=non-requeueable deps ti=<TaskInstance: clickstream_etl_pipeline.verify_postgres_data scheduled__2026-06-29T10:10:00+00:00 [queued]>
[2026-06-29T10:26:54.648+0000] {taskinstance.py:2076} INFO - Dependencies all met for dep_context=requeueable deps ti=<TaskInstance: clickstream_etl_pipeline.verify_postgres_data scheduled__2026-06-29T10:10:00+00:00 [queued]>
[2026-06-29T10:26:54.650+0000] {taskinstance.py:2306} INFO - Starting attempt 1 of 3
[2026-06-29T10:26:54.672+0000] {taskinstance.py:2330} INFO - Executing <Task(PythonOperator): verify_postgres_data> on 2026-06-29 10:10:00+00:00
[2026-06-29T10:26:54.687+0000] {standard_task_runner.py:90} INFO - Running: ['airflow', 'tasks', 'run', 'clickstream_etl_pipeline', 'verify_postgres_data', 'scheduled__2026-06-29T10:10:00+00:00', '--job-id', '6', '--raw', '--subdir', 'DAGS_FOLDER/clickstream_etl_dag.py', '--cfg-path', '/tmp/tmp92ueb6ve']
[2026-06-29T10:26:54.693+0000] {standard_task_runner.py:91} INFO - Job 6: Subtask verify_postgres_data
[2026-06-29T10:26:54.699+0000] {logging_mixin.py:188} WARNING - /home/airflow/.local/lib/python3.12/site-packages/airflow/task/task_runner/standard_task_runner.py:61 DeprecationWarning: This process (pid=198) is multi-threaded, use of fork() may lead to deadlocks in the child.
[2026-06-29T10:26:54.700+0000] {standard_task_runner.py:63} INFO - Started process 199 to run task
[2026-06-29T10:26:54.793+0000] {task_command.py:426} INFO - Running <TaskInstance: clickstream_etl_pipeline.verify_postgres_data scheduled__2026-06-29T10:10:00+00:00 [running]> on host fa8ae8f32dcf
[2026-06-29T10:26:54.952+0000] {taskinstance.py:2648} INFO - Exporting env vars: AIRFLOW_CTX_DAG_OWNER='nabha' AIRFLOW_CTX_DAG_ID='clickstream_etl_pipeline' AIRFLOW_CTX_TASK_ID='verify_postgres_data' AIRFLOW_CTX_EXECUTION_DATE='2026-06-29T10:10:00+00:00' AIRFLOW_CTX_TRY_NUMBER='1' AIRFLOW_CTX_DAG_RUN_ID='scheduled__2026-06-29T10:10:00+00:00'
[2026-06-29T10:26:54.954+0000] {taskinstance.py:430} INFO - ::endgroup::
[2026-06-29T10:26:54.984+0000] {taskinstance.py:441} INFO - ::group::Post task execution logs
[2026-06-29T10:26:54.986+0000] {taskinstance.py:2905} ERROR - Task failed with exception
Traceback (most recent call last):
  File "/home/airflow/.local/lib/python3.12/site-packages/airflow/models/taskinstance.py", line 465, in _execute_task
    result = _execute_callable(context=context, **execute_callable_kwargs)
             ^^^^^^^^^^^^^^^^^^^^^^^^^^^^^^^^^^^^^^^^^^^^^^^^^^^^^^^^^^^^^
  File "/home/airflow/.local/lib/python3.12/site-packages/airflow/models/taskinstance.py", line 432, in _execute_callable
    return execute_callable(context=context, **execute_callable_kwargs)
           ^^^^^^^^^^^^^^^^^^^^^^^^^^^^^^^^^^^^^^^^^^^^^^^^^^^^^^^^^^^^
  File "/home/airflow/.local/lib/python3.12/site-packages/airflow/models/baseoperator.py", line 400, in wrapper
    return func(self, *args, **kwargs)
           ^^^^^^^^^^^^^^^^^^^^^^^^^^^
  File "/home/airflow/.local/lib/python3.12/site-packages/airflow/operators/python.py", line 235, in execute
    return_value = self.execute_callable()
                   ^^^^^^^^^^^^^^^^^^^^^^^
  File "/home/airflow/.local/lib/python3.12/site-packages/airflow/operators/python.py", line 252, in execute_callable
    return self.python_callable(*self.op_args, **self.op_kwargs)
           ^^^^^^^^^^^^^^^^^^^^^^^^^^^^^^^^^^^^^^^^^^^^^^^^^^^^^
  File "/opt/airflow/dags/clickstream_etl_dag.py", line 87, in verify_postgres_data
    cur.execute("SELECT COUNT(*) FROM clickstream_events;")
psycopg2.errors.UndefinedTable: relation "clickstream_events" does not exist
LINE 1: SELECT COUNT(*) FROM clickstream_events;
                             ^

[2026-06-29T10:26:55.019+0000] {taskinstance.py:1206} INFO - Marking task as UP_FOR_RETRY. dag_id=clickstream_etl_pipeline, task_id=verify_postgres_data, run_id=scheduled__2026-06-29T10:10:00+00:00, execution_date=20260629T101000, start_date=20260629T102654, end_date=20260629T102655
[2026-06-29T10:26:55.045+0000] {standard_task_runner.py:110} ERROR - Failed to execute job 6 for task verify_postgres_data (relation "clickstream_events" does not exist
LINE 1: SELECT COUNT(*) FROM clickstream_events;
                             ^
; 199)
[2026-06-29T10:26:55.078+0000] {local_task_job_runner.py:240} INFO - Task exited with return code 1
[2026-06-29T10:26:55.124+0000] {taskinstance.py:3498} INFO - 0 downstream tasks scheduled from follow-on schedule check
[2026-06-29T10:26:55.126+0000] {local_task_job_runner.py:222} INFO - ::endgroup::
