[2026-06-29T10:30:59.490+0000] {local_task_job_runner.py:120} INFO - ::group::Pre task execution logs
[2026-06-29T10:30:59.598+0000] {taskinstance.py:2076} INFO - Dependencies all met for dep_context=non-requeueable deps ti=<TaskInstance: clickstream_etl_pipeline.verify_postgres_data scheduled__2026-06-29T10:10:00+00:00 [queued]>
[2026-06-29T10:30:59.628+0000] {taskinstance.py:2076} INFO - Dependencies all met for dep_context=requeueable deps ti=<TaskInstance: clickstream_etl_pipeline.verify_postgres_data scheduled__2026-06-29T10:10:00+00:00 [queued]>
[2026-06-29T10:30:59.629+0000] {taskinstance.py:2306} INFO - Starting attempt 3 of 3
[2026-06-29T10:30:59.664+0000] {taskinstance.py:2330} INFO - Executing <Task(PythonOperator): verify_postgres_data> on 2026-06-29 10:10:00+00:00
[2026-06-29T10:30:59.747+0000] {logging_mixin.py:188} WARNING - /home/airflow/.local/lib/python3.12/site-packages/airflow/task/task_runner/standard_task_runner.py:61 DeprecationWarning: This process (pid=262) is multi-threaded, use of fork() may lead to deadlocks in the child.
[2026-06-29T10:30:59.723+0000] {standard_task_runner.py:90} INFO - Running: ['airflow', 'tasks', 'run', 'clickstream_etl_pipeline', 'verify_postgres_data', 'scheduled__2026-06-29T10:10:00+00:00', '--job-id', '12', '--raw', '--subdir', 'DAGS_FOLDER/clickstream_etl_dag.py', '--cfg-path', '/tmp/tmp3llorga7']
[2026-06-29T10:30:59.751+0000] {standard_task_runner.py:63} INFO - Started process 263 to run task
[2026-06-29T10:30:59.751+0000] {standard_task_runner.py:91} INFO - Job 12: Subtask verify_postgres_data
[2026-06-29T10:31:00.033+0000] {task_command.py:426} INFO - Running <TaskInstance: clickstream_etl_pipeline.verify_postgres_data scheduled__2026-06-29T10:10:00+00:00 [running]> on host fa8ae8f32dcf
[2026-06-29T10:31:00.326+0000] {taskinstance.py:2648} INFO - Exporting env vars: AIRFLOW_CTX_DAG_OWNER='nabha' AIRFLOW_CTX_DAG_ID='clickstream_etl_pipeline' AIRFLOW_CTX_TASK_ID='verify_postgres_data' AIRFLOW_CTX_EXECUTION_DATE='2026-06-29T10:10:00+00:00' AIRFLOW_CTX_TRY_NUMBER='3' AIRFLOW_CTX_DAG_RUN_ID='scheduled__2026-06-29T10:10:00+00:00'
[2026-06-29T10:31:00.330+0000] {taskinstance.py:430} INFO - ::endgroup::
[2026-06-29T10:31:00.370+0000] {logging_mixin.py:188} INFO - 📊 Total rows: 149
[2026-06-29T10:31:00.371+0000] {logging_mixin.py:188} INFO - ✅ Data verified
[2026-06-29T10:31:00.372+0000] {python.py:237} INFO - Done. Returned value was: None
[2026-06-29T10:31:00.374+0000] {taskinstance.py:441} INFO - ::group::Post task execution logs
[2026-06-29T10:31:00.431+0000] {taskinstance.py:1206} INFO - Marking task as SUCCESS. dag_id=clickstream_etl_pipeline, task_id=verify_postgres_data, run_id=scheduled__2026-06-29T10:10:00+00:00, execution_date=20260629T101000, start_date=20260629T103059, end_date=20260629T103100
[2026-06-29T10:31:00.539+0000] {local_task_job_runner.py:240} INFO - Task exited with return code 0
[2026-06-29T10:31:00.656+0000] {taskinstance.py:3498} INFO - 0 downstream tasks scheduled from follow-on schedule check
[2026-06-29T10:31:00.662+0000] {local_task_job_runner.py:222} INFO - ::endgroup::
